#
# A fatal error has been detected by the Java Runtime Environment:
#
#  SIGSEGV (0xb) at pc=0x00007fef9defda53, pid=2935, tid=2935
#
# JRE version: OpenJDK Runtime Environment (11.0.6+10) (build 11.0.6+10-post-Ubuntu-1ubuntu118.04.1)
# Java VM: OpenJDK 64-Bit Server VM (11.0.6+10-post-Ubuntu-1ubuntu118.04.1, mixed mode, sharing, tiered, compressed oops, g1 gc, linux-amd64)
# Problematic frame:
# V  [libjvm.so+0x8bda53]
#
# Core dump will be written. Default location: core.2935 (may not exist)
#
# If you would like to submit a bug report, please visit:
#   https://bugs.launchpad.net/ubuntu/+source/openjdk-lts
#

---------------  S U M M A R Y ------------

Command Line: 

Host: Intel(R) Core(TM) i5-4690 CPU @ 3.50GHz, 4 cores, 15G, Ubuntu 18.04.2 LTS
Time: Wed Mar 11 15:35:37 2020 KST elapsed time: 6 seconds (0d 0h 0m 6s)

---------------  T H R E A D  ---------------

Current thread is native thread

Stack: [0x00007ffffee30000,0x00007ffffef30000],  sp=0x00007ffffef2ddc0,  free space=1015k
Native frames: (J=compiled Java code, A=aot compiled Java code, j=interpreted, Vv=VM code, C=native code)
V  [libjvm.so+0x8bda53]
V  [libjvm.so+0x8c03b3]


siginfo: si_signo: 11 (SIGSEGV), si_code: 1 (SEGV_MAPERR), si_addr: 0x00000000000003b8

Register to memory mapping:

RAX=
[error occurred during error reporting (printing register info), id 0xb, SIGSEGV (0xb) at pc=0x00007fef9e3c8a37]

Registers:
RAX=0x00007fef9e9db773, RBX=0x0000000000000000, RCX=0x00007fef9ea773b0, RDX=0x00000000018d3010
RSP=0x00007ffffef2ddc0, RBP=0x00007ffffef2ddd0, RSI=0x0000000001ab2d00, RDI=0x0000000000000000
R8 =0x0000000001a541c0, R9 =0x0000000000000003, R10=0x0000000000000000, R11=0x00000000019b1ef8
R12=0x00007fef9ea773b0, R13=0x0000000001993e80, R14=0x0000000002041410, R15=0x00007fef9ea773c0
RIP=0x00007fef9defda53, EFLAGS=0x0000000000010206, CSGSFS=0x00000053002b0033, ERR=0x0000000000000000
  TRAPNO=0x0000000000000000

Top of Stack: (sp=0x00007ffffef2ddc0)
0x00007ffffef2ddc0:   00007fef9ea773b0 0000000001ab2d00
0x00007ffffef2ddd0:   00007ffffef2de00 00007fef9df003b3
0x00007ffffef2dde0:   000000000000002b 0000000000000000
0x00007ffffef2ddf0:   0000000001993e80 00007ffffef2de50 

Instructions: (pc=0x00007fef9defda53)
0x00007fef9defd953:   05 00 00 4c 89 ff 48 8b 88 a0 04 00 00 e8 ab ce
0x00007fef9defd963:   e4 ff 4d 85 f6 0f 85 bf fe ff ff 45 31 ed e9 22
0x00007fef9defd973:   fe ff ff 66 2e 0f 1f 84 00 00 00 00 00 4c 89 f2
0x00007fef9defd983:   48 89 de 4c 89 cf e8 b2 f4 f5 ff 48 89 c2 e9 bb
0x00007fef9defd993:   fe ff ff 66 2e 0f 1f 84 00 00 00 00 00 41 c7 47
0x00007fef9defd9a3:   04 01 00 00 00 e9 f3 fe ff ff 0f 1f 00 83 c1 01
0x00007fef9defd9b3:   be 08 00 00 00 39 f9 0f 8c 08 ff ff ff e9 2c ff
0x00007fef9defd9c3:   ff ff 0f 1f 00 83 c1 01 be 08 00 00 00 39 f9 0f
0x00007fef9defd9d3:   8c 31 ff ff ff e9 42 ff ff ff 0f 1f 00 48 8d 05
0x00007fef9defd9e3:   79 ec b5 00 48 8d 35 ea a2 5f 00 4d 89 e8 ba 39
0x00007fef9defd9f3:   05 00 00 4c 89 ff 45 31 ed 48 8b 88 a0 04 00 00
0x00007fef9defda03:   e8 08 ce e4 ff e9 83 fd ff ff 0f 1f 00 49 8b 77
0x00007fef9defda13:   18 48 85 f6 0f 84 0d ff ff ff 4c 89 ff 48 89 45
0x00007fef9defda23:   b0 48 89 55 b8 e8 03 6f f1 ff 48 8b 45 b0 48 8b
0x00007fef9defda33:   55 b8 e9 f0 fe ff ff 66 0f 1f 44 00 00 55 48 89
0x00007fef9defda43:   e5 53 48 89 fb 48 83 ec 08 48 8d 05 20 dd ad 00
0x00007fef9defda53:   c7 87 b8 03 00 00 05 00 00 00 80 38 00 75 0c 48
0x00007fef9defda63:   8d 05 63 9c b3 00 83 38 01 74 2c 48 8d 05 fd dc
0x00007fef9defda73:   ad 00 80 38 00 75 66 48 8d 15 4f 9c b3 00 48 89
0x00007fef9defda83:   d8 48 c1 e8 04 23 02 48 8d 15 47 9c b3 00 48 03
0x00007fef9defda93:   02 c7 00 01 00 00 00 48 8d 05 bf 02 b4 00 83 38
0x00007fef9defdaa3:   01 74 4b 48 8d 05 ef 01 b4 00 8b 00 85 c0 0f 95
0x00007fef9defdab3:   c0 84 c0 75 0d 8b 83 d8 00 00 00 a9 00 00 00 30
0x00007fef9defdac3:   74 08 48 89 df e8 53 ce 4b 00 c7 83 b8 03 00 00
0x00007fef9defdad3:   06 00 00 00 48 83 c4 08 5b 5d c3 66 90 f0 83 04
0x00007fef9defdae3:   24 00 48 8d 05 74 02 b4 00 83 38 01 75 b5 48 8b
0x00007fef9defdaf3:   03 48 8d 15 45 43 bc ff 48 8b 40 28 48 39 d0 75
0x00007fef9defdb03:   14 48 8b 83 08 01 00 00 48 c1 e8 03 83 e0 01 eb
0x00007fef9defdb13:   a0 0f 1f 40 00 48 89 df ff d0 84 c0 74 85 eb e1
0x00007fef9defdb23:   0f 1f 00 66 2e 0f 1f 84 00 00 00 00 00 55 48 89
0x00007fef9defdb33:   e5 53 48 83 ec 18 66 48 8d 3d 77 74 ad 00 66 66
0x00007fef9defdb43:   48 e8 47 eb 9a ff 31 d2 48 8b 18 48 85 db 74 40 


Stack slot to memory mapping:
stack at sp + 0 slots: 
[error occurred during error reporting (inspecting top of stack), id 0xb, SIGSEGV (0xb) at pc=0x00007fef9e3c8a37]


---------------  P R O C E S S  ---------------

VM state:not at safepoint (normal execution)

VM Mutex/Monitor currently owned by a thread: None

Heap address: 0x0000000700c00000, size: 4084 MB, Compressed Oops mode: Zero based, Oop shift amount: 3
Narrow klass base: 0x0000000800000000, Narrow klass shift: 3
Compressed class space size: 1073741824 Address: 0x0000000840000000

Heap:
 garbage-first heap   total 264192K, used 36334K [0x0000000700c00000, 0x0000000800000000)
  region size 1024K, 13 young (13312K), 2 survivors (2048K)
 Metaspace       used 6279K, capacity 7363K, committed 7552K, reserved 1056768K
  class space    used 692K, capacity 794K, committed 896K, reserved 1048576K
Heap Regions: E=young(eden), S=young(survivor), O=old, HS=humongous(starts), HC=humongous(continues), CS=collection set, F=free, A=archive, TAMS=top-at-mark-start (previous, next)
|   0|0x0000000700c00000, 0x0000000700d00000, 0x0000000700d00000|100%|HS|  |TAMS 0x0000000700c00000, 0x0000000700c00000| Complete 
|   1|0x0000000700d00000, 0x0000000700e00000, 0x0000000700e00000|100%|HC|  |TAMS 0x0000000700d00000, 0x0000000700d00000| Complete 
|   2|0x0000000700e00000, 0x0000000700f00000, 0x0000000700f00000|100%| O|  |TAMS 0x0000000700e00000, 0x0000000700e00000| Untracked 
|   3|0x0000000700f00000, 0x0000000701000000, 0x0000000701000000|100%| O|  |TAMS 0x0000000700f00000, 0x0000000700f00000| Untracked 
|   4|0x0000000701000000, 0x0000000701100000, 0x0000000701100000|100%| O|  |TAMS 0x0000000701000000, 0x0000000701000000| Untracked 
|   5|0x0000000701100000, 0x0000000701200000, 0x0000000701200000|100%| O|  |TAMS 0x0000000701100000, 0x0000000701100000| Untracked 
|   6|0x0000000701200000, 0x0000000701300000, 0x0000000701300000|100%| O|  |TAMS 0x0000000701200000, 0x0000000701200000| Untracked 
|   7|0x0000000701300000, 0x0000000701400000, 0x0000000701400000|100%| O|  |TAMS 0x0000000701300000, 0x0000000701300000| Untracked 
|   8|0x0000000701400000, 0x0000000701500000, 0x0000000701500000|100%| O|  |TAMS 0x0000000701400000, 0x0000000701400000| Untracked 
|   9|0x0000000701500000, 0x0000000701600000, 0x0000000701600000|100%| O|  |TAMS 0x0000000701500000, 0x0000000701500000| Untracked 
|  10|0x0000000701600000, 0x0000000701700000, 0x0000000701700000|100%| O|  |TAMS 0x0000000701600000, 0x0000000701600000| Untracked 
|  11|0x0000000701700000, 0x0000000701800000, 0x0000000701800000|100%| O|  |TAMS 0x0000000701700000, 0x0000000701700000| Untracked 
|  12|0x0000000701800000, 0x0000000701900000, 0x0000000701900000|100%| O|  |TAMS 0x0000000701800000, 0x0000000701800000| Untracked 
|  13|0x0000000701900000, 0x0000000701a00000, 0x0000000701a00000|100%| O|  |TAMS 0x0000000701900000, 0x0000000701900000| Untracked 
|  14|0x0000000701a00000, 0x0000000701b00000, 0x0000000701b00000|100%| O|  |TAMS 0x0000000701a00000, 0x0000000701a00000| Untracked 
|  15|0x0000000701b00000, 0x0000000701c00000, 0x0000000701c00000|100%| O|  |TAMS 0x0000000701b00000, 0x0000000701b00000| Untracked 
|  16|0x0000000701c00000, 0x0000000701d00000, 0x0000000701d00000|100%| O|  |TAMS 0x0000000701c00000, 0x0000000701c00000| Untracked 
|  17|0x0000000701d00000, 0x0000000701e00000, 0x0000000701e00000|100%| O|  |TAMS 0x0000000701d00000, 0x0000000701d00000| Untracked 
|  18|0x0000000701e00000, 0x0000000701f00000, 0x0000000701f00000|100%| O|  |TAMS 0x0000000701e00000, 0x0000000701e00000| Untracked 
|  19|0x0000000701f00000, 0x0000000702000000, 0x0000000702000000|100%| O|  |TAMS 0x0000000701f00000, 0x0000000701f00000| Untracked 
|  20|0x0000000702000000, 0x0000000702100000, 0x0000000702100000|100%| O|  |TAMS 0x0000000702000000, 0x0000000702000000| Untracked 
|  21|0x0000000702100000, 0x0000000702200000, 0x0000000702200000|100%| O|  |TAMS 0x0000000702100000, 0x0000000702100000| Untracked 
|  22|0x0000000702200000, 0x00000007022ca800, 0x0000000702300000| 79%| O|  |TAMS 0x0000000702200000, 0x0000000702200000| Untracked 
|  23|0x0000000702300000, 0x0000000702300000, 0x0000000702400000|  0%| F|  |TAMS 0x0000000702300000, 0x0000000702300000| Untracked 
|  24|0x0000000702400000, 0x0000000702400000, 0x0000000702500000|  0%| F|  |TAMS 0x0000000702400000, 0x0000000702400000| Untracked 
|  25|0x0000000702500000, 0x0000000702500000, 0x0000000702600000|  0%| F|  |TAMS 0x0000000702500000, 0x0000000702500000| Untracked 
|  26|0x0000000702600000, 0x0000000702600000, 0x0000000702700000|  0%| F|  |TAMS 0x0000000702600000, 0x0000000702600000| Untracked 
|  27|0x0000000702700000, 0x0000000702700000, 0x0000000702800000|  0%| F|  |TAMS 0x0000000702700000, 0x0000000702700000| Untracked 
|  28|0x0000000702800000, 0x0000000702800000, 0x0000000702900000|  0%| F|  |TAMS 0x0000000702800000, 0x0000000702800000| Untracked 
|  29|0x0000000702900000, 0x0000000702900000, 0x0000000702a00000|  0%| F|  |TAMS 0x0000000702900000, 0x0000000702900000| Untracked 
|  30|0x0000000702a00000, 0x0000000702a00000, 0x0000000702b00000|  0%| F|  |TAMS 0x0000000702a00000, 0x0000000702a00000| Untracked 
|  31|0x0000000702b00000, 0x0000000702b00000, 0x0000000702c00000|  0%| F|  |TAMS 0x0000000702b00000, 0x0000000702b00000| Untracked 
|  32|0x0000000702c00000, 0x0000000702c00000, 0x0000000702d00000|  0%| F|  |TAMS 0x0000000702c00000, 0x0000000702c00000| Untracked 
|  33|0x0000000702d00000, 0x0000000702d00000, 0x0000000702e00000|  0%| F|  |TAMS 0x0000000702d00000, 0x0000000702d00000| Untracked 
|  34|0x0000000702e00000, 0x0000000702e00000, 0x0000000702f00000|  0%| F|  |TAMS 0x0000000702e00000, 0x0000000702e00000| Untracked 
|  35|0x0000000702f00000, 0x0000000702f00000, 0x0000000703000000|  0%| F|  |TAMS 0x0000000702f00000, 0x0000000702f00000| Untracked 
|  36|0x0000000703000000, 0x0000000703000000, 0x0000000703100000|  0%| F|  |TAMS 0x0000000703000000, 0x0000000703000000| Untracked 
|  37|0x0000000703100000, 0x0000000703100000, 0x0000000703200000|  0%| F|  |TAMS 0x0000000703100000, 0x0000000703100000| Untracked 
|  38|0x0000000703200000, 0x0000000703200000, 0x0000000703300000|  0%| F|  |TAMS 0x0000000703200000, 0x0000000703200000| Untracked 
|  39|0x0000000703300000, 0x0000000703300000, 0x0000000703400000|  0%| F|  |TAMS 0x0000000703300000, 0x0000000703300000| Untracked 
|  40|0x0000000703400000, 0x0000000703400000, 0x0000000703500000|  0%| F|  |TAMS 0x0000000703400000, 0x0000000703400000| Untracked 
|  41|0x0000000703500000, 0x0000000703500000, 0x0000000703600000|  0%| F|  |TAMS 0x0000000703500000, 0x0000000703500000| Untracked 
|  42|0x0000000703600000, 0x0000000703600000, 0x0000000703700000|  0%| F|  |TAMS 0x0000000703600000, 0x0000000703600000| Untracked 
|  43|0x0000000703700000, 0x0000000703700000, 0x0000000703800000|  0%| F|  |TAMS 0x0000000703700000, 0x0000000703700000| Untracked 
|  44|0x0000000703800000, 0x0000000703800000, 0x0000000703900000|  0%| F|  |TAMS 0x0000000703800000, 0x0000000703800000| Untracked 
|  45|0x0000000703900000, 0x0000000703900000, 0x0000000703a00000|  0%| F|  |TAMS 0x0000000703900000, 0x0000000703900000| Untracked 
|  46|0x0000000703a00000, 0x0000000703a00000, 0x0000000703b00000|  0%| F|  |TAMS 0x0000000703a00000, 0x0000000703a00000| Untracked 
|  47|0x0000000703b00000, 0x0000000703b00000, 0x0000000703c00000|  0%| F|  |TAMS 0x0000000703b00000, 0x0000000703b00000| Untracked 
|  48|0x0000000703c00000, 0x0000000703c00000, 0x0000000703d00000|  0%| F|  |TAMS 0x0000000703c00000, 0x0000000703c00000| Untracked 
|  49|0x0000000703d00000, 0x0000000703d00000, 0x0000000703e00000|  0%| F|  |TAMS 0x0000000703d00000, 0x0000000703d00000| Untracked 
|  50|0x0000000703e00000, 0x0000000703e00000, 0x0000000703f00000|  0%| F|  |TAMS 0x0000000703e00000, 0x0000000703e00000| Untracked 
|  51|0x0000000703f00000, 0x0000000703f00000, 0x0000000704000000|  0%| F|  |TAMS 0x0000000703f00000, 0x0000000703f00000| Untracked 
|  52|0x0000000704000000, 0x0000000704000000, 0x0000000704100000|  0%| F|  |TAMS 0x0000000704000000, 0x0000000704000000| Untracked 
|  53|0x0000000704100000, 0x0000000704100000, 0x0000000704200000|  0%| F|  |TAMS 0x0000000704100000, 0x0000000704100000| Untracked 
|  54|0x0000000704200000, 0x0000000704200000, 0x0000000704300000|  0%| F|  |TAMS 0x0000000704200000, 0x0000000704200000| Untracked 
|  55|0x0000000704300000, 0x0000000704300000, 0x0000000704400000|  0%| F|  |TAMS 0x0000000704300000, 0x0000000704300000| Untracked 
|  56|0x0000000704400000, 0x0000000704400000, 0x0000000704500000|  0%| F|  |TAMS 0x0000000704400000, 0x0000000704400000| Untracked 
|  57|0x0000000704500000, 0x0000000704500000, 0x0000000704600000|  0%| F|  |TAMS 0x0000000704500000, 0x0000000704500000| Untracked 
|  58|0x0000000704600000, 0x0000000704600000, 0x0000000704700000|  0%| F|  |TAMS 0x0000000704600000, 0x0000000704600000| Untracked 
|  59|0x0000000704700000, 0x0000000704700000, 0x0000000704800000|  0%| F|  |TAMS 0x0000000704700000, 0x0000000704700000| Untracked 
|  60|0x0000000704800000, 0x0000000704800000, 0x0000000704900000|  0%| F|  |TAMS 0x0000000704800000, 0x0000000704800000| Untracked 
|  61|0x0000000704900000, 0x0000000704900000, 0x0000000704a00000|  0%| F|  |TAMS 0x0000000704900000, 0x0000000704900000| Untracked 
|  62|0x0000000704a00000, 0x0000000704a00000, 0x0000000704b00000|  0%| F|  |TAMS 0x0000000704a00000, 0x0000000704a00000| Untracked 
|  63|0x0000000704b00000, 0x0000000704b00000, 0x0000000704c00000|  0%| F|  |TAMS 0x0000000704b00000, 0x0000000704b00000| Untracked 
|  64|0x0000000704c00000, 0x0000000704c00000, 0x0000000704d00000|  0%| F|  |TAMS 0x0000000704c00000, 0x0000000704c00000| Untracked 
|  65|0x0000000704d00000, 0x0000000704d00000, 0x0000000704e00000|  0%| F|  |TAMS 0x0000000704d00000, 0x0000000704d00000| Untracked 
|  66|0x0000000704e00000, 0x0000000704e00000, 0x0000000704f00000|  0%| F|  |TAMS 0x0000000704e00000, 0x0000000704e00000| Untracked 
|  67|0x0000000704f00000, 0x0000000704f00000, 0x0000000705000000|  0%| F|  |TAMS 0x0000000704f00000, 0x0000000704f00000| Untracked 
|  68|0x0000000705000000, 0x0000000705000000, 0x0000000705100000|  0%| F|  |TAMS 0x0000000705000000, 0x0000000705000000| Untracked 
|  69|0x0000000705100000, 0x0000000705100000, 0x0000000705200000|  0%| F|  |TAMS 0x0000000705100000, 0x0000000705100000| Untracked 
|  70|0x0000000705200000, 0x0000000705200000, 0x0000000705300000|  0%| F|  |TAMS 0x0000000705200000, 0x0000000705200000| Untracked 
|  71|0x0000000705300000, 0x0000000705300000, 0x0000000705400000|  0%| F|  |TAMS 0x0000000705300000, 0x0000000705300000| Untracked 
|  72|0x0000000705400000, 0x0000000705400000, 0x0000000705500000|  0%| F|  |TAMS 0x0000000705400000, 0x0000000705400000| Untracked 
|  73|0x0000000705500000, 0x0000000705500000, 0x0000000705600000|  0%| F|  |TAMS 0x0000000705500000, 0x0000000705500000| Untracked 
|  74|0x0000000705600000, 0x0000000705600000, 0x0000000705700000|  0%| F|  |TAMS 0x0000000705600000, 0x0000000705600000| Untracked 
|  75|0x0000000705700000, 0x0000000705700000, 0x0000000705800000|  0%| F|  |TAMS 0x0000000705700000, 0x0000000705700000| Untracked 
|  76|0x0000000705800000, 0x0000000705800000, 0x0000000705900000|  0%| F|  |TAMS 0x0000000705800000, 0x0000000705800000| Untracked 
|  77|0x0000000705900000, 0x0000000705900000, 0x0000000705a00000|  0%| F|  |TAMS 0x0000000705900000, 0x0000000705900000| Untracked 
|  78|0x0000000705a00000, 0x0000000705a00000, 0x0000000705b00000|  0%| F|  |TAMS 0x0000000705a00000, 0x0000000705a00000| Untracked 
|  79|0x0000000705b00000, 0x0000000705b00000, 0x0000000705c00000|  0%| F|  |TAMS 0x0000000705b00000, 0x0000000705b00000| Untracked 
|  80|0x0000000705c00000, 0x0000000705c00000, 0x0000000705d00000|  0%| F|  |TAMS 0x0000000705c00000, 0x0000000705c00000| Untracked 
|  81|0x0000000705d00000, 0x0000000705d00000, 0x0000000705e00000|  0%| F|  |TAMS 0x0000000705d00000, 0x0000000705d00000| Untracked 
|  82|0x0000000705e00000, 0x0000000705e00000, 0x0000000705f00000|  0%| F|  |TAMS 0x0000000705e00000, 0x0000000705e00000| Untracked 
|  83|0x0000000705f00000, 0x0000000705f00000, 0x0000000706000000|  0%| F|  |TAMS 0x0000000705f00000, 0x0000000705f00000| Untracked 
|  84|0x0000000706000000, 0x0000000706000000, 0x0000000706100000|  0%| F|  |TAMS 0x0000000706000000, 0x0000000706000000| Untracked 
|  85|0x0000000706100000, 0x0000000706100000, 0x0000000706200000|  0%| F|  |TAMS 0x0000000706100000, 0x0000000706100000| Untracked 
|  86|0x0000000706200000, 0x0000000706200000, 0x0000000706300000|  0%| F|  |TAMS 0x0000000706200000, 0x0000000706200000| Untracked 
|  87|0x0000000706300000, 0x0000000706300000, 0x0000000706400000|  0%| F|  |TAMS 0x0000000706300000, 0x0000000706300000| Untracked 
|  88|0x0000000706400000, 0x0000000706400000, 0x0000000706500000|  0%| F|  |TAMS 0x0000000706400000, 0x0000000706400000| Untracked 
|  89|0x0000000706500000, 0x0000000706500000, 0x0000000706600000|  0%| F|  |TAMS 0x0000000706500000, 0x0000000706500000| Untracked 
|  90|0x0000000706600000, 0x0000000706600000, 0x0000000706700000|  0%| F|  |TAMS 0x0000000706600000, 0x0000000706600000| Untracked 
|  91|0x0000000706700000, 0x0000000706700000, 0x0000000706800000|  0%| F|  |TAMS 0x0000000706700000, 0x0000000706700000| Untracked 
|  92|0x0000000706800000, 0x0000000706800000, 0x0000000706900000|  0%| F|  |TAMS 0x0000000706800000, 0x0000000706800000| Untracked 
|  93|0x0000000706900000, 0x0000000706900000, 0x0000000706a00000|  0%| F|  |TAMS 0x0000000706900000, 0x0000000706900000| Untracked 
|  94|0x0000000706a00000, 0x0000000706a00000, 0x0000000706b00000|  0%| F|  |TAMS 0x0000000706a00000, 0x0000000706a00000| Untracked 
|  95|0x0000000706b00000, 0x0000000706b00000, 0x0000000706c00000|  0%| F|  |TAMS 0x0000000706b00000, 0x0000000706b00000| Untracked 
|  96|0x0000000706c00000, 0x0000000706c00000, 0x0000000706d00000|  0%| F|  |TAMS 0x0000000706c00000, 0x0000000706c00000| Untracked 
|  97|0x0000000706d00000, 0x0000000706d00000, 0x0000000706e00000|  0%| F|  |TAMS 0x0000000706d00000, 0x0000000706d00000| Untracked 
|  98|0x0000000706e00000, 0x0000000706e00000, 0x0000000706f00000|  0%| F|  |TAMS 0x0000000706e00000, 0x0000000706e00000| Untracked 
|  99|0x0000000706f00000, 0x0000000706f00000, 0x0000000707000000|  0%| F|  |TAMS 0x0000000706f00000, 0x0000000706f00000| Untracked 
| 100|0x0000000707000000, 0x0000000707000000, 0x0000000707100000|  0%| F|  |TAMS 0x0000000707000000, 0x0000000707000000| Untracked 
| 101|0x0000000707100000, 0x0000000707100000, 0x0000000707200000|  0%| F|  |TAMS 0x0000000707100000, 0x0000000707100000| Untracked 
| 102|0x0000000707200000, 0x0000000707200000, 0x0000000707300000|  0%| F|  |TAMS 0x0000000707200000, 0x0000000707200000| Untracked 
| 103|0x0000000707300000, 0x0000000707300000, 0x0000000707400000|  0%| F|  |TAMS 0x0000000707300000, 0x0000000707300000| Untracked 
| 104|0x0000000707400000, 0x0000000707400000, 0x0000000707500000|  0%| F|  |TAMS 0x0000000707400000, 0x0000000707400000| Untracked 
| 105|0x0000000707500000, 0x0000000707500000, 0x0000000707600000|  0%| F|  |TAMS 0x0000000707500000, 0x0000000707500000| Untracked 
| 106|0x0000000707600000, 0x0000000707600000, 0x0000000707700000|  0%| F|  |TAMS 0x0000000707600000, 0x0000000707600000| Untracked 
| 107|0x0000000707700000, 0x0000000707700000, 0x0000000707800000|  0%| F|  |TAMS 0x0000000707700000, 0x0000000707700000| Untracked 
| 108|0x0000000707800000, 0x0000000707800000, 0x0000000707900000|  0%| F|  |TAMS 0x0000000707800000, 0x0000000707800000| Untracked 
| 109|0x0000000707900000, 0x0000000707900000, 0x0000000707a00000|  0%| F|  |TAMS 0x0000000707900000, 0x0000000707900000| Untracked 
| 110|0x0000000707a00000, 0x0000000707a00000, 0x0000000707b00000|  0%| F|  |TAMS 0x0000000707a00000, 0x0000000707a00000| Untracked 
| 111|0x0000000707b00000, 0x0000000707b00000, 0x0000000707c00000|  0%| F|  |TAMS 0x0000000707b00000, 0x0000000707b00000| Untracked 
| 112|0x0000000707c00000, 0x0000000707c00000, 0x0000000707d00000|  0%| F|  |TAMS 0x0000000707c00000, 0x0000000707c00000| Untracked 
| 113|0x0000000707d00000, 0x0000000707d00000, 0x0000000707e00000|  0%| F|  |TAMS 0x0000000707d00000, 0x0000000707d00000| Untracked 
| 114|0x0000000707e00000, 0x0000000707e00000, 0x0000000707f00000|  0%| F|  |TAMS 0x0000000707e00000, 0x0000000707e00000| Untracked 
| 115|0x0000000707f00000, 0x0000000707f00000, 0x0000000708000000|  0%| F|  |TAMS 0x0000000707f00000, 0x0000000707f00000| Untracked 
| 116|0x0000000708000000, 0x0000000708000000, 0x0000000708100000|  0%| F|  |TAMS 0x0000000708000000, 0x0000000708000000| Untracked 
| 117|0x0000000708100000, 0x0000000708100000, 0x0000000708200000|  0%| F|  |TAMS 0x0000000708100000, 0x0000000708100000| Untracked 
| 118|0x0000000708200000, 0x0000000708200000, 0x0000000708300000|  0%| F|  |TAMS 0x0000000708200000, 0x0000000708200000| Untracked 
| 119|0x0000000708300000, 0x0000000708300000, 0x0000000708400000|  0%| F|  |TAMS 0x0000000708300000, 0x0000000708300000| Untracked 
| 120|0x0000000708400000, 0x0000000708400000, 0x0000000708500000|  0%| F|  |TAMS 0x0000000708400000, 0x0000000708400000| Untracked 
| 121|0x0000000708500000, 0x0000000708500000, 0x0000000708600000|  0%| F|  |TAMS 0x0000000708500000, 0x0000000708500000| Untracked 
| 122|0x0000000708600000, 0x0000000708600000, 0x0000000708700000|  0%| F|  |TAMS 0x0000000708600000, 0x0000000708600000| Untracked 
| 123|0x0000000708700000, 0x0000000708700000, 0x0000000708800000|  0%| F|  |TAMS 0x0000000708700000, 0x0000000708700000| Untracked 
| 124|0x0000000708800000, 0x0000000708800000, 0x0000000708900000|  0%| F|  |TAMS 0x0000000708800000, 0x0000000708800000| Untracked 
| 125|0x0000000708900000, 0x0000000708900000, 0x0000000708a00000|  0%| F|  |TAMS 0x0000000708900000, 0x0000000708900000| Untracked 
| 126|0x0000000708a00000, 0x0000000708a00000, 0x0000000708b00000|  0%| F|  |TAMS 0x0000000708a00000, 0x0000000708a00000| Untracked 
| 127|0x0000000708b00000, 0x0000000708b00000, 0x0000000708c00000|  0%| F|  |TAMS 0x0000000708b00000, 0x0000000708b00000| Untracked 
| 128|0x0000000708c00000, 0x0000000708c00000, 0x0000000708d00000|  0%| F|  |TAMS 0x0000000708c00000, 0x0000000708c00000| Untracked 
| 129|0x0000000708d00000, 0x0000000708d00000, 0x0000000708e00000|  0%| F|  |TAMS 0x0000000708d00000, 0x0000000708d00000| Untracked 
| 130|0x0000000708e00000, 0x0000000708e00000, 0x0000000708f00000|  0%| F|  |TAMS 0x0000000708e00000, 0x0000000708e00000| Untracked 
| 131|0x0000000708f00000, 0x0000000708f00000, 0x0000000709000000|  0%| F|  |TAMS 0x0000000708f00000, 0x0000000708f00000| Untracked 
| 132|0x0000000709000000, 0x0000000709000000, 0x0000000709100000|  0%| F|  |TAMS 0x0000000709000000, 0x0000000709000000| Untracked 
| 133|0x0000000709100000, 0x0000000709100000, 0x0000000709200000|  0%| F|  |TAMS 0x0000000709100000, 0x0000000709100000| Untracked 
| 134|0x0000000709200000, 0x0000000709200000, 0x0000000709300000|  0%| F|  |TAMS 0x0000000709200000, 0x0000000709200000| Untracked 
| 135|0x0000000709300000, 0x0000000709300000, 0x0000000709400000|  0%| F|  |TAMS 0x0000000709300000, 0x0000000709300000| Untracked 
| 136|0x0000000709400000, 0x0000000709400000, 0x0000000709500000|  0%| F|  |TAMS 0x0000000709400000, 0x0000000709400000| Untracked 
| 137|0x0000000709500000, 0x0000000709500000, 0x0000000709600000|  0%| F|  |TAMS 0x0000000709500000, 0x0000000709500000| Untracked 
| 138|0x0000000709600000, 0x0000000709600000, 0x0000000709700000|  0%| F|  |TAMS 0x0000000709600000, 0x0000000709600000| Untracked 
| 139|0x0000000709700000, 0x0000000709700000, 0x0000000709800000|  0%| F|  |TAMS 0x0000000709700000, 0x0000000709700000| Untracked 
| 140|0x0000000709800000, 0x0000000709800000, 0x0000000709900000|  0%| F|  |TAMS 0x0000000709800000, 0x0000000709800000| Untracked 
| 141|0x0000000709900000, 0x0000000709900000, 0x0000000709a00000|  0%| F|  |TAMS 0x0000000709900000, 0x0000000709900000| Untracked 
| 142|0x0000000709a00000, 0x0000000709a00000, 0x0000000709b00000|  0%| F|  |TAMS 0x0000000709a00000, 0x0000000709a00000| Untracked 
| 143|0x0000000709b00000, 0x0000000709b00000, 0x0000000709c00000|  0%| F|  |TAMS 0x0000000709b00000, 0x0000000709b00000| Untracked 
| 144|0x0000000709c00000, 0x0000000709c00000, 0x0000000709d00000|  0%| F|  |TAMS 0x0000000709c00000, 0x0000000709c00000| Untracked 
| 145|0x0000000709d00000, 0x0000000709d00000, 0x0000000709e00000|  0%| F|  |TAMS 0x0000000709d00000, 0x0000000709d00000| Untracked 
| 146|0x0000000709e00000, 0x0000000709e00000, 0x0000000709f00000|  0%| F|  |TAMS 0x0000000709e00000, 0x0000000709e00000| Untracked 
| 147|0x0000000709f00000, 0x0000000709f00000, 0x000000070a000000|  0%| F|  |TAMS 0x0000000709f00000, 0x0000000709f00000| Untracked 
| 148|0x000000070a000000, 0x000000070a000000, 0x000000070a100000|  0%| F|  |TAMS 0x000000070a000000, 0x000000070a000000| Untracked 
| 149|0x000000070a100000, 0x000000070a100000, 0x000000070a200000|  0%| F|  |TAMS 0x000000070a100000, 0x000000070a100000| Untracked 
| 150|0x000000070a200000, 0x000000070a200000, 0x000000070a300000|  0%| F|  |TAMS 0x000000070a200000, 0x000000070a200000| Untracked 
| 151|0x000000070a300000, 0x000000070a300000, 0x000000070a400000|  0%| F|  |TAMS 0x000000070a300000, 0x000000070a300000| Untracked 
| 152|0x000000070a400000, 0x000000070a400000, 0x000000070a500000|  0%| F|  |TAMS 0x000000070a400000, 0x000000070a400000| Untracked 
| 153|0x000000070a500000, 0x000000070a500000, 0x000000070a600000|  0%| F|  |TAMS 0x000000070a500000, 0x000000070a500000| Untracked 
| 154|0x000000070a600000, 0x000000070a600000, 0x000000070a700000|  0%| F|  |TAMS 0x000000070a600000, 0x000000070a600000| Untracked 
| 155|0x000000070a700000, 0x000000070a700000, 0x000000070a800000|  0%| F|  |TAMS 0x000000070a700000, 0x000000070a700000| Untracked 
| 156|0x000000070a800000, 0x000000070a800000, 0x000000070a900000|  0%| F|  |TAMS 0x000000070a800000, 0x000000070a800000| Untracked 
| 157|0x000000070a900000, 0x000000070a900000, 0x000000070aa00000|  0%| F|  |TAMS 0x000000070a900000, 0x000000070a900000| Untracked 
| 158|0x000000070aa00000, 0x000000070aa00000, 0x000000070ab00000|  0%| F|  |TAMS 0x000000070aa00000, 0x000000070aa00000| Untracked 
| 159|0x000000070ab00000, 0x000000070ab00000, 0x000000070ac00000|  0%| F|  |TAMS 0x000000070ab00000, 0x000000070ab00000| Untracked 
| 160|0x000000070ac00000, 0x000000070ac00000, 0x000000070ad00000|  0%| F|  |TAMS 0x000000070ac00000, 0x000000070ac00000| Untracked 
| 161|0x000000070ad00000, 0x000000070ad00000, 0x000000070ae00000|  0%| F|  |TAMS 0x000000070ad00000, 0x000000070ad00000| Untracked 
| 162|0x000000070ae00000, 0x000000070ae00000, 0x000000070af00000|  0%| F|  |TAMS 0x000000070ae00000, 0x000000070ae00000| Untracked 
| 163|0x000000070af00000, 0x000000070af00000, 0x000000070b000000|  0%| F|  |TAMS 0x000000070af00000, 0x000000070af00000| Untracked 
| 164|0x000000070b000000, 0x000000070b000000, 0x000000070b100000|  0%| F|  |TAMS 0x000000070b000000, 0x000000070b000000| Untracked 
| 165|0x000000070b100000, 0x000000070b100000, 0x000000070b200000|  0%| F|  |TAMS 0x000000070b100000, 0x000000070b100000| Untracked 
| 166|0x000000070b200000, 0x000000070b200000, 0x000000070b300000|  0%| F|  |TAMS 0x000000070b200000, 0x000000070b200000| Untracked 
| 167|0x000000070b300000, 0x000000070b300000, 0x000000070b400000|  0%| F|  |TAMS 0x000000070b300000, 0x000000070b300000| Untracked 
| 168|0x000000070b400000, 0x000000070b400000, 0x000000070b500000|  0%| F|  |TAMS 0x000000070b400000, 0x000000070b400000| Untracked 
| 169|0x000000070b500000, 0x000000070b500000, 0x000000070b600000|  0%| F|  |TAMS 0x000000070b500000, 0x000000070b500000| Untracked 
| 170|0x000000070b600000, 0x000000070b600000, 0x000000070b700000|  0%| F|  |TAMS 0x000000070b600000, 0x000000070b600000| Untracked 
| 171|0x000000070b700000, 0x000000070b700000, 0x000000070b800000|  0%| F|  |TAMS 0x000000070b700000, 0x000000070b700000| Untracked 
| 172|0x000000070b800000, 0x000000070b800000, 0x000000070b900000|  0%| F|  |TAMS 0x000000070b800000, 0x000000070b800000| Untracked 
| 173|0x000000070b900000, 0x000000070b900000, 0x000000070ba00000|  0%| F|  |TAMS 0x000000070b900000, 0x000000070b900000| Untracked 
| 174|0x000000070ba00000, 0x000000070ba00000, 0x000000070bb00000|  0%| F|  |TAMS 0x000000070ba00000, 0x000000070ba00000| Untracked 
| 175|0x000000070bb00000, 0x000000070bb00000, 0x000000070bc00000|  0%| F|  |TAMS 0x000000070bb00000, 0x000000070bb00000| Untracked 
| 176|0x000000070bc00000, 0x000000070bc00000, 0x000000070bd00000|  0%| F|  |TAMS 0x000000070bc00000, 0x000000070bc00000| Untracked 
| 177|0x000000070bd00000, 0x000000070bd00000, 0x000000070be00000|  0%| F|  |TAMS 0x000000070bd00000, 0x000000070bd00000| Untracked 
| 178|0x000000070be00000, 0x000000070be00000, 0x000000070bf00000|  0%| F|  |TAMS 0x000000070be00000, 0x000000070be00000| Untracked 
| 179|0x000000070bf00000, 0x000000070bf00000, 0x000000070c000000|  0%| F|  |TAMS 0x000000070bf00000, 0x000000070bf00000| Untracked 
| 180|0x000000070c000000, 0x000000070c000000, 0x000000070c100000|  0%| F|  |TAMS 0x000000070c000000, 0x000000070c000000| Untracked 
| 181|0x000000070c100000, 0x000000070c100000, 0x000000070c200000|  0%| F|  |TAMS 0x000000070c100000, 0x000000070c100000| Untracked 
| 182|0x000000070c200000, 0x000000070c200000, 0x000000070c300000|  0%| F|  |TAMS 0x000000070c200000, 0x000000070c200000| Untracked 
| 183|0x000000070c300000, 0x000000070c300000, 0x000000070c400000|  0%| F|  |TAMS 0x000000070c300000, 0x000000070c300000| Untracked 
| 184|0x000000070c400000, 0x000000070c400000, 0x000000070c500000|  0%| F|  |TAMS 0x000000070c400000, 0x000000070c400000| Untracked 
| 185|0x000000070c500000, 0x000000070c500000, 0x000000070c600000|  0%| F|  |TAMS 0x000000070c500000, 0x000000070c500000| Untracked 
| 186|0x000000070c600000, 0x000000070c600000, 0x000000070c700000|  0%| F|  |TAMS 0x000000070c600000, 0x000000070c600000| Untracked 
| 187|0x000000070c700000, 0x000000070c700000, 0x000000070c800000|  0%| F|  |TAMS 0x000000070c700000, 0x000000070c700000| Untracked 
| 188|0x000000070c800000, 0x000000070c800000, 0x000000070c900000|  0%| F|  |TAMS 0x000000070c800000, 0x000000070c800000| Untracked 
| 189|0x000000070c900000, 0x000000070c900000, 0x000000070ca00000|  0%| F|  |TAMS 0x000000070c900000, 0x000000070c900000| Untracked 
| 190|0x000000070ca00000, 0x000000070ca00000, 0x000000070cb00000|  0%| F|  |TAMS 0x000000070ca00000, 0x000000070ca00000| Untracked 
| 191|0x000000070cb00000, 0x000000070cb00000, 0x000000070cc00000|  0%| F|  |TAMS 0x000000070cb00000, 0x000000070cb00000| Untracked 
| 192|0x000000070cc00000, 0x000000070cc00000, 0x000000070cd00000|  0%| F|  |TAMS 0x000000070cc00000, 0x000000070cc00000| Untracked 
| 193|0x000000070cd00000, 0x000000070cd00000, 0x000000070ce00000|  0%| F|  |TAMS 0x000000070cd00000, 0x000000070cd00000| Untracked 
| 194|0x000000070ce00000, 0x000000070ce00000, 0x000000070cf00000|  0%| F|  |TAMS 0x000000070ce00000, 0x000000070ce00000| Untracked 
| 195|0x000000070cf00000, 0x000000070cf00000, 0x000000070d000000|  0%| F|  |TAMS 0x000000070cf00000, 0x000000070cf00000| Untracked 
| 196|0x000000070d000000, 0x000000070d000000, 0x000000070d100000|  0%| F|  |TAMS 0x000000070d000000, 0x000000070d000000| Untracked 
| 197|0x000000070d100000, 0x000000070d100000, 0x000000070d200000|  0%| F|  |TAMS 0x000000070d100000, 0x000000070d100000| Untracked 
| 198|0x000000070d200000, 0x000000070d200000, 0x000000070d300000|  0%| F|  |TAMS 0x000000070d200000, 0x000000070d200000| Untracked 
| 199|0x000000070d300000, 0x000000070d300000, 0x000000070d400000|  0%| F|  |TAMS 0x000000070d300000, 0x000000070d300000| Untracked 
| 200|0x000000070d400000, 0x000000070d400000, 0x000000070d500000|  0%| F|  |TAMS 0x000000070d400000, 0x000000070d400000| Untracked 
| 201|0x000000070d500000, 0x000000070d500000, 0x000000070d600000|  0%| F|  |TAMS 0x000000070d500000, 0x000000070d500000| Untracked 
| 202|0x000000070d600000, 0x000000070d600000, 0x000000070d700000|  0%| F|  |TAMS 0x000000070d600000, 0x000000070d600000| Untracked 
| 203|0x000000070d700000, 0x000000070d700000, 0x000000070d800000|  0%| F|  |TAMS 0x000000070d700000, 0x000000070d700000| Untracked 
| 204|0x000000070d800000, 0x000000070d800000, 0x000000070d900000|  0%| F|  |TAMS 0x000000070d800000, 0x000000070d800000| Untracked 
| 205|0x000000070d900000, 0x000000070d900000, 0x000000070da00000|  0%| F|  |TAMS 0x000000070d900000, 0x000000070d900000| Untracked 
| 206|0x000000070da00000, 0x000000070da00000, 0x000000070db00000|  0%| F|  |TAMS 0x000000070da00000, 0x000000070da00000| Untracked 
| 207|0x000000070db00000, 0x000000070db00000, 0x000000070dc00000|  0%| F|  |TAMS 0x000000070db00000, 0x000000070db00000| Untracked 
| 208|0x000000070dc00000, 0x000000070dc00000, 0x000000070dd00000|  0%| F|  |TAMS 0x000000070dc00000, 0x000000070dc00000| Untracked 
| 209|0x000000070dd00000, 0x000000070dd00000, 0x000000070de00000|  0%| F|  |TAMS 0x000000070dd00000, 0x000000070dd00000| Untracked 
| 210|0x000000070de00000, 0x000000070de00000, 0x000000070df00000|  0%| F|  |TAMS 0x000000070de00000, 0x000000070de00000| Untracked 
| 211|0x000000070df00000, 0x000000070df00000, 0x000000070e000000|  0%| F|  |TAMS 0x000000070df00000, 0x000000070df00000| Untracked 
| 212|0x000000070e000000, 0x000000070e000000, 0x000000070e100000|  0%| F|  |TAMS 0x000000070e000000, 0x000000070e000000| Untracked 
| 213|0x000000070e100000, 0x000000070e100000, 0x000000070e200000|  0%| F|  |TAMS 0x000000070e100000, 0x000000070e100000| Untracked 
| 214|0x000000070e200000, 0x000000070e200000, 0x000000070e300000|  0%| F|  |TAMS 0x000000070e200000, 0x000000070e200000| Untracked 
| 215|0x000000070e300000, 0x000000070e300000, 0x000000070e400000|  0%| F|  |TAMS 0x000000070e300000, 0x000000070e300000| Untracked 
| 216|0x000000070e400000, 0x000000070e400000, 0x000000070e500000|  0%| F|  |TAMS 0x000000070e400000, 0x000000070e400000| Untracked 
| 217|0x000000070e500000, 0x000000070e500000, 0x000000070e600000|  0%| F|  |TAMS 0x000000070e500000, 0x000000070e500000| Untracked 
| 218|0x000000070e600000, 0x000000070e600000, 0x000000070e700000|  0%| F|  |TAMS 0x000000070e600000, 0x000000070e600000| Untracked 
| 219|0x000000070e700000, 0x000000070e700000, 0x000000070e800000|  0%| F|  |TAMS 0x000000070e700000, 0x000000070e700000| Untracked 
| 220|0x000000070e800000, 0x000000070e800000, 0x000000070e900000|  0%| F|  |TAMS 0x000000070e800000, 0x000000070e800000| Untracked 
| 221|0x000000070e900000, 0x000000070e900000, 0x000000070ea00000|  0%| F|  |TAMS 0x000000070e900000, 0x000000070e900000| Untracked 
| 222|0x000000070ea00000, 0x000000070ea00000, 0x000000070eb00000|  0%| F|  |TAMS 0x000000070ea00000, 0x000000070ea00000| Untracked 
| 223|0x000000070eb00000, 0x000000070eb00000, 0x000000070ec00000|  0%| F|  |TAMS 0x000000070eb00000, 0x000000070eb00000| Untracked 
| 224|0x000000070ec00000, 0x000000070ec00000, 0x000000070ed00000|  0%| F|  |TAMS 0x000000070ec00000, 0x000000070ec00000| Untracked 
| 225|0x000000070ed00000, 0x000000070ed00000, 0x000000070ee00000|  0%| F|  |TAMS 0x000000070ed00000, 0x000000070ed00000| Untracked 
| 226|0x000000070ee00000, 0x000000070ee00000, 0x000000070ef00000|  0%| F|  |TAMS 0x000000070ee00000, 0x000000070ee00000| Untracked 
| 227|0x000000070ef00000, 0x000000070ef00000, 0x000000070f000000|  0%| F|  |TAMS 0x000000070ef00000, 0x000000070ef00000| Untracked 
| 228|0x000000070f000000, 0x000000070f000000, 0x000000070f100000|  0%| F|  |TAMS 0x000000070f000000, 0x000000070f000000| Untracked 
| 229|0x000000070f100000, 0x000000070f100000, 0x000000070f200000|  0%| F|  |TAMS 0x000000070f100000, 0x000000070f100000| Untracked 
| 230|0x000000070f200000, 0x000000070f200000, 0x000000070f300000|  0%| F|  |TAMS 0x000000070f200000, 0x000000070f200000| Untracked 
| 231|0x000000070f300000, 0x000000070f300000, 0x000000070f400000|  0%| F|  |TAMS 0x000000070f300000, 0x000000070f300000| Untracked 
| 232|0x000000070f400000, 0x000000070f400000, 0x000000070f500000|  0%| F|  |TAMS 0x000000070f400000, 0x000000070f400000| Untracked 
| 233|0x000000070f500000, 0x000000070f500000, 0x000000070f600000|  0%| F|  |TAMS 0x000000070f500000, 0x000000070f500000| Untracked 
| 234|0x000000070f600000, 0x000000070f600000, 0x000000070f700000|  0%| F|  |TAMS 0x000000070f600000, 0x000000070f600000| Untracked 
| 235|0x000000070f700000, 0x000000070f700000, 0x000000070f800000|  0%| F|  |TAMS 0x000000070f700000, 0x000000070f700000| Untracked 
| 236|0x000000070f800000, 0x000000070f800000, 0x000000070f900000|  0%| F|  |TAMS 0x000000070f800000, 0x000000070f800000| Untracked 
| 237|0x000000070f900000, 0x000000070f900000, 0x000000070fa00000|  0%| F|  |TAMS 0x000000070f900000, 0x000000070f900000| Untracked 
| 238|0x000000070fa00000, 0x000000070fa00000, 0x000000070fb00000|  0%| F|  |TAMS 0x000000070fa00000, 0x000000070fa00000| Untracked 
| 239|0x000000070fb00000, 0x000000070fb00000, 0x000000070fc00000|  0%| F|  |TAMS 0x000000070fb00000, 0x000000070fb00000| Untracked 
| 240|0x000000070fc00000, 0x000000070fc00000, 0x000000070fd00000|  0%| F|  |TAMS 0x000000070fc00000, 0x000000070fc00000| Untracked 
| 241|0x000000070fd00000, 0x000000070fd00000, 0x000000070fe00000|  0%| F|  |TAMS 0x000000070fd00000, 0x000000070fd00000| Untracked 
| 242|0x000000070fe00000, 0x000000070fe00000, 0x000000070ff00000|  0%| F|  |TAMS 0x000000070fe00000, 0x000000070fe00000| Untracked 
| 243|0x000000070ff00000, 0x000000070ff5c2e8, 0x0000000710000000| 36%| E|  |TAMS 0x000000070ff00000, 0x000000070ff00000| Complete 
| 244|0x0000000710000000, 0x0000000710100000, 0x0000000710100000|100%| E|CS|TAMS 0x0000000710000000, 0x0000000710000000| Complete 
| 245|0x0000000710100000, 0x0000000710200000, 0x0000000710200000|100%| E|CS|TAMS 0x0000000710100000, 0x0000000710100000| Complete 
| 246|0x0000000710200000, 0x0000000710300000, 0x0000000710300000|100%| S|CS|TAMS 0x0000000710200000, 0x0000000710200000| Complete 
| 247|0x0000000710300000, 0x0000000710400000, 0x0000000710400000|100%| S|CS|TAMS 0x0000000710300000, 0x0000000710300000| Complete 
| 248|0x0000000710400000, 0x0000000710500000, 0x0000000710500000|100%| E|CS|TAMS 0x0000000710400000, 0x0000000710400000| Complete 
| 249|0x0000000710500000, 0x0000000710600000, 0x0000000710600000|100%| E|CS|TAMS 0x0000000710500000, 0x0000000710500000| Complete 
| 250|0x0000000710600000, 0x0000000710700000, 0x0000000710700000|100%| E|CS|TAMS 0x0000000710600000, 0x0000000710600000| Complete 
| 251|0x0000000710700000, 0x0000000710800000, 0x0000000710800000|100%| E|CS|TAMS 0x0000000710700000, 0x0000000710700000| Complete 
| 252|0x0000000710800000, 0x0000000710900000, 0x0000000710900000|100%| E|CS|TAMS 0x0000000710800000, 0x0000000710800000| Complete 
| 253|0x0000000710900000, 0x0000000710a00000, 0x0000000710a00000|100%| E|CS|TAMS 0x0000000710900000, 0x0000000710900000| Complete 
| 254|0x0000000710a00000, 0x0000000710b00000, 0x0000000710b00000|100%| E|CS|TAMS 0x0000000710a00000, 0x0000000710a00000| Complete 
| 255|0x0000000710b00000, 0x0000000710c00000, 0x0000000710c00000|100%| E|CS|TAMS 0x0000000710b00000, 0x0000000710b00000| Complete 
|3058|0x00000007bfe00000, 0x00000007bfe47000, 0x00000007bff00000| 27%|OA|  |TAMS 0x00000007bfe00000, 0x00000007bfe00000| Untracked 
|3059|0x00000007bff00000, 0x00000007bff6a000, 0x00000007c0000000| 41%|CA|  |TAMS 0x00000007bff00000, 0x00000007bff00000| Untracked 

Card table byte_map: [0x00007fef7b000000,0x00007fef7b7fa000] _byte_map_base: 0x00007fef777fa000

Marking Bits (Prev, Next): (CMBitMap*) 0x0000000001b2bf98, (CMBitMap*) 0x0000000001b2bfd0
 Prev Bits: [0x00007fef76830000, 0x00007fef7a800000)
 Next Bits: [0x00007fef72860000, 0x00007fef76830000)

Polling page: 0x00007fefa4640000

Metaspace:

Usage:
  Non-class:      6.42 MB capacity,     5.46 MB ( 85%) used,   970.20 KB ( 15%) free+waste,    11.94 KB ( <1%) overhead. 
      Class:    794.00 KB capacity,   692.27 KB ( 87%) used,    95.73 KB ( 12%) free+waste,     6.00 KB ( <1%) overhead. 
       Both:      7.19 MB capacity,     6.13 MB ( 85%) used,     1.04 MB ( 14%) free+waste,    17.94 KB ( <1%) overhead. 

Virtual space:
  Non-class space:        8.00 MB reserved,       6.50 MB ( 81%) committed 
      Class space:        1.00 GB reserved,     896.00 KB ( <1%) committed 
             Both:        1.01 GB reserved,       7.38 MB ( <1%) committed 

Chunk freelists:
   Non-Class:  23.00 KB
       Class:  6.00 KB
        Both:  29.00 KB

MaxMetaspaceSize: unlimited
CompressedClassSpaceSize: 1.00 GB

CodeHeap 'non-profiled nmethods': size=120032Kb used=695Kb max_used=695Kb free=119336Kb
 bounds [0x00007fef883d8000, 0x00007fef88648000, 0x00007fef8f910000]
CodeHeap 'profiled nmethods': size=120032Kb used=2585Kb max_used=2585Kb free=117446Kb
 bounds [0x00007fef80ea0000, 0x00007fef81130000, 0x00007fef883d8000]
CodeHeap 'non-nmethods': size=5696Kb used=1081Kb max_used=1127Kb free=4614Kb
 bounds [0x00007fef80910000, 0x00007fef80b80000, 0x00007fef80ea0000]
 total_blobs=2265 nmethods=1424 adapters=301
 compilation: enabled
              stopped_count=0, restarted_count=0
 full_count=0

Compilation events (20 events):
Event: 1.311 Thread 0x0000000001cbb000 nmethod 1395 0x00007fef8846cd10 code [0x00007fef8846cf80, 0x00007fef8846ead8]
Event: 1.311 Thread 0x0000000001cbb000 1425       4       java.util.regex.Pattern$CharPropertyGreedy::match (122 bytes)
Event: 1.317 Thread 0x0000000001cbb000 nmethod 1425 0x00007fef88470290 code [0x00007fef88470460, 0x00007fef88470a58]
Event: 1.317 Thread 0x0000000001cbb000 1430       4       java.lang.StringLatin1::toLowerCase (180 bytes)
Event: 1.328 Thread 0x0000000001cbb000 nmethod 1430 0x00007fef88470f90 code [0x00007fef88471160, 0x00007fef88471a38]
Event: 1.328 Thread 0x0000000001cbb000 1396       4       java.util.HashSet::add (20 bytes)
Event: 1.329 Thread 0x0000000001cbb000 nmethod 1396 0x00007fef88471e90 code [0x00007fef88472040, 0x00007fef88472108]
Event: 1.329 Thread 0x0000000001cbb000 1410       4       java.lang.CharacterDataLatin1::isJavaIdentifierStart (23 bytes)
Event: 1.329 Thread 0x0000000001cbb000 nmethod 1410 0x00007fef88472210 code [0x00007fef884723a0, 0x00007fef88472458]
Event: 1.329 Thread 0x0000000001cbb000 1413       4       jadx.api.JadxArgs::isRenameValid (13 bytes)
Event: 1.331 Thread 0x0000000001cbb000 nmethod 1413 0x00007fef88472510 code [0x00007fef884726c0, 0x00007fef884727b8]
Event: 1.331 Thread 0x0000000001cbb000 1418   !   4       java.util.regex.Pattern::matcher (44 bytes)
Event: 1.343 Thread 0x0000000001cbb000 nmethod 1418 0x00007fef88472910 code [0x00007fef88472b00, 0x00007fef884734f8]
Event: 1.343 Thread 0x0000000001cbb000 1421       4       jadx.core.deobf.NameMapper::isValidIdentifier (33 bytes)
Event: 1.365 Thread 0x0000000001cbb000 nmethod 1421 0x00007fef88473810 code [0x00007fef88473ac0, 0x00007fef88474cc0]
Event: 1.365 Thread 0x0000000001cbb000 1404       4       java.lang.Character::codePointAt (51 bytes)
Event: 1.366 Thread 0x0000000001cbb000 nmethod 1404 0x00007fef88475c10 code [0x00007fef88475dc0, 0x00007fef88475ee8]
Event: 1.366 Thread 0x0000000001cbb000 1417       4       java.lang.Character::charCount (12 bytes)
Event: 1.366 Thread 0x0000000001cbb000 nmethod 1417 0x00007fef88476090 code [0x00007fef88476220, 0x00007fef88476278]
Event: 1.620 Thread 0x00007fef4c09e000 nmethod 1131 0x00007fef88476310 code [0x00007fef88476b40, 0x00007fef8847f140]

GC Heap History (8 events):
Event: 0.562 GC heap before
{Heap before GC invocations=0 (full 0):
 garbage-first heap   total 264192K, used 17092K [0x0000000700c00000, 0x0000000800000000)
  region size 1024K, 14 young (14336K), 0 survivors (0K)
 Metaspace       used 5192K, capacity 6644K, committed 6912K, reserved 1056768K
  class space    used 597K, capacity 747K, committed 768K, reserved 1048576K
}
Event: 0.570 GC heap after
{Heap after GC invocations=1 (full 0):
 garbage-first heap   total 264192K, used 5793K [0x0000000700c00000, 0x0000000800000000)
  region size 1024K, 2 young (2048K), 2 survivors (2048K)
 Metaspace       used 5192K, capacity 6644K, committed 6912K, reserved 1056768K
  class space    used 597K, capacity 747K, committed 768K, reserved 1048576K
}
Event: 0.687 GC heap before
{Heap before GC invocations=1 (full 0):
 garbage-first heap   total 264192K, used 17057K [0x0000000700c00000, 0x0000000800000000)
  region size 1024K, 13 young (13312K), 2 survivors (2048K)
 Metaspace       used 5616K, capacity 7061K, committed 7296K, reserved 1056768K
  class space    used 632K, capacity 779K, committed 896K, reserved 1048576K
}
Event: 0.700 GC heap after
{Heap after GC invocations=2 (full 0):
 garbage-first heap   total 264192K, used 10617K [0x0000000700c00000, 0x0000000800000000)
  region size 1024K, 2 young (2048K), 2 survivors (2048K)
 Metaspace       used 5616K, capacity 7061K, committed 7296K, reserved 1056768K
  class space    used 632K, capacity 779K, committed 896K, reserved 1048576K
}
Event: 0.876 GC heap before
{Heap before GC invocations=2 (full 0):
 garbage-first heap   total 264192K, used 37241K [0x0000000700c00000, 0x0000000800000000)
  region size 1024K, 28 young (28672K), 2 survivors (2048K)
 Metaspace       used 5848K, capacity 7132K, committed 7296K, reserved 1056768K
  class space    used 660K, capacity 781K, committed 896K, reserved 1048576K
}
Event: 0.954 GC heap after
{Heap after GC invocations=3 (full 0):
 garbage-first heap   total 264192K, used 22820K [0x0000000700c00000, 0x0000000800000000)
  region size 1024K, 4 young (4096K), 4 survivors (4096K)
 Metaspace       used 5848K, capacity 7132K, committed 7296K, reserved 1056768K
  class space    used 660K, capacity 781K, committed 896K, reserved 1048576K
}
Event: 1.228 GC heap before
{Heap before GC invocations=3 (full 0):
 garbage-first heap   total 264192K, used 31012K [0x0000000700c00000, 0x0000000800000000)
  region size 1024K, 12 young (12288K), 4 survivors (4096K)
 Metaspace       used 6248K, capacity 7363K, committed 7552K, reserved 1056768K
  class space    used 692K, capacity 794K, committed 896K, reserved 1048576K
}
Event: 1.244 GC heap after
{Heap after GC invocations=4 (full 0):
 garbage-first heap   total 264192K, used 26094K [0x0000000700c00000, 0x0000000800000000)
  region size 1024K, 2 young (2048K), 2 survivors (2048K)
 Metaspace       used 6248K, capacity 7363K, committed 7552K, reserved 1056768K
  class space    used 692K, capacity 794K, committed 896K, reserved 1048576K
}

Deoptimization events (20 events):
Event: 1.270 Thread 0x0000000001ac6800 DEOPT PACKING pc=0x00007fef8110d316 sp=0x00007ffffef2cf80
Event: 1.270 Thread 0x0000000001ac6800 DEOPT UNPACKING pc=0x00007fef809388ba sp=0x00007ffffef2c460 mode 0
Event: 1.271 Thread 0x0000000001ac6800 DEOPT PACKING pc=0x00007fef8110d316 sp=0x00007ffffef2cf80
Event: 1.271 Thread 0x0000000001ac6800 DEOPT UNPACKING pc=0x00007fef809388ba sp=0x00007ffffef2c460 mode 0
Event: 1.271 Thread 0x0000000001ac6800 DEOPT PACKING pc=0x00007fef8110d316 sp=0x00007ffffef2cf80
Event: 1.271 Thread 0x0000000001ac6800 DEOPT UNPACKING pc=0x00007fef809388ba sp=0x00007ffffef2c460 mode 0
Event: 1.271 Thread 0x0000000001ac6800 DEOPT PACKING pc=0x00007fef8110d316 sp=0x00007ffffef2cf80
Event: 1.271 Thread 0x0000000001ac6800 DEOPT UNPACKING pc=0x00007fef809388ba sp=0x00007ffffef2c460 mode 0
Event: 1.272 Thread 0x0000000001ac6800 DEOPT PACKING pc=0x00007fef8110d316 sp=0x00007ffffef2cf80
Event: 1.272 Thread 0x0000000001ac6800 DEOPT UNPACKING pc=0x00007fef809388ba sp=0x00007ffffef2c460 mode 0
Event: 1.272 Thread 0x0000000001ac6800 DEOPT PACKING pc=0x00007fef8110d316 sp=0x00007ffffef2cf80
Event: 1.272 Thread 0x0000000001ac6800 DEOPT UNPACKING pc=0x00007fef809388ba sp=0x00007ffffef2c460 mode 0
Event: 1.272 Thread 0x0000000001ac6800 DEOPT PACKING pc=0x00007fef8110d316 sp=0x00007ffffef2cf80
Event: 1.272 Thread 0x0000000001ac6800 DEOPT UNPACKING pc=0x00007fef809388ba sp=0x00007ffffef2c460 mode 0
Event: 1.273 Thread 0x0000000001ac6800 DEOPT PACKING pc=0x00007fef8110d316 sp=0x00007ffffef2cf80
Event: 1.273 Thread 0x0000000001ac6800 DEOPT UNPACKING pc=0x00007fef809388ba sp=0x00007ffffef2c460 mode 0
Event: 1.273 Thread 0x0000000001ac6800 DEOPT PACKING pc=0x00007fef8110d316 sp=0x00007ffffef2cf80
Event: 1.273 Thread 0x0000000001ac6800 DEOPT UNPACKING pc=0x00007fef809388ba sp=0x00007ffffef2c460 mode 0
Event: 1.273 Thread 0x0000000001ac6800 DEOPT PACKING pc=0x00007fef8110d316 sp=0x00007ffffef2cf80
Event: 1.273 Thread 0x0000000001ac6800 DEOPT UNPACKING pc=0x00007fef809388ba sp=0x00007ffffef2c460 mode 0

Classes redefined (0 events):
No events

Internal exceptions (11 events):
Event: 0.164 Thread 0x0000000001ac6800 Exception <a 'java/lang/ClassNotFoundException'{0x00000007108b0ca8}: javax/smartcardio/CardPermission> (0x00000007108b0ca8) thrown at [/build/openjdk-lts-iuKaMP/openjdk-lts-11.0.6+10/src/hotspot/share/classfile/systemDictionary.cpp, line 231]
Event: 0.176 Thread 0x0000000001ac6800 Exception <a 'java/io/FileNotFoundException'{0x00000007108bdc20}> (0x00000007108bdc20) thrown at [/build/openjdk-lts-iuKaMP/openjdk-lts-11.0.6+10/src/hotspot/share/prims/jni.cpp, line 615]
Event: 0.239 Thread 0x0000000001ac6800 Exception <a 'java/lang/NoSuchMethodError'{0x00000007106400f0}: 'java.lang.Object java.lang.invoke.DirectMethodHandle$Holder.invokeStatic(java.lang.Object, java.lang.Object, java.lang.Object, java.lang.Object, java.lang.Object, java.lang.Object, java.lang
Event: 0.241 Thread 0x0000000001ac6800 Exception <a 'java/lang/NoSuchMethodError'{0x000000071064e298}: 'java.lang.Object java.lang.invoke.DirectMethodHandle$Holder.invokeStatic(java.lang.Object, java.lang.Object, java.lang.Object, java.lang.Object, java.lang.Object, java.lang.Object, java.lang
Event: 0.246 Thread 0x0000000001ac6800 Exception <a 'java/lang/NoSuchMethodError'{0x000000071065d398}: 'java.lang.Object java.lang.invoke.DirectMethodHandle$Holder.invokeSpecial(java.lang.Object, java.lang.Object, int, int, java.lang.Object, java.lang.Object, java.lang.Object)'> (0x00000007106
Event: 0.247 Thread 0x0000000001ac6800 Exception <a 'java/lang/NoSuchMethodError'{0x0000000710660928}: 'java.lang.Object java.lang.invoke.DelegatingMethodHandle$Holder.reinvoke_L(java.lang.Object, int, int, java.lang.Object, java.lang.Object, java.lang.Object)'> (0x0000000710660928) thrown at 
Event: 0.247 Thread 0x0000000001ac6800 Exception <a 'java/lang/NoSuchMethodError'{0x0000000710664d30}: 'java.lang.Object java.lang.invoke.DirectMethodHandle$Holder.invokeStatic(java.lang.Object, java.lang.Object, java.lang.Object, java.lang.Object, int)'> (0x0000000710664d30) thrown at [/build
Event: 0.397 Thread 0x0000000001ac6800 Exception <a 'java/lang/NoSuchMethodError'{0x00000007102ab6c8}: 'org.slf4j.impl.StaticMDCBinder org.slf4j.impl.StaticMDCBinder.getSingleton()'> (0x00000007102ab6c8) thrown at [/build/openjdk-lts-iuKaMP/openjdk-lts-11.0.6+10/src/hotspot/share/interpreter/l
Event: 1.133 Thread 0x0000000001ac6800 Exception <a 'java/lang/NoSuchMethodError'{0x0000000710526140}: 'java.lang.Object java.lang.invoke.DirectMethodHandle$Holder.invokeStatic(java.lang.Object, java.lang.Object, int, java.lang.Object)'> (0x0000000710526140) thrown at [/build/openjdk-lts-iuKaM
Event: 1.134 Thread 0x0000000001ac6800 Exception <a 'java/lang/NoSuchMethodError'{0x000000071052d538}: 'java.lang.Object java.lang.invoke.Invokers$Holder.linkToTargetMethod(java.lang.Object, int, java.lang.Object)'> (0x000000071052d538) thrown at [/build/openjdk-lts-iuKaMP/openjdk-lts-11.0.6+1
Event: 1.145 Thread 0x0000000001ac6800 Exception <a 'java/lang/NoSuchMethodError'{0x0000000710589538}: 'int java.lang.invoke.DirectMethodHandle$Holder.invokeVirtual(java.lang.Object, java.lang.Object)'> (0x0000000710589538) thrown at [/build/openjdk-lts-iuKaMP/openjdk-lts-11.0.6+10/src/hotspot

Events (20 events):
Event: 1.165 loading class jadx/core/deobf/PackageNode done
Event: 1.165 loading class java/util/TreeSet
Event: 1.165 loading class java/util/TreeSet done
Event: 1.165 loading class jadx/core/deobf/DeobfPresets
Event: 1.165 loading class jadx/core/deobf/DeobfPresets done
Event: 1.166 loading class jadx/core/deobf/NameMapper
Event: 1.166 loading class jadx/core/deobf/NameMapper done
Event: 1.168 loading class java/util/regex/Pattern$Curly
Event: 1.168 loading class java/util/regex/Pattern$Curly done
Event: 1.168 loading class java/util/regex/Pattern$Loop
Event: 1.168 loading class java/util/regex/Pattern$Loop done
Event: 1.168 loading class java/util/regex/Pattern$Prolog
Event: 1.168 loading class java/util/regex/Pattern$Prolog done
Event: 1.173 loading class jadx/core/dex/info/ClassAliasInfo
Event: 1.173 loading class jadx/core/dex/info/ClassAliasInfo done
Event: 1.173 loading class jadx/core/dex/attributes/nodes/RenameReasonAttr
Event: 1.173 loading class jadx/core/dex/attributes/nodes/RenameReasonAttr done
Event: 1.227 Executing VM operation: G1CollectForAllocation
Event: 1.244 Executing VM operation: G1CollectForAllocation done
Event: 6.362 Thread 0x0000000001ac6800 Thread exited: 0x0000000001ac6800


Dynamic libraries:
00400000-007b3000 r-xp 00000000 00:00 709815                     /usr/bin/python3.6
007b3000-007b4000 r-xp 003b3000 00:00 709815                     /usr/bin/python3.6
009b3000-009b4000 r--p 003b3000 00:00 709815                     /usr/bin/python3.6
009b4000-00a51000 rw-p 003b4000 00:00 709815                     /usr/bin/python3.6
00a51000-00a84000 rw-p 00000000 00:00 0
018d3000-02462000 rw-p 00000000 00:00 0                          [heap]
700c00000-710c00000 rw-p 00000000 00:00 0
710c00000-7bfe00000 ---p 00000000 00:00 0
7bfe00000-7bfe47000 rw-p 01105000 00:00 751417                   /usr/lib/jvm/java-11-openjdk-amd64/lib/server/classes.jsa
7bfe47000-7bff00000 rw-p 00000000 00:00 0
7bff00000-7bff6a000 rw-p 0109b000 00:00 751417                   /usr/lib/jvm/java-11-openjdk-amd64/lib/server/classes.jsa
7bff6a000-7c0000000 rw-p 00000000 00:00 0
7c0000000-800000000 ---p 00000000 00:00 0
800000000-800002000 rwxp 00001000 00:00 751417                   /usr/lib/jvm/java-11-openjdk-amd64/lib/server/classes.jsa
800002000-8003b8000 rw-p 00003000 00:00 751417                   /usr/lib/jvm/java-11-openjdk-amd64/lib/server/classes.jsa
8003b8000-800a8d000 r--p 003b9000 00:00 751417                   /usr/lib/jvm/java-11-openjdk-amd64/lib/server/classes.jsa
800a8d000-800a8e000 rw-p 00a8e000 00:00 751417                   /usr/lib/jvm/java-11-openjdk-amd64/lib/server/classes.jsa
800a8e000-80109a000 r--p 00a8f000 00:00 751417                   /usr/lib/jvm/java-11-openjdk-amd64/lib/server/classes.jsa
840000000-8400e0000 rw-p 00000000 00:00 0
8400e0000-880000000 ---p 00000000 00:00 0
7fef10000000-7fef10021000 rw-p 00000000 00:00 0
7fef10021000-7fef14000000 ---p 00000000 00:00 0
7fef18000000-7fef18021000 rw-p 00000000 00:00 0
7fef18021000-7fef1c000000 ---p 00000000 00:00 0
7fef1c000000-7fef1c021000 rw-p 00000000 00:00 0
7fef1c021000-7fef20000000 ---p 00000000 00:00 0
7fef20000000-7fef20021000 rw-p 00000000 00:00 0
7fef20021000-7fef24000000 ---p 00000000 00:00 0
7fef24000000-7fef24021000 rw-p 00000000 00:00 0
7fef24021000-7fef28000000 ---p 00000000 00:00 0
7fef28000000-7fef28021000 rw-p 00000000 00:00 0
7fef28021000-7fef2c000000 ---p 00000000 00:00 0
7fef2c000000-7fef2c021000 rw-p 00000000 00:00 0
7fef2c021000-7fef30000000 ---p 00000000 00:00 0
7fef30000000-7fef30021000 rw-p 00000000 00:00 0
7fef30021000-7fef34000000 ---p 00000000 00:00 0
7fef34000000-7fef350d8000 rw-p 00000000 00:00 0
7fef350d8000-7fef38000000 ---p 00000000 00:00 0
7fef38000000-7fef38021000 rw-p 00000000 00:00 0
7fef38021000-7fef3c000000 ---p 00000000 00:00 0
7fef3c000000-7fef3c021000 rw-p 00000000 00:00 0
7fef3c021000-7fef40000000 ---p 00000000 00:00 0
7fef40000000-7fef404d3000 rw-p 00000000 00:00 0
7fef404d3000-7fef44000000 ---p 00000000 00:00 0
7fef44000000-7fef44021000 rw-p 00000000 00:00 0
7fef44021000-7fef48000000 ---p 00000000 00:00 0
7fef48000000-7fef48021000 rw-p 00000000 00:00 0
7fef48021000-7fef4c000000 ---p 00000000 00:00 0
7fef4c000000-7fef4caa8000 rw-p 00000000 00:00 0
7fef4caa8000-7fef50000000 ---p 00000000 00:00 0
7fef50000000-7fef50021000 rw-p 00000000 00:00 0
7fef50021000-7fef54000000 ---p 00000000 00:00 0
7fef54000000-7fef54021000 rw-p 00000000 00:00 0
7fef54021000-7fef58000000 ---p 00000000 00:00 0
7fef58000000-7fef58021000 rw-p 00000000 00:00 0
7fef58021000-7fef5c000000 ---p 00000000 00:00 0
7fef5c000000-7fef5c021000 rw-p 00000000 00:00 0
7fef5c021000-7fef60000000 ---p 00000000 00:00 0
7fef60dd0000-7fef60dd1000 ---p 00000000 00:00 0
7fef60dd1000-7fef615d1000 rw-p 00000000 00:00 0
7fef615e0000-7fef615e1000 ---p 00000000 00:00 0
7fef615e1000-7fef61de1000 rw-p 00000000 00:00 0
7fef61df0000-7fef61df1000 ---p 00000000 00:00 0
7fef61df1000-7fef625f1000 rw-p 00000000 00:00 0
7fef62600000-7fef62640000 rw-p 00000000 00:00 0
7fef62680000-7fef626c0000 rw-p 00000000 00:00 0
7fef62700000-7fef62740000 rw-p 00000000 00:00 0
7fef62740000-7fef62741000 ---p 00000000 00:00 0
7fef62741000-7fef62842000 rw-p 00000000 00:00 0
7fef62850000-7fef62851000 ---p 00000000 00:00 0
7fef62851000-7fef62952000 rw-p 00000000 00:00 0
7fef62960000-7fef62961000 ---p 00000000 00:00 0
7fef62961000-7fef62a62000 rw-p 00000000 00:00 0
7fef62a70000-7fef62a71000 ---p 00000000 00:00 0
7fef62a71000-7fef62b72000 rw-p 00000000 00:00 0
7fef62d60000-7fef62d64000 ---p 00000000 00:00 0
7fef62d64000-7fef62e61000 rw-p 00000000 00:00 0
7fef62e70000-7fef62e86000 r-xp 00000000 00:00 749026             /usr/lib/jvm/java-11-openjdk-amd64/lib/libnet.so
7fef62e86000-7fef62e87000 ---p 00016000 00:00 749026             /usr/lib/jvm/java-11-openjdk-amd64/lib/libnet.so
7fef62e87000-7fef63085000 ---p 00000017 00:00 749026             /usr/lib/jvm/java-11-openjdk-amd64/lib/libnet.so
7fef63085000-7fef63086000 r--p 00015000 00:00 749026             /usr/lib/jvm/java-11-openjdk-amd64/lib/libnet.so
7fef63086000-7fef63087000 rw-p 00016000 00:00 749026             /usr/lib/jvm/java-11-openjdk-amd64/lib/libnet.so
7fef63090000-7fef630a0000 r-xp 00000000 00:00 749027             /usr/lib/jvm/java-11-openjdk-amd64/lib/libnio.so
7fef630a0000-7fef630a1000 ---p 00010000 00:00 749027             /usr/lib/jvm/java-11-openjdk-amd64/lib/libnio.so
7fef630a1000-7fef6329f000 ---p 00000011 00:00 749027             /usr/lib/jvm/java-11-openjdk-amd64/lib/libnio.so
7fef6329f000-7fef632a0000 r--p 0000f000 00:00 749027             /usr/lib/jvm/java-11-openjdk-amd64/lib/libnio.so
7fef632a0000-7fef632a1000 rw-p 00010000 00:00 749027             /usr/lib/jvm/java-11-openjdk-amd64/lib/libnio.so
7fef632b0000-7fef632b4000 ---p 00000000 00:00 0
7fef632b4000-7fef633b1000 rw-p 00000000 00:00 0
7fef633c0000-7fef633c1000 ---p 00000000 00:00 0
7fef633c1000-7fef634c2000 rw-p 00000000 00:00 0
7fef634d0000-7fef634d4000 ---p 00000000 00:00 0
7fef634d4000-7fef635d1000 rw-p 00000000 00:00 0
7fef635e0000-7fef635e4000 ---p 00000000 00:00 0
7fef635e4000-7fef636e1000 rw-p 00000000 00:00 0
7fef636f0000-7fef636f4000 ---p 00000000 00:00 0
7fef636f4000-7fef637f1000 rw-p 00000000 00:00 0
7fef63800000-7fef63e80000 rw-p 00000000 00:00 0
7fef63e80000-7fef64000000 ---p 00000000 00:00 0
7fef64000000-7fef64021000 rw-p 00000000 00:00 0
7fef64021000-7fef68000000 ---p 00000000 00:00 0
7fef68000000-7fef68021000 rw-p 00000000 00:00 0
7fef68021000-7fef6c000000 ---p 00000000 00:00 0
7fef6c000000-7fef6c021000 rw-p 00000000 00:00 0
7fef6c021000-7fef70004000 ---p 00000000 00:00 0
7fef70004000-7fef70101000 rw-p 00000000 00:00 0
7fef70110000-7fef70114000 ---p 00000000 00:00 0
7fef70114000-7fef70211000 rw-p 00000000 00:00 0
7fef70220000-7fef70224000 ---p 00000000 00:00 0
7fef70224000-7fef70321000 rw-p 00000000 00:00 0
7fef70330000-7fef70334000 ---p 00000000 00:00 0
7fef70334000-7fef70431000 rw-p 00000000 00:00 0
7fef70440000-7fef70441000 ---p 00000000 00:00 0
7fef70441000-7fef70542000 rw-p 00000000 00:00 0
7fef70550000-7fef705d1000 rw-p 00000000 00:00 0
7fef705e0000-7fef7063b000 rw-p 00000000 00:00 0
7fef70640000-7fef70641000 ---p 00000000 00:00 0
7fef70641000-7fef70742000 rw-p 00000000 00:00 0
7fef70750000-7fef70751000 ---p 00000000 00:00 0
7fef70751000-7fef70852000 rw-p 00000000 00:00 0
7fef70860000-7fef72c60000 rw-p 00000000 00:00 0
7fef72c60000-7fef75828000 ---p 00000000 00:00 0
7fef75828000-7fef75830000 rw-p 00000000 00:00 0
7fef75830000-7fef76830000 ---p 00000000 00:00 0
7fef76830000-7fef76c30000 rw-p 00000000 00:00 0
7fef76c30000-7fef797f8000 ---p 00000000 00:00 0
7fef797f8000-7fef79800000 rw-p 00000000 00:00 0
7fef79800000-7fef7a800000 ---p 00000000 00:00 0
7fef7a800000-7fef7a880000 rw-p 00000000 00:00 0
7fef7a880000-7fef7adf9000 ---p 00000000 00:00 0
7fef7adf9000-7fef7adfa000 rw-p 00000000 00:00 0
7fef7adfa000-7fef7affa000 ---p 00000000 00:00 0
7fef7b000000-7fef7b080000 rw-p 00000000 00:00 0
7fef7b080000-7fef7b5f9000 ---p 00000000 00:00 0
7fef7b5f9000-7fef7b5fa000 rw-p 00000000 00:00 0
7fef7b5fa000-7fef7b7fa000 ---p 00000000 00:00 0
7fef7b800000-7fef7b880000 rw-p 00000000 00:00 0
7fef7b880000-7fef7bdf9000 ---p 00000000 00:00 0
7fef7bdf9000-7fef7bdfa000 rw-p 00000000 00:00 0
7fef7bdfa000-7fef7bffa000 ---p 00000000 00:00 0
7fef7c000000-7fef7c021000 rw-p 00000000 00:00 0
7fef7c021000-7fef80000000 ---p 00000000 00:00 0
7fef80000000-7fef80101000 rw-p 00000000 00:00 0
7fef80110000-7fef80211000 rw-p 00000000 00:00 0
7fef80220000-7fef80321000 rw-p 00000000 00:00 0
7fef80330000-7fef80431000 rw-p 00000000 00:00 0
7fef80440000-7fef80441000 ---p 00000000 00:00 0
7fef80441000-7fef80542000 rw-p 00000000 00:00 0
7fef80550000-7fef80551000 ---p 00000000 00:00 0
7fef80551000-7fef80652000 rw-p 00000000 00:00 0
7fef80660000-7fef806e8000 rw-p 00000000 00:00 0
7fef806f0000-7fef807f1000 rw-p 00000000 00:00 0
7fef80800000-7fef80901000 rw-p 00000000 00:00 0
7fef80910000-7fef80b80000 rwxp 00000000 00:00 0
7fef80b80000-7fef80ea0000 ---p 00000000 00:00 0
7fef80ea0000-7fef81130000 rwxp 00000000 00:00 0
7fef81130000-7fef883d8000 ---p 00000000 00:00 0
7fef883d8000-7fef88648000 rwxp 00000000 00:00 0
7fef88648000-7fef8f910000 ---p 00000000 00:00 0
7fef8f910000-7fef98000000 r--s 00000000 00:00 749036             /usr/lib/jvm/java-11-openjdk-amd64/lib/modules
7fef98000000-7fef98052000 rw-p 00000000 00:00 0
7fef98052000-7fef9c000000 ---p 00000000 00:00 0
7fef9c000000-7fef9c031000 rw-p 00000000 00:00 0
7fef9c040000-7fef9c068000 rw-p 00000000 00:00 0
7fef9c070000-7fef9c171000 rw-p 00000000 00:00 0
7fef9c180000-7fef9c281000 rw-p 00000000 00:00 0
7fef9c290000-7fef9c291000 ---p 00000000 00:00 0
7fef9c291000-7fef9c392000 rw-p 00000000 00:00 0
7fef9c3a0000-7fef9c3a5000 rw-p 00000000 00:00 0
7fef9c3a5000-7fef9c48b000 ---p 00000000 00:00 0
7fef9c490000-7fef9c496000 rw-p 00000000 00:00 0
7fef9c496000-7fef9c57b000 ---p 00000000 00:00 0
7fef9c580000-7fef9c585000 r-xp 00000000 00:00 749018             /usr/lib/jvm/java-11-openjdk-amd64/lib/libjimage.so
7fef9c585000-7fef9c586000 ---p 00005000 00:00 749018             /usr/lib/jvm/java-11-openjdk-amd64/lib/libjimage.so
7fef9c586000-7fef9c784000 ---p 00000006 00:00 749018             /usr/lib/jvm/java-11-openjdk-amd64/lib/libjimage.so
7fef9c784000-7fef9c785000 r--p 00004000 00:00 749018             /usr/lib/jvm/java-11-openjdk-amd64/lib/libjimage.so
7fef9c785000-7fef9c786000 rw-p 00005000 00:00 749018             /usr/lib/jvm/java-11-openjdk-amd64/lib/libjimage.so
7fef9c790000-7fef9c797000 r-xp 00000000 00:00 749035             /usr/lib/jvm/java-11-openjdk-amd64/lib/libzip.so
7fef9c797000-7fef9c798000 ---p 00007000 00:00 749035             /usr/lib/jvm/java-11-openjdk-amd64/lib/libzip.so
7fef9c798000-7fef9c996000 ---p 00000008 00:00 749035             /usr/lib/jvm/java-11-openjdk-amd64/lib/libzip.so
7fef9c996000-7fef9c997000 r--p 00006000 00:00 749035             /usr/lib/jvm/java-11-openjdk-amd64/lib/libzip.so
7fef9c997000-7fef9c998000 rw-p 00007000 00:00 749035             /usr/lib/jvm/java-11-openjdk-amd64/lib/libzip.so
7fef9c9a0000-7fef9c9ab000 r-xp 00000000 00:00 692015             /lib/x86_64-linux-gnu/libnss_files-2.27.so
7fef9c9ab000-7fef9c9ac000 ---p 0000b000 00:00 692015             /lib/x86_64-linux-gnu/libnss_files-2.27.so
7fef9c9ac000-7fef9cbaa000 ---p 0000000c 00:00 692015             /lib/x86_64-linux-gnu/libnss_files-2.27.so
7fef9cbaa000-7fef9cbab000 r--p 0000a000 00:00 692015             /lib/x86_64-linux-gnu/libnss_files-2.27.so
7fef9cbab000-7fef9cbac000 rw-p 0000b000 00:00 692015             /lib/x86_64-linux-gnu/libnss_files-2.27.so
7fef9cbac000-7fef9cbb2000 rw-p 00000000 00:00 0
7fef9cbc0000-7fef9cbd7000 r-xp 00000000 00:00 692009             /lib/x86_64-linux-gnu/libnsl-2.27.so
7fef9cbd7000-7fef9cbd8000 ---p 00017000 00:00 692009             /lib/x86_64-linux-gnu/libnsl-2.27.so
7fef9cbd8000-7fef9cdd6000 ---p 00000018 00:00 692009             /lib/x86_64-linux-gnu/libnsl-2.27.so
7fef9cdd6000-7fef9cdd7000 r--p 00016000 00:00 692009             /lib/x86_64-linux-gnu/libnsl-2.27.so
7fef9cdd7000-7fef9cdd8000 rw-p 00017000 00:00 692009             /lib/x86_64-linux-gnu/libnsl-2.27.so
7fef9cdd8000-7fef9cdda000 rw-p 00000000 00:00 0
7fef9cde0000-7fef9cdeb000 r-xp 00000000 00:00 692019             /lib/x86_64-linux-gnu/libnss_nis-2.27.so
7fef9cdeb000-7fef9cdec000 ---p 0000b000 00:00 692019             /lib/x86_64-linux-gnu/libnss_nis-2.27.so
7fef9cdec000-7fef9cfea000 ---p 0000000c 00:00 692019             /lib/x86_64-linux-gnu/libnss_nis-2.27.so
7fef9cfea000-7fef9cfeb000 r--p 0000a000 00:00 692019             /lib/x86_64-linux-gnu/libnss_nis-2.27.so
7fef9cfeb000-7fef9cfec000 rw-p 0000b000 00:00 692019             /lib/x86_64-linux-gnu/libnss_nis-2.27.so
7fef9cff0000-7fef9cff8000 r-xp 00000000 00:00 692011             /lib/x86_64-linux-gnu/libnss_compat-2.27.so
7fef9cff8000-7fef9cffa000 ---p 00008000 00:00 692011             /lib/x86_64-linux-gnu/libnss_compat-2.27.so
7fef9cffa000-7fef9d1f8000 ---p 0000000a 00:00 692011             /lib/x86_64-linux-gnu/libnss_compat-2.27.so
7fef9d1f8000-7fef9d1f9000 r--p 00008000 00:00 692011             /lib/x86_64-linux-gnu/libnss_compat-2.27.so
7fef9d1f9000-7fef9d1fa000 rw-p 00009000 00:00 692011             /lib/x86_64-linux-gnu/libnss_compat-2.27.so
7fef9d200000-7fef9d229000 r-xp 00000000 00:00 749014             /usr/lib/jvm/java-11-openjdk-amd64/lib/libjava.so
7fef9d229000-7fef9d22b000 ---p 00029000 00:00 749014             /usr/lib/jvm/java-11-openjdk-amd64/lib/libjava.so
7fef9d22b000-7fef9d428000 ---p 0000002b 00:00 749014             /usr/lib/jvm/java-11-openjdk-amd64/lib/libjava.so
7fef9d428000-7fef9d429000 r--p 00028000 00:00 749014             /usr/lib/jvm/java-11-openjdk-amd64/lib/libjava.so
7fef9d429000-7fef9d42b000 rw-p 00029000 00:00 749014             /usr/lib/jvm/java-11-openjdk-amd64/lib/libjava.so
7fef9d430000-7fef9d43d000 r-xp 00000000 00:00 749034             /usr/lib/jvm/java-11-openjdk-amd64/lib/libverify.so
7fef9d43d000-7fef9d43f000 ---p 0000d000 00:00 749034             /usr/lib/jvm/java-11-openjdk-amd64/lib/libverify.so
7fef9d43f000-7fef9d63c000 ---p 0000000f 00:00 749034             /usr/lib/jvm/java-11-openjdk-amd64/lib/libverify.so
7fef9d63c000-7fef9d63e000 r--p 0000c000 00:00 749034             /usr/lib/jvm/java-11-openjdk-amd64/lib/libverify.so
7fef9d63e000-7fef9d63f000 rw-p 0000e000 00:00 749034             /usr/lib/jvm/java-11-openjdk-amd64/lib/libverify.so
7fef9d640000-7fef9e719000 r-xp 00000000 00:00 749041             /usr/lib/jvm/java-11-openjdk-amd64/lib/server/libjvm.so
7fef9e719000-7fef9e80f000 ---p 010d9000 00:00 749041             /usr/lib/jvm/java-11-openjdk-amd64/lib/server/libjvm.so
7fef9e80f000-7fef9e918000 ---p 000011cf 00:00 749041             /usr/lib/jvm/java-11-openjdk-amd64/lib/server/libjvm.so
7fef9e918000-7fef9e9d5000 r--p 010d8000 00:00 749041             /usr/lib/jvm/java-11-openjdk-amd64/lib/server/libjvm.so
7fef9e9d5000-7fef9ea0f000 rw-p 01195000 00:00 749041             /usr/lib/jvm/java-11-openjdk-amd64/lib/server/libjvm.so
7fef9ea0f000-7fef9ea65000 rw-p 00000000 00:00 0
7fef9ea70000-7fef9eab0000 rw-p 00000000 00:00 0
7fef9eab0000-7fef9ead4000 r-xp 00000000 00:00 691989             /lib/x86_64-linux-gnu/liblzma.so.5.2.2
7fef9ead4000-7fef9ead6000 ---p 00024000 00:00 691989             /lib/x86_64-linux-gnu/liblzma.so.5.2.2
7fef9ead6000-7fef9ecd4000 ---p 00000026 00:00 691989             /lib/x86_64-linux-gnu/liblzma.so.5.2.2
7fef9ecd4000-7fef9ecd5000 r--p 00024000 00:00 691989             /lib/x86_64-linux-gnu/liblzma.so.5.2.2
7fef9ecd5000-7fef9ecd6000 rw-p 00025000 00:00 691989             /lib/x86_64-linux-gnu/liblzma.so.5.2.2
7fef9ece0000-7fef9ece6000 r-xp 00000000 00:00 710535             /usr/lib/python3.6/lib-dynload/_lzma.cpython-36m-x86_64-linux-gnu.so
7fef9ece6000-7fef9ece9000 ---p 00006000 00:00 710535             /usr/lib/python3.6/lib-dynload/_lzma.cpython-36m-x86_64-linux-gnu.so
7fef9ece9000-7fef9eee5000 ---p 00000009 00:00 710535             /usr/lib/python3.6/lib-dynload/_lzma.cpython-36m-x86_64-linux-gnu.so
7fef9eee5000-7fef9eee6000 r--p 00005000 00:00 710535             /usr/lib/python3.6/lib-dynload/_lzma.cpython-36m-x86_64-linux-gnu.so
7fef9eee6000-7fef9eee8000 rw-p 00006000 00:00 710535             /usr/lib/python3.6/lib-dynload/_lzma.cpython-36m-x86_64-linux-gnu.so
7fef9eef0000-7fef9eeff000 r-xp 00000000 00:00 691928             /lib/x86_64-linux-gnu/libbz2.so.1.0.4
7fef9eeff000-7fef9ef01000 ---p 0000f000 00:00 691928             /lib/x86_64-linux-gnu/libbz2.so.1.0.4
7fef9ef01000-7fef9f0fe000 ---p 00000011 00:00 691928             /lib/x86_64-linux-gnu/libbz2.so.1.0.4
7fef9f0fe000-7fef9f0ff000 r--p 0000e000 00:00 691928             /lib/x86_64-linux-gnu/libbz2.so.1.0.4
7fef9f0ff000-7fef9f100000 rw-p 0000f000 00:00 691928             /lib/x86_64-linux-gnu/libbz2.so.1.0.4
7fef9f100000-7fef9f104000 r-xp 00000000 00:00 710141             /usr/lib/python3.6/lib-dynload/_bz2.cpython-36m-x86_64-linux-gnu.so
7fef9f104000-7fef9f106000 ---p 00004000 00:00 710141             /usr/lib/python3.6/lib-dynload/_bz2.cpython-36m-x86_64-linux-gnu.so
7fef9f106000-7fef9f303000 ---p 00000006 00:00 710141             /usr/lib/python3.6/lib-dynload/_bz2.cpython-36m-x86_64-linux-gnu.so
7fef9f303000-7fef9f304000 r--p 00003000 00:00 710141             /usr/lib/python3.6/lib-dynload/_bz2.cpython-36m-x86_64-linux-gnu.so
7fef9f304000-7fef9f305000 rw-p 00004000 00:00 710141             /usr/lib/python3.6/lib-dynload/_bz2.cpython-36m-x86_64-linux-gnu.so
7fef9f310000-7fef9f450000 rw-p 00000000 00:00 0
7fef9f450000-7fef9f461000 r-xp 00000000 00:00 710469             /usr/lib/python3.6/lib-dynload/_json.cpython-36m-x86_64-linux-gnu.so
7fef9f461000-7fef9f463000 ---p 00011000 00:00 710469             /usr/lib/python3.6/lib-dynload/_json.cpython-36m-x86_64-linux-gnu.so
7fef9f463000-7fef9f660000 ---p 00000013 00:00 710469             /usr/lib/python3.6/lib-dynload/_json.cpython-36m-x86_64-linux-gnu.so
7fef9f660000-7fef9f661000 r--p 00010000 00:00 710469             /usr/lib/python3.6/lib-dynload/_json.cpython-36m-x86_64-linux-gnu.so
7fef9f661000-7fef9f662000 rw-p 00011000 00:00 710469             /usr/lib/python3.6/lib-dynload/_json.cpython-36m-x86_64-linux-gnu.so
7fef9f670000-7fef9f671000 ---p 00000000 00:00 0
7fef9f671000-7fef9fe71000 rw-p 00000000 00:00 0
7fef9fe80000-7fef9fec0000 rw-p 00000000 00:00 0
7fef9fec0000-7fef9fec1000 r-xp 00000000 00:00 710150             /usr/lib/python3.6/lib-dynload/_opcode.cpython-36m-x86_64-linux-gnu.so
7fef9fec1000-7fef9fec2000 ---p 00001000 00:00 710150             /usr/lib/python3.6/lib-dynload/_opcode.cpython-36m-x86_64-linux-gnu.so
7fef9fec2000-7fefa00c0000 ---p 00000002 00:00 710150             /usr/lib/python3.6/lib-dynload/_opcode.cpython-36m-x86_64-linux-gnu.so
7fefa00c0000-7fefa00c1000 r--p 00000000 00:00 710150             /usr/lib/python3.6/lib-dynload/_opcode.cpython-36m-x86_64-linux-gnu.so
7fefa00c1000-7fefa00c2000 rw-p 00001000 00:00 710150             /usr/lib/python3.6/lib-dynload/_opcode.cpython-36m-x86_64-linux-gnu.so
7fefa00d0000-7fefa0159000 rw-p 00000000 00:00 0
7fefa0160000-7fefa0167000 r-xp 00000000 00:00 692363             /lib/x86_64-linux-gnu/librt-2.27.so
7fefa0167000-7fefa0168000 ---p 00007000 00:00 692363             /lib/x86_64-linux-gnu/librt-2.27.so
7fefa0168000-7fefa0366000 ---p 00000008 00:00 692363             /lib/x86_64-linux-gnu/librt-2.27.so
7fefa0366000-7fefa0367000 r--p 00006000 00:00 692363             /lib/x86_64-linux-gnu/librt-2.27.so
7fefa0367000-7fefa0368000 rw-p 00007000 00:00 692363             /lib/x86_64-linux-gnu/librt-2.27.so
7fefa0370000-7fefa0387000 r-xp 00000000 00:00 692244             /lib/x86_64-linux-gnu/libresolv-2.27.so
7fefa0387000-7fefa0389000 ---p 00017000 00:00 692244             /lib/x86_64-linux-gnu/libresolv-2.27.so
7fefa0389000-7fefa0587000 ---p 00000019 00:00 692244             /lib/x86_64-linux-gnu/libresolv-2.27.so
7fefa0587000-7fefa0588000 r--p 00017000 00:00 692244             /lib/x86_64-linux-gnu/libresolv-2.27.so
7fefa0588000-7fefa0589000 rw-p 00018000 00:00 692244             /lib/x86_64-linux-gnu/libresolv-2.27.so
7fefa0589000-7fefa058b000 rw-p 00000000 00:00 0
7fefa0592000-7fefa3bb3000 r-xp 00000000 00:00 694114             /home/parkmin/.local/lib/python3.6/site-packages/_frida.cpython-36m-x86_64-linux-gnu.so
7fefa3bb3000-7fefa3db3000 ---p 03621000 00:00 694114             /home/parkmin/.local/lib/python3.6/site-packages/_frida.cpython-36m-x86_64-linux-gnu.so
7fefa3db3000-7fefa3e38000 rw-p 03621000 00:00 694114             /home/parkmin/.local/lib/python3.6/site-packages/_frida.cpython-36m-x86_64-linux-gnu.so
7fefa3e38000-7fefa3ec0000 rw-p 00000000 00:00 0
7fefa3ec0000-7fefa3ed7000 r-xp 00000000 00:00 709938             /lib/x86_64-linux-gnu/libgcc_s.so.1
7fefa3ed7000-7fefa3ed8000 ---p 00017000 00:00 709938             /lib/x86_64-linux-gnu/libgcc_s.so.1
7fefa3ed8000-7fefa40d6000 ---p 00000018 00:00 709938             /lib/x86_64-linux-gnu/libgcc_s.so.1
7fefa40d6000-7fefa40d7000 r--p 00016000 00:00 709938             /lib/x86_64-linux-gnu/libgcc_s.so.1
7fefa40d7000-7fefa40d8000 rw-p 00017000 00:00 709938             /lib/x86_64-linux-gnu/libgcc_s.so.1
7fefa40e0000-7fefa4259000 r-xp 00000000 00:00 709785             /usr/lib/x86_64-linux-gnu/libstdc++.so.6.0.25
7fefa4259000-7fefa4266000 ---p 00179000 00:00 709785             /usr/lib/x86_64-linux-gnu/libstdc++.so.6.0.25
7fefa4266000-7fefa4459000 ---p 00000186 00:00 709785             /usr/lib/x86_64-linux-gnu/libstdc++.so.6.0.25
7fefa4459000-7fefa4463000 r--p 00179000 00:00 709785             /usr/lib/x86_64-linux-gnu/libstdc++.so.6.0.25
7fefa4463000-7fefa4465000 rw-p 00183000 00:00 709785             /usr/lib/x86_64-linux-gnu/libstdc++.so.6.0.25
7fefa4465000-7fefa4469000 rw-p 00000000 00:00 0
7fefa4470000-7fefa4479000 r--p 00000000 00:00 747122             /home/parkmin/.local/lib/python3.6/site-packages/pyjadx.cpython-36m-x86_64-linux-gnu.so
7fefa4479000-7fefa44b7000 r-xp 00009000 00:00 747122             /home/parkmin/.local/lib/python3.6/site-packages/pyjadx.cpython-36m-x86_64-linux-gnu.so
7fefa44b7000-7fefa44cc000 r--p 00047000 00:00 747122             /home/parkmin/.local/lib/python3.6/site-packages/pyjadx.cpython-36m-x86_64-linux-gnu.so
7fefa44cc000-7fefa44ce000 r--p 0005b000 00:00 747122             /home/parkmin/.local/lib/python3.6/site-packages/pyjadx.cpython-36m-x86_64-linux-gnu.so
7fefa44ce000-7fefa44cf000 rw-p 0005d000 00:00 747122             /home/parkmin/.local/lib/python3.6/site-packages/pyjadx.cpython-36m-x86_64-linux-gnu.so
7fefa44d0000-7fefa45d5000 rw-p 00000000 00:00 0
7fefa45d5000-7fefa45dc000 ---p 00000000 00:00 0
7fefa45e0000-7fefa4640000 rw-p 00000000 00:00 0
7fefa4640000-7fefa4641000 ---p 00000000 00:00 0
7fefa4641000-7fefa4642000 r--p 00000000 00:00 0
7fefa464d000-7fefa47c0000 r--p 00000000 00:00 705361             /usr/lib/locale/C.UTF-8/LC_COLLATE
7fefa47c0000-7fefa495d000 r-xp 00000000 00:00 691992             /lib/x86_64-linux-gnu/libm-2.27.so
7fefa495d000-7fefa4960000 ---p 0019d000 00:00 691992             /lib/x86_64-linux-gnu/libm-2.27.so
7fefa4960000-7fefa4b5c000 ---p 000001a0 00:00 691992             /lib/x86_64-linux-gnu/libm-2.27.so
7fefa4b5c000-7fefa4b5d000 r--p 0019c000 00:00 691992             /lib/x86_64-linux-gnu/libm-2.27.so
7fefa4b5d000-7fefa4b5e000 rw-p 0019d000 00:00 691992             /lib/x86_64-linux-gnu/libm-2.27.so
7fefa4b60000-7fefa4b7c000 r-xp 00000000 00:00 693619             /lib/x86_64-linux-gnu/libz.so.1.2.11
7fefa4b7c000-7fefa4b7d000 ---p 0001c000 00:00 693619             /lib/x86_64-linux-gnu/libz.so.1.2.11
7fefa4b7d000-7fefa4d7b000 ---p 0000001d 00:00 693619             /lib/x86_64-linux-gnu/libz.so.1.2.11
7fefa4d7b000-7fefa4d7c000 r--p 0001b000 00:00 693619             /lib/x86_64-linux-gnu/libz.so.1.2.11
7fefa4d7c000-7fefa4d7d000 rw-p 0001c000 00:00 693619             /lib/x86_64-linux-gnu/libz.so.1.2.11
7fefa4d80000-7fefa4daf000 r-xp 00000000 00:00 740795             /lib/x86_64-linux-gnu/libexpat.so.1.6.7
7fefa4daf000-7fefa4db2000 ---p 0002f000 00:00 740795             /lib/x86_64-linux-gnu/libexpat.so.1.6.7
7fefa4db2000-7fefa4faf000 ---p 00000032 00:00 740795             /lib/x86_64-linux-gnu/libexpat.so.1.6.7
7fefa4faf000-7fefa4fb1000 r--p 0002f000 00:00 740795             /lib/x86_64-linux-gnu/libexpat.so.1.6.7
7fefa4fb1000-7fefa4fb2000 rw-p 00031000 00:00 740795             /lib/x86_64-linux-gnu/libexpat.so.1.6.7
7fefa4fc0000-7fefa4fc2000 r-xp 00000000 00:00 693198             /lib/x86_64-linux-gnu/libutil-2.27.so
7fefa4fc2000-7fefa4fc3000 ---p 00002000 00:00 693198             /lib/x86_64-linux-gnu/libutil-2.27.so
7fefa4fc3000-7fefa51c1000 ---p 00000003 00:00 693198             /lib/x86_64-linux-gnu/libutil-2.27.so
7fefa51c1000-7fefa51c2000 r--p 00001000 00:00 693198             /lib/x86_64-linux-gnu/libutil-2.27.so
7fefa51c2000-7fefa51c3000 rw-p 00002000 00:00 693198             /lib/x86_64-linux-gnu/libutil-2.27.so
7fefa51d0000-7fefa51d3000 r-xp 00000000 00:00 691952             /lib/x86_64-linux-gnu/libdl-2.27.so
7fefa51d3000-7fefa51d4000 ---p 00003000 00:00 691952             /lib/x86_64-linux-gnu/libdl-2.27.so
7fefa51d4000-7fefa53d2000 ---p 00000004 00:00 691952             /lib/x86_64-linux-gnu/libdl-2.27.so
7fefa53d2000-7fefa53d3000 r--p 00002000 00:00 691952             /lib/x86_64-linux-gnu/libdl-2.27.so
7fefa53d3000-7fefa53d4000 rw-p 00003000 00:00 691952             /lib/x86_64-linux-gnu/libdl-2.27.so
7fefa53e0000-7fefa53fa000 r-xp 00000000 00:00 692176             /lib/x86_64-linux-gnu/libpthread-2.27.so
7fefa53fa000-7fefa5404000 ---p 0001a000 00:00 692176             /lib/x86_64-linux-gnu/libpthread-2.27.so
7fefa5404000-7fefa55f9000 ---p 00000024 00:00 692176             /lib/x86_64-linux-gnu/libpthread-2.27.so
7fefa55f9000-7fefa55fa000 r--p 00019000 00:00 692176             /lib/x86_64-linux-gnu/libpthread-2.27.so
7fefa55fa000-7fefa55fb000 rw-p 0001a000 00:00 692176             /lib/x86_64-linux-gnu/libpthread-2.27.so
7fefa55fb000-7fefa55ff000 rw-p 00000000 00:00 0
7fefa5600000-7fefa57e7000 r-xp 00000000 00:00 691929             /lib/x86_64-linux-gnu/libc-2.27.so
7fefa57e7000-7fefa57f0000 ---p 001e7000 00:00 691929             /lib/x86_64-linux-gnu/libc-2.27.so
7fefa57f0000-7fefa59e7000 ---p 000001f0 00:00 691929             /lib/x86_64-linux-gnu/libc-2.27.so
7fefa59e7000-7fefa59eb000 r--p 001e7000 00:00 691929             /lib/x86_64-linux-gnu/libc-2.27.so
7fefa59eb000-7fefa59ed000 rw-p 001eb000 00:00 691929             /lib/x86_64-linux-gnu/libc-2.27.so
7fefa59ed000-7fefa59f1000 rw-p 00000000 00:00 0
7fefa5a00000-7fefa5a26000 r-xp 00000000 00:00 691905             /lib/x86_64-linux-gnu/ld-2.27.so
7fefa5a26000-7fefa5a27000 r-xp 00026000 00:00 691905             /lib/x86_64-linux-gnu/ld-2.27.so
7fefa5a30000-7fefa5a31000 r--p 00000000 00:00 0
7fefa5a31000-7fefa5a32000 rw-p 00000000 00:00 0
7fefa5a40000-7fefa5a80000 rw-p 00000000 00:00 0
7fefa5a80000-7fefa5a81000 r--p 00000000 00:00 0
7fefa5a81000-7fefa5a82000 rw-p 00000000 00:00 0
7fefa5a8c000-7fefa5c27000 r--p 00000000 00:00 705373             /usr/lib/locale/locale-archive
7fefa5c27000-7fefa5c28000 r--p 00027000 00:00 691905             /lib/x86_64-linux-gnu/ld-2.27.so
7fefa5c28000-7fefa5c29000 rw-p 00028000 00:00 691905             /lib/x86_64-linux-gnu/ld-2.27.so
7fefa5c29000-7fefa5c2a000 rw-p 00000000 00:00 0
7fefa5c30000-7fefa5cf0000 rw-p 00000000 00:00 0
7fefa5cf0000-7fefa5cf1000 r--p 00000000 00:00 0
7fefa5cf1000-7fefa5cf2000 rw-p 00000000 00:00 0
7fefa5cff000-7fefa5d30000 r--p 00000000 00:00 705362             /usr/lib/locale/C.UTF-8/LC_CTYPE
7fefa5d30000-7fefa5d33000 rw-p 00000000 00:00 0
7fefa5d40000-7fefa5d42000 rw-p 00000000 00:00 0
7fefa5d42000-7fefa5d44000 r--s 00007000 00:00 749998             /usr/share/java/java-atk-wrapper.jar
7fefa5d44000-7fefa5d4c000 rw-s 00000000 00:00 39259              /tmp/hsperfdata_parkmin/2935
7fefa5d4c000-7fefa5d4d000 r--p 00000000 00:00 705369             /usr/lib/locale/C.UTF-8/LC_NUMERIC
7fefa5d4d000-7fefa5d4e000 r--p 00000000 00:00 705372             /usr/lib/locale/C.UTF-8/LC_TIME
7fefa5d4e000-7fefa5d4f000 r--p 00000000 00:00 705367             /usr/lib/locale/C.UTF-8/LC_MONETARY
7fefa5d4f000-7fefa5d50000 r--p 00000000 00:00 705366             /usr/lib/locale/C.UTF-8/LC_MESSAGES/SYS_LC_MESSAGES
7fefa5d50000-7fefa5d52000 rw-p 00000000 00:00 0
7fefa5d52000-7fefa5d53000 r--p 00000000 00:00 705370             /usr/lib/locale/C.UTF-8/LC_PAPER
7fefa5d53000-7fefa5d54000 r--p 00000000 00:00 705368             /usr/lib/locale/C.UTF-8/LC_NAME
7fefa5d54000-7fefa5d55000 r--p 00000000 00:00 705360             /usr/lib/locale/C.UTF-8/LC_ADDRESS
7fefa5d55000-7fefa5d56000 r--p 00000000 00:00 705371             /usr/lib/locale/C.UTF-8/LC_TELEPHONE
7fefa5d56000-7fefa5d57000 r--p 00000000 00:00 705364             /usr/lib/locale/C.UTF-8/LC_MEASUREMENT
7fefa5d57000-7fefa5d5e000 r--s 00000000 00:00 711295             /usr/lib/x86_64-linux-gnu/gconv/gconv-modules.cache
7fefa5d5e000-7fefa5d5f000 r--p 00000000 00:00 705363             /usr/lib/locale/C.UTF-8/LC_IDENTIFICATION
7ffffe730000-7ffffee30000 rw-p 00000000 00:00 0                  [stack]
7ffffee34000-7ffffef30000 rw-p 00000000 00:00 0
7fffff59b000-7fffff59c000 r-xp 00000000 00:00 0                  [vdso]


VM Arguments:
java_command: <unknown>
java_class_path (initial): /home/parkmin/.local/lib/python3.6/site-packages/jadx/c3f7a04/smali-2.2.7.jar:/home/parkmin/.local/lib/python3.6/site-packages/jadx/c3f7a04/stringtemplate-3.2.1.jar:/home/parkmin/.local/lib/python3.6/site-packages/jadx/c3f7a04/rxjava2-swing-0.3.7.jar:/home/parkmin/.local/lib/python3.6/site-packages/jadx/c3f7a04/gson-2.8.5.jar:/home/parkmin/.local/lib/python3.6/site-packages/jadx/c3f7a04/asm-7.1.jar:/home/parkmin/.local/lib/python3.6/site-packages/jadx/c3f7a04/guava-28.0-jre.jar:/home/parkmin/.local/lib/python3.6/site-packages/jadx/c3f7a04/dexlib2-2.2.7.jar:/home/parkmin/.local/lib/python3.6/site-packages/jadx/c3f7a04/animal-sniffer-annotations-1.17.jar:/home/parkmin/.local/lib/python3.6/site-packages/jadx/c3f7a04/commons-lang3-3.9.jar:/home/parkmin/.local/lib/python3.6/site-packages/jadx/c3f7a04/apksig-3.4.1.jar:/home/parkmin/.local/lib/python3.6/site-packages/jadx/c3f7a04/jfontchooser-1.0.5.jar:/home/parkmin/.local/lib/python3.6/site-packages/jadx/c3f7a04/rsyntaxtextarea-3.0.3.jar:/home/parkmin/.local/lib/python3.6/site-packages/jadx/c3f7a04/jadx-gui-dev.jar:/home/parkmin/.local/lib/python3.6/site-packages/jadx/c3f7a04/image-viewer-1.2.3.jar:/home/parkmin/.local/lib/python3.6/site-packages/jadx/c3f7a04/failureaccess-1.0.1.jar:/home/parkmin/.local/lib/python3.6/site-packages/jadx/c3f7a04/util-2.2.7.jar:/home/parkmin/.local/lib/python3.6/site-packages/jadx/c3f7a04/slf4j-api-1.7.26.jar:/home/parkmin/.local/lib/python3.6/site-packages/jadx/c3f7a04/baksmali-2.2.7.jar:/home/parkmin/.local/lib/python3.6/site-packages/jadx/c3f7a04/commons-text-1.6.jar:/home/parkmin/.local/lib/python3.6/site-packages/jadx/c3f7a04/rxjava-2.2.10.jar:/home/parkmin/.local/lib/python3.6/site-packages/jadx/c3f7a04/android-29-res.jar:/home/parkmin/.local/lib/python3.6/site-packages/jadx/c3f7a04/antlr-runtime-3.5.2.jar:/home/parkmin/.local/lib/python3.6/site-packages/jadx/c3f7a04/j2objc-annotations-1.3.jar:/home/parkmin/.local/lib/python3.6/site-packages/jadx/c3f7a04/an
Launcher Type: generic

[Global flags]
     intx CICompilerCount                          = 3                                         {product} {ergonomic}
     uint ConcGCThreads                            = 1                                         {product} {ergonomic}
     uint G1ConcRefinementThreads                  = 4                                         {product} {ergonomic}
   size_t G1HeapRegionSize                         = 1048576                                   {product} {ergonomic}
    uintx GCDrainStackTargetSize                   = 64                                        {product} {ergonomic}
   size_t InitialHeapSize                          = 268435456                                 {product} {ergonomic}
   size_t MarkStackSize                            = 4194304                                   {product} {ergonomic}
   size_t MaxHeapSize                              = 4282384384                                {product} {ergonomic}
   size_t MaxNewSize                               = 2569011200                                {product} {ergonomic}
   size_t MinHeapDeltaBytes                        = 1048576                                   {product} {ergonomic}
    uintx NonNMethodCodeHeapSize                   = 5830732                                {pd product} {ergonomic}
    uintx NonProfiledCodeHeapSize                  = 122913754                              {pd product} {ergonomic}
    uintx ProfiledCodeHeapSize                     = 122913754                              {pd product} {ergonomic}
    uintx ReservedCodeCacheSize                    = 251658240                              {pd product} {ergonomic}
     bool SegmentedCodeCache                       = true                                      {product} {ergonomic}
     bool UseCompressedClassPointers               = true                                 {lp64_product} {ergonomic}
     bool UseCompressedOops                        = true                                 {lp64_product} {ergonomic}
     bool UseG1GC                                  = true                                      {product} {ergonomic}

Logging:
Log output configuration:
 #0: stdout all=warning uptime,level,tags
 #1: stderr all=off uptime,level,tags

Environment Variables:
PATH=/home/parkmin/.vscode-server/bin/78a4c91400152c0f27ba4d363eb56d2835f9903a/bin:/home/parkmin/.local/bin:/usr/local/sbin:/usr/local/bin:/usr/sbin:/usr/bin:/sbin:/bin:/usr/games:/usr/local/games:/mnt/c/Program Files (x86)/Common Files/Oracle/Java/javapath:/mnt/c/Program Files/Common Files/Siemens/Automation/Simatic OAM/bin:/mnt/c/Program Files (x86)/NetSarang/Xftp 6/:/mnt/c/Windows/system32:/mnt/c/Windows:/mnt/c/Windows/System32/Wbem:/mnt/c/Windows/System32/WindowsPowerShell/v1.0/:/mnt/c/Windows/System32/OpenSSH/:/mnt/c/Program Files (x86)/Microsoft SQL Server/Client SDK/ODBC/110/Tools/Binn/:/mnt/c/Program Files (x86)/Microsoft SQL Server/120/Tools/Binn/:/mnt/c/Program Files (x86)/Microsoft SQL Server/120/DTS/Binn/:/mnt/c/Users/Argos/AppData/Local/Programs/Python/Python38-32:/mnt/c/Users/Argos/AppData/Local/Programs/Python/Python38-32/Scripts:/mnt/d/Argos/platform-tools:/mnt/c/Python24:/mnt/c/Python24/Scripts:/mnt/c/Program Files/CMake/bin:/mnt/c/Program Files/nodejs/:/mnt/c/Program Files/Git/cmd:/mnt/c/Users/Argos/AppData/Local/Microsoft/WindowsApps:/mnt/c/Program Files/Bandizip/:/mnt/c/Users/Argos/AppData/Local/Programs/Microsoft VS Code/bin:/mnt/c/Program Files/JetBrains/PyCharm Community Edition 2019.3.3/bin:/mnt/c/Users/Argos/AppData/Local/GitHubDesktop/bin:/mnt/c/Users/Argos/AppData/Roaming/npm:/snap/bin
SHELL=/bin/bash
HOSTTYPE=x86_64

Signal Handlers:
SIGSEGV: [libjvm.so+0xdf1470], sa_mask[0]=11111111111111111111111111111110, sa_flags=SA_RESTART|SA_SIGINFO
SIGBUS: [libjvm.so+0xdf1470], sa_mask[0]=11111111111111111111111111111110, sa_flags=SA_RESTART|SA_SIGINFO
SIGFPE: [libjvm.so+0xdf1470], sa_mask[0]=11111111111111111111111111111110, sa_flags=SA_RESTART|SA_SIGINFO
SIGPIPE: [libjvm.so+0xbc5560], sa_mask[0]=11111111111111111111111111111110, sa_flags=SA_RESTART|SA_SIGINFO
SIGXFSZ: [libjvm.so+0xbc5560], sa_mask[0]=11111111111111111111111111111110, sa_flags=SA_RESTART|SA_SIGINFO
SIGILL: [libjvm.so+0xdf1470], sa_mask[0]=11111111111111111111111111111110, sa_flags=SA_RESTART|SA_SIGINFO
SIGUSR2: [libjvm.so+0xbc5400], sa_mask[0]=00000000000000000000000000000000, sa_flags=SA_RESTART|SA_SIGINFO
SIGHUP: [libjvm.so+0xbc5760], sa_mask[0]=11111111111111111111111111111110, sa_flags=SA_RESTART|SA_SIGINFO
SIGINT: SIG_DFL, sa_mask[0]=00000000000000000000000000000000, sa_flags=none
SIGTERM: [libjvm.so+0xbc5760], sa_mask[0]=11111111111111111111111111111110, sa_flags=SA_RESTART|SA_SIGINFO
SIGQUIT: [libjvm.so+0xbc5760], sa_mask[0]=11111111111111111111111111111110, sa_flags=SA_RESTART|SA_SIGINFO


---------------  S Y S T E M  ---------------

OS:DISTRIB_ID=Ubuntu
DISTRIB_RELEASE=18.04
DISTRIB_CODENAME=bionic
DISTRIB_DESCRIPTION="Ubuntu 18.04.2 LTS"
uname:Linux 4.4.0-18362-Microsoft #476-Microsoft Fri Nov 01 16:53:00 PST 2019 x86_64
libc:glibc 2.27 NPTL 2.27 
rlimit: STACK 8192k, CORE 0k, NPROC 7823, NOFILE 65536, AS infinity, DATA infinity, FSIZE infinity
load average:0.52 0.58 0.59

/proc/meminfo:
MemTotal:       16727120 kB
MemFree:        10469632 kB
Buffers:           34032 kB
Cached:           188576 kB
SwapCached:            0 kB
Active:           167556 kB
Inactive:         157876 kB
Active(anon):     103104 kB
Inactive(anon):    17440 kB
Active(file):      64452 kB
Inactive(file):   140436 kB
Unevictable:           0 kB
Mlocked:               0 kB
SwapTotal:      50331648 kB
SwapFree:       50331648 kB
Dirty:                 0 kB
Writeback:             0 kB
AnonPages:        102824 kB
Mapped:            71404 kB
Shmem:             17720 kB
Slab:              13868 kB
SReclaimable:       6744 kB
SUnreclaim:         7124 kB
KernelStack:        2848 kB
PageTables:         2524 kB
NFS_Unstable:          0 kB
Bounce:                0 kB
WritebackTmp:          0 kB
CommitLimit:      515524 kB
Committed_AS:    3450064 kB
VmallocTotal:     122880 kB
VmallocUsed:       21296 kB
VmallocChunk:      66044 kB
HardwareCorrupted:     0 kB
AnonHugePages:      2048 kB
HugePages_Total:       0
HugePages_Free:        0
HugePages_Rsvd:        0
HugePages_Surp:        0
Hugepagesize:       2048 kB
DirectMap4k:       12280 kB
DirectMap4M:      897024 kB


/proc/sys/kernel/threads-max (system-wide limit on the number of threads):
32768


/proc/sys/vm/max_map_count (maximum number of memory map areas a process may have):


/proc/sys/kernel/pid_max (system-wide limit on number of process identifiers):
32768



Steal ticks since vm start: 0
Steal ticks percentage since vm start:  0.000

CPU:total 4 (initial active 4) (4 cores per cpu, 1 threads per core) family 6 model 60 stepping 3, cmov, cx8, fxsr, mmx, sse, sse2, sse3, ssse3, sse4.1, sse4.2, popcnt, avx, avx2, aes, clmul, erms, lzcnt, tsc, tscinvbit, bmi1, bmi2, fma
CPU Model and flags from /proc/cpuinfo:
model name	: Intel(R) Core(TM) i5-4690 CPU @ 3.50GHz
flags		: fpu vme de pse tsc msr pae mce cx8 apic sep mtrr pge mca cmov pat pse36 clflush dts acpi mmx fxsr sse sse2 ss ht tm pbe syscall nx pdpe1gb rdtscp lm pni pclmulqdq dtes64 monitor ds_cpl vmx smx est tm2 ssse3 fma cx16 xtpr pdcm pcid sse4_1 sse4_2 x2apic movbe popcnt tsc_deadline_timer aes xsave osxsave avx f16c rdrand lahf_lm abm fsgsbase tsc_adjust bmi1 avx2 smep bmi2 erms invpcid ibrs ibpb stibp ssbd

Memory: 4k page, physical 16727120k(10469676k free), swap 50331648k(50331648k free)

vm_info: OpenJDK 64-Bit Server VM (11.0.6+10-post-Ubuntu-1ubuntu118.04.1) for linux-amd64 JRE (11.0.6+10-post-Ubuntu-1ubuntu118.04.1), built on Jan 15 2020 15:14:00 by "unknown" with gcc 7.4.0

END.
