#
# A fatal error has been detected by the Java Runtime Environment:
#
#  SIGSEGV (0xb) at pc=0x00007f1e0101d283, pid=1777, tid=1812
#
# JRE version: OpenJDK Runtime Environment (11.0.6+10) (build 11.0.6+10-post-Ubuntu-1ubuntu118.04.1)
# Java VM: OpenJDK 64-Bit Server VM (11.0.6+10-post-Ubuntu-1ubuntu118.04.1, mixed mode, sharing, tiered, compressed oops, g1 gc, linux-amd64)
# Problematic frame:
# V  [libjvm.so+0x76d283]
#
# Core dump will be written. Default location: core.1777 (may not exist)
#
# If you would like to submit a bug report, please visit:
#   https://bugs.launchpad.net/ubuntu/+source/openjdk-lts
#

---------------  S U M M A R Y ------------

Command Line: 

Host: Intel(R) Core(TM) i5-4690 CPU @ 3.50GHz, 4 cores, 15G, Ubuntu 18.04.2 LTS
Time: Thu Mar 19 16:47:52 2020 KST elapsed time: 0 seconds (0d 0h 0m 0s)

---------------  T H R E A D  ---------------

Current thread (0x00007f1dc0002800):  GCTaskThread "GC Thread#2" [stack: 0x00007f1dca922000,0x00007f1dcaa22000] [id=1812]

Stack: [0x00007f1dca922000,0x00007f1dcaa22000],  sp=0x00007f1dcaa20a10,  free space=1018k
Native frames: (J=compiled Java code, A=aot compiled Java code, j=interpreted, Vv=VM code, C=native code)
V  [libjvm.so+0x76d283]
V  [libjvm.so+0x782c96]
V  [libjvm.so+0x6e0bc8]
V  [libjvm.so+0x729d6a]
V  [libjvm.so+0x77ce2d]
V  [libjvm.so+0x77cf8b]
V  [libjvm.so+0x737b32]
V  [libjvm.so+0xe1b4bd]
V  [libjvm.so+0xd7f20a]
V  [libjvm.so+0xbcf1fe]


siginfo: si_signo: 11 (SIGSEGV), si_code: 1 (SEGV_MAPERR), si_addr: 0x0000000000000100

Register to memory mapping:

RAX=0x0 is NULL
RBX=0x00007f1e01c656a0: <offset 0x00000000013b56a0> in /usr/lib/jvm/default-java/lib/server/libjvm.so at 0x00007f1e008b0000
RCX=0x0000000002a9fef4 points into unknown readable memory: 36 3a 2a 2e
RDX=0x0000000000000100 is an unknown value
RSP=0x00007f1dcaa20a10 points into unknown readable memory: 00 06 e2 bf 07 00 00 00
RBP=0x00007f1dcaa20aa0 points into unknown readable memory: c0 0a a2 ca 1d 7f 00 00
RSI=0x0000000000000036 is an unknown value
RDI=0x0000000002b856e0 points into unknown readable memory: 88 9b c3 01 1e 7f 00 00
R8 =0x0 is NULL
R9 =0x0000000000000003 is an unknown value
R10=0x0 is NULL
R11=0x0 is NULL
R12=0x00007f1d94000b90 points into unknown readable memory: 30 46 b9 01 1e 7f 00 00
R13=0x0000000000000040 is an unknown value
R14=0x0 is NULL
R15=0x0000000700ce66e4 points into unknown readable memory: 20 00 00 00


Registers:
RAX=0x0000000000000000, RBX=0x00007f1e01c656a0, RCX=0x0000000002a9fef4, RDX=0x0000000000000100
RSP=0x00007f1dcaa20a10, RBP=0x00007f1dcaa20aa0, RSI=0x0000000000000036, RDI=0x0000000002b856e0
R8 =0x0000000000000000, R9 =0x0000000000000003, R10=0x0000000000000000, R11=0x0000000000000000
R12=0x00007f1d94000b90, R13=0x0000000000000040, R14=0x0000000000000000, R15=0x0000000700ce66e4
RIP=0x00007f1e0101d283, EFLAGS=0x0000000000010206, CSGSFS=0x00000053002b0033, ERR=0x0000000000000000
  TRAPNO=0x0000000000000000

Top of Stack: (sp=0x00007f1dcaa20a10)
0x00007f1dcaa20a10:   00000007bfe20600 00000000034d68c0
0x00007f1dcaa20a20:   00000007bfe20600 0000000002ae6a18
0x00007f1dcaa20a30:   000000005c45cf88 000000001e199e48
0x00007f1dcaa20a40:   000000001e1806dc 00000007bfe20400 

Instructions: (pc=0x00007f1e0101d283)
0x00007f1e0101d183:   08 49 39 df 0f 83 a3 00 00 00 49 8b 07 48 85 c0
0x00007f1e0101d193:   74 eb 49 8b 94 24 80 01 00 00 48 89 c6 8b 8a f0
0x00007f1e0101d1a3:   06 00 00 48 d3 ee 48 89 f1 48 8b b2 e0 06 00 00
0x00007f1e0101d1b3:   0f b6 34 0e 40 84 f6 0f 8e 50 ff ff ff 42 0f 18
0x00007f1e0101d1c3:   0c 30 ba 10 00 00 00 0f 18 0c 10 49 8b 84 24 88
0x00007f1e0101d1d3:   01 00 00 48 8b 40 10 8b 10 8b 48 08 89 d6 29 ce
0x00007f1e0101d1e3:   89 f1 89 d6 81 e1 ff ff 01 00 81 f9 fd ff 01 00
0x00007f1e0101d1f3:   0f 86 7c 02 00 00 81 f9 ff ff 01 00 0f 84 6b 02
0x00007f1e0101d203:   00 00 48 8b 50 38 48 3b 50 20 0f 84 fd 09 00 00
0x00007f1e0101d213:   48 8b 48 50 4c 89 3c d1 49 83 c7 08 48 83 40 38
0x00007f1e0101d223:   01 49 39 df 0f 82 60 ff ff ff 0f 1f 00 49 8b 5c
0x00007f1e0101d233:   24 10 e9 f6 fc ff ff 66 0f 1f 44 00 00 48 8d 1d
0x00007f1e0101d243:   59 84 c4 00 49 83 e7 fe 49 8b 7c 24 08 41 8b 17
0x00007f1e0101d253:   44 8b 4b 08 4c 8b 03 44 89 c9 48 d3 e2 8b 8f f0
0x00007f1e0101d263:   06 00 00 4c 01 c2 48 89 d0 48 d3 e8 48 8b 8f e0
0x00007f1e0101d273:   06 00 00 0f b6 34 01 40 84 f6 0f 8e 0d 02 00 00
0x00007f1e0101d283:   48 8b 0a 48 89 c8 83 e0 03 48 83 f8 03 0f 85 8a
0x00007f1e0101d293:   02 00 00 48 8d 05 fb e3 c2 00 80 38 00 74 10 48
0x00007f1e0101d2a3:   89 c8 83 e0 07 48 83 f8 05 0f 84 d6 08 00 00 48
0x00007f1e0101d2b3:   83 e1 fc 4c 89 f8 48 89 ca 48 31 c8 48 89 d6 44
0x00007f1e0101d2c3:   89 c9 4c 29 c6 48 d3 ee 48 8d 0d b2 5d c7 00 41
0x00007f1e0101d2d3:   89 37 8b 09 48 d3 e8 48 85 c0 0f 84 4d ff ff ff
0x00007f1e0101d2e3:   49 8b 44 24 08 4c 89 fe 8b 88 c0 02 00 00 48 8b
0x00007f1e0101d2f3:   80 b0 02 00 00 48 d3 ee 48 8b 34 f0 8b b6 04 01
0x00007f1e0101d303:   00 00 83 e6 02 0f 85 22 ff ff ff 48 d3 ea 48 8b
0x00007f1e0101d313:   04 d0 48 8b 80 f8 00 00 00 8b 88 18 01 00 00 85
0x00007f1e0101d323:   c9 0f 84 06 ff ff ff 49 8b 7c 24 50 49 c1 ef 09
0x00007f1e0101d333:   48 8b 5f 48 4c 01 fb 48 2b 5f 40 48 89 de e8 da
0x00007f1e0101d343:   7f fb ff 84 c0 0f 84 e2 fe ff ff 41 80 7c 24 28
0x00007f1e0101d353:   00 0f 84 d6 fe ff ff 49 8b 44 24 50 49 8d 7c 24
0x00007f1e0101d363:   18 48 03 58 40 48 89 de e8 d0 46 4f 00 49 8b 5c
0x00007f1e0101d373:   24 10 e9 b6 fb ff ff 66 0f 1f 44 00 00 48 8b 43 


Stack slot to memory mapping:
stack at sp + 0 slots: 0x00000007bfe20600 points into unknown readable memory: b5 47 fe f7 dc ce fe f7
stack at sp + 1 slots: 0x00000000034d68c0 points into unknown readable memory: d0 ae c3 01 1e 7f 00 00
stack at sp + 2 slots: 0x00000007bfe20600 points into unknown readable memory: b5 47 fe f7 dc ce fe f7
stack at sp + 3 slots: 0x0000000002ae6a18 points into unknown readable memory: 00 00 c0 00 07 00 00 00
stack at sp + 4 slots: 0x000000005c45cf88 is an unknown value
stack at sp + 5 slots: 0x000000001e199e48 is an unknown value
stack at sp + 6 slots: 0x000000001e1806dc is an unknown value
stack at sp + 7 slots: 0x00000007bfe20400 points into unknown readable memory: 00 00 00 00 00 00 00 00


---------------  P R O C E S S  ---------------

Threads class SMR info:
_java_thread_list=0x00007f1da814fe00, length=10, elements={
0x0000000002aba800, 0x000000000305c800, 0x000000000305e800, 0x0000000003062800,
0x0000000003064800, 0x0000000003066800, 0x0000000003068800, 0x000000000309d800,
0x0000000002b41000, 0x00007f1da814e800
}

Java Threads: ( => current thread )
  0x0000000002aba800 JavaThread "main" [_thread_blocked, id=1777, stack(0x00007fffcc8ce000,0x00007fffcc9ce000)]
  0x000000000305c800 JavaThread "Reference Handler" daemon [_thread_blocked, id=1801, stack(0x00007f1dd8170000,0x00007f1dd8271000)]
  0x000000000305e800 JavaThread "Finalizer" daemon [_thread_blocked, id=1802, stack(0x00007f1dd8060000,0x00007f1dd8161000)]
  0x0000000003062800 JavaThread "Signal Dispatcher" daemon [_thread_blocked, id=1803, stack(0x00007f1dcb6f0000,0x00007f1dcb7f1000)]
  0x0000000003064800 JavaThread "C2 CompilerThread0" daemon [_thread_blocked, id=1804, stack(0x00007f1dcb5e0000,0x00007f1dcb6e1000)]
  0x0000000003066800 JavaThread "C1 CompilerThread0" daemon [_thread_blocked, id=1805, stack(0x00007f1dcb4d0000,0x00007f1dcb5d1000)]
  0x0000000003068800 JavaThread "Sweeper thread" daemon [_thread_blocked, id=1806, stack(0x00007f1dcb3c0000,0x00007f1dcb4c1000)]
  0x000000000309d800 JavaThread "Service Thread" daemon [_thread_blocked, id=1807, stack(0x00007f1dcb2b0000,0x00007f1dcb3b1000)]
  0x0000000002b41000 JavaThread "Common-Cleaner" daemon [_thread_blocked, id=1809, stack(0x00007f1dcb090000,0x00007f1dcb191000)]
  0x00007f1da814e800 JavaThread "C2 CompilerThread1" daemon [_thread_blocked, id=1810, stack(0x00007f1dcab40000,0x00007f1dcac41000)]

Other Threads:
  0x0000000003059800 VMThread "VM Thread" [stack: 0x00007f1dd8282000,0x00007f1dd8382000] [id=1800]
  0x00000000030a0000 WatcherThread [stack: 0x00007f1dcb1a2000,0x00007f1dcb2a2000] [id=1808]
  0x0000000002bb4800 GCTaskThread "GC Thread#0" [stack: 0x00007f1de8032000,0x00007f1de8132000] [id=1795]
  0x00007f1dc0001000 GCTaskThread "GC Thread#1" [stack: 0x00007f1dcaa32000,0x00007f1dcab32000] [id=1811]
=>0x00007f1dc0002800 GCTaskThread "GC Thread#2" [stack: 0x00007f1dca922000,0x00007f1dcaa22000] [id=1812]
  0x00007f1dc0004000 GCTaskThread "GC Thread#3" [stack: 0x00007f1dca812000,0x00007f1dca912000] [id=1813]
  0x0000000002c54800 ConcurrentGCThread "G1 Main Marker" [stack: 0x00007f1dda6c2000,0x00007f1dda7c2000] [id=1796]
  0x0000000002bf4000 ConcurrentGCThread "G1 Conc#0" [stack: 0x00007f1dda5b2000,0x00007f1dda6b2000] [id=1797]
  0x000000000349d800 ConcurrentGCThread "G1 Refine#0" [stack: 0x00007f1dd84a2000,0x00007f1dd85a2000] [id=1798]
  0x000000000349e800 ConcurrentGCThread "G1 Young RemSet Sampling" [stack: 0x00007f1dd8392000,0x00007f1dd8492000] [id=1799]

Threads with active compile tasks:
C1 CompilerThread0    546  752       3       jadx.core.utils.files.ZipSecurity::isZipBomb (108 bytes)

VM state:at safepoint (normal execution)

VM Mutex/Monitor currently owned by a thread:  ([mutex/lock_event])
[0x0000000002a16960] Threads_lock - owner thread: 0x0000000003059800
[0x0000000002b71be0] Heap_lock - owner thread: 0x0000000002aba800

Heap address: 0x0000000700c00000, size: 4084 MB, Compressed Oops mode: Zero based, Oop shift amount: 3
Narrow klass base: 0x0000000800000000, Narrow klass shift: 3
Compressed class space size: 1073741824 Address: 0x0000000840000000

Heap:
 garbage-first heap   total 264192K, used 15044K [0x0000000700c00000, 0x0000000800000000)
  region size 1024K, 16 young (16384K), 2 survivors (2048K)
 Metaspace       used 4934K, capacity 6451K, committed 6656K, reserved 1056768K
  class space    used 564K, capacity 704K, committed 768K, reserved 1048576K
Heap Regions: E=young(eden), S=young(survivor), O=old, HS=humongous(starts), HC=humongous(continues), CS=collection set, F=free, A=archive, TAMS=top-at-mark-start (previous, next)
|   0|0x0000000700c00000, 0x0000000700d00000, 0x0000000700d00000|100%| O|  |TAMS 0x0000000700c00000, 0x0000000700c00000| Untracked 
|   1|0x0000000700d00000, 0x0000000700d1d370, 0x0000000700e00000| 11%| O|  |TAMS 0x0000000700d00000, 0x0000000700d00000| Untracked 
|   2|0x0000000700e00000, 0x0000000700e00000, 0x0000000700f00000|  0%| F|  |TAMS 0x0000000700e00000, 0x0000000700e00000| Untracked 
|   3|0x0000000700f00000, 0x0000000700f00000, 0x0000000701000000|  0%| F|  |TAMS 0x0000000700f00000, 0x0000000700f00000| Untracked 
|   4|0x0000000701000000, 0x0000000701000000, 0x0000000701100000|  0%| F|  |TAMS 0x0000000701000000, 0x0000000701000000| Untracked 
|   5|0x0000000701100000, 0x0000000701100000, 0x0000000701200000|  0%| F|  |TAMS 0x0000000701100000, 0x0000000701100000| Untracked 
|   6|0x0000000701200000, 0x0000000701200000, 0x0000000701300000|  0%| F|  |TAMS 0x0000000701200000, 0x0000000701200000| Untracked 
|   7|0x0000000701300000, 0x0000000701300000, 0x0000000701400000|  0%| F|  |TAMS 0x0000000701300000, 0x0000000701300000| Untracked 
|   8|0x0000000701400000, 0x0000000701400000, 0x0000000701500000|  0%| F|  |TAMS 0x0000000701400000, 0x0000000701400000| Untracked 
|   9|0x0000000701500000, 0x0000000701500000, 0x0000000701600000|  0%| F|  |TAMS 0x0000000701500000, 0x0000000701500000| Untracked 
|  10|0x0000000701600000, 0x0000000701600000, 0x0000000701700000|  0%| F|  |TAMS 0x0000000701600000, 0x0000000701600000| Untracked 
|  11|0x0000000701700000, 0x0000000701700000, 0x0000000701800000|  0%| F|  |TAMS 0x0000000701700000, 0x0000000701700000| Untracked 
|  12|0x0000000701800000, 0x0000000701800000, 0x0000000701900000|  0%| F|  |TAMS 0x0000000701800000, 0x0000000701800000| Untracked 
|  13|0x0000000701900000, 0x0000000701900000, 0x0000000701a00000|  0%| F|  |TAMS 0x0000000701900000, 0x0000000701900000| Untracked 
|  14|0x0000000701a00000, 0x0000000701a00000, 0x0000000701b00000|  0%| F|  |TAMS 0x0000000701a00000, 0x0000000701a00000| Untracked 
|  15|0x0000000701b00000, 0x0000000701b00000, 0x0000000701c00000|  0%| F|  |TAMS 0x0000000701b00000, 0x0000000701b00000| Untracked 
|  16|0x0000000701c00000, 0x0000000701c00000, 0x0000000701d00000|  0%| F|  |TAMS 0x0000000701c00000, 0x0000000701c00000| Untracked 
|  17|0x0000000701d00000, 0x0000000701d00000, 0x0000000701e00000|  0%| F|  |TAMS 0x0000000701d00000, 0x0000000701d00000| Untracked 
|  18|0x0000000701e00000, 0x0000000701e00000, 0x0000000701f00000|  0%| F|  |TAMS 0x0000000701e00000, 0x0000000701e00000| Untracked 
|  19|0x0000000701f00000, 0x0000000701f00000, 0x0000000702000000|  0%| F|  |TAMS 0x0000000701f00000, 0x0000000701f00000| Untracked 
|  20|0x0000000702000000, 0x0000000702000000, 0x0000000702100000|  0%| F|  |TAMS 0x0000000702000000, 0x0000000702000000| Untracked 
|  21|0x0000000702100000, 0x0000000702100000, 0x0000000702200000|  0%| F|  |TAMS 0x0000000702100000, 0x0000000702100000| Untracked 
|  22|0x0000000702200000, 0x0000000702200000, 0x0000000702300000|  0%| F|  |TAMS 0x0000000702200000, 0x0000000702200000| Untracked 
|  23|0x0000000702300000, 0x0000000702300000, 0x0000000702400000|  0%| F|  |TAMS 0x0000000702300000, 0x0000000702300000| Untracked 
|  24|0x0000000702400000, 0x0000000702400000, 0x0000000702500000|  0%| F|  |TAMS 0x0000000702400000, 0x0000000702400000| Untracked 
|  25|0x0000000702500000, 0x0000000702500000, 0x0000000702600000|  0%| F|  |TAMS 0x0000000702500000, 0x0000000702500000| Untracked 
|  26|0x0000000702600000, 0x0000000702600000, 0x0000000702700000|  0%| F|  |TAMS 0x0000000702600000, 0x0000000702600000| Untracked 
|  27|0x0000000702700000, 0x0000000702700000, 0x0000000702800000|  0%| F|  |TAMS 0x0000000702700000, 0x0000000702700000| Untracked 
|  28|0x0000000702800000, 0x0000000702800000, 0x0000000702900000|  0%| F|  |TAMS 0x0000000702800000, 0x0000000702800000| Untracked 
|  29|0x0000000702900000, 0x0000000702900000, 0x0000000702a00000|  0%| F|  |TAMS 0x0000000702900000, 0x0000000702900000| Untracked 
|  30|0x0000000702a00000, 0x0000000702a00000, 0x0000000702b00000|  0%| F|  |TAMS 0x0000000702a00000, 0x0000000702a00000| Untracked 
|  31|0x0000000702b00000, 0x0000000702b00000, 0x0000000702c00000|  0%| F|  |TAMS 0x0000000702b00000, 0x0000000702b00000| Untracked 
|  32|0x0000000702c00000, 0x0000000702c00000, 0x0000000702d00000|  0%| F|  |TAMS 0x0000000702c00000, 0x0000000702c00000| Untracked 
|  33|0x0000000702d00000, 0x0000000702d00000, 0x0000000702e00000|  0%| F|  |TAMS 0x0000000702d00000, 0x0000000702d00000| Untracked 
|  34|0x0000000702e00000, 0x0000000702e00000, 0x0000000702f00000|  0%| F|  |TAMS 0x0000000702e00000, 0x0000000702e00000| Untracked 
|  35|0x0000000702f00000, 0x0000000702f00000, 0x0000000703000000|  0%| F|  |TAMS 0x0000000702f00000, 0x0000000702f00000| Untracked 
|  36|0x0000000703000000, 0x0000000703000000, 0x0000000703100000|  0%| F|  |TAMS 0x0000000703000000, 0x0000000703000000| Untracked 
|  37|0x0000000703100000, 0x0000000703100000, 0x0000000703200000|  0%| F|  |TAMS 0x0000000703100000, 0x0000000703100000| Untracked 
|  38|0x0000000703200000, 0x0000000703200000, 0x0000000703300000|  0%| F|  |TAMS 0x0000000703200000, 0x0000000703200000| Untracked 
|  39|0x0000000703300000, 0x0000000703300000, 0x0000000703400000|  0%| F|  |TAMS 0x0000000703300000, 0x0000000703300000| Untracked 
|  40|0x0000000703400000, 0x0000000703400000, 0x0000000703500000|  0%| F|  |TAMS 0x0000000703400000, 0x0000000703400000| Untracked 
|  41|0x0000000703500000, 0x0000000703500000, 0x0000000703600000|  0%| F|  |TAMS 0x0000000703500000, 0x0000000703500000| Untracked 
|  42|0x0000000703600000, 0x0000000703600000, 0x0000000703700000|  0%| F|  |TAMS 0x0000000703600000, 0x0000000703600000| Untracked 
|  43|0x0000000703700000, 0x0000000703700000, 0x0000000703800000|  0%| F|  |TAMS 0x0000000703700000, 0x0000000703700000| Untracked 
|  44|0x0000000703800000, 0x0000000703800000, 0x0000000703900000|  0%| F|  |TAMS 0x0000000703800000, 0x0000000703800000| Untracked 
|  45|0x0000000703900000, 0x0000000703900000, 0x0000000703a00000|  0%| F|  |TAMS 0x0000000703900000, 0x0000000703900000| Untracked 
|  46|0x0000000703a00000, 0x0000000703a00000, 0x0000000703b00000|  0%| F|  |TAMS 0x0000000703a00000, 0x0000000703a00000| Untracked 
|  47|0x0000000703b00000, 0x0000000703b00000, 0x0000000703c00000|  0%| F|  |TAMS 0x0000000703b00000, 0x0000000703b00000| Untracked 
|  48|0x0000000703c00000, 0x0000000703c00000, 0x0000000703d00000|  0%| F|  |TAMS 0x0000000703c00000, 0x0000000703c00000| Untracked 
|  49|0x0000000703d00000, 0x0000000703d00000, 0x0000000703e00000|  0%| F|  |TAMS 0x0000000703d00000, 0x0000000703d00000| Untracked 
|  50|0x0000000703e00000, 0x0000000703e00000, 0x0000000703f00000|  0%| F|  |TAMS 0x0000000703e00000, 0x0000000703e00000| Untracked 
|  51|0x0000000703f00000, 0x0000000703f00000, 0x0000000704000000|  0%| F|  |TAMS 0x0000000703f00000, 0x0000000703f00000| Untracked 
|  52|0x0000000704000000, 0x0000000704000000, 0x0000000704100000|  0%| F|  |TAMS 0x0000000704000000, 0x0000000704000000| Untracked 
|  53|0x0000000704100000, 0x0000000704100000, 0x0000000704200000|  0%| F|  |TAMS 0x0000000704100000, 0x0000000704100000| Untracked 
|  54|0x0000000704200000, 0x0000000704200000, 0x0000000704300000|  0%| F|  |TAMS 0x0000000704200000, 0x0000000704200000| Untracked 
|  55|0x0000000704300000, 0x0000000704300000, 0x0000000704400000|  0%| F|  |TAMS 0x0000000704300000, 0x0000000704300000| Untracked 
|  56|0x0000000704400000, 0x0000000704400000, 0x0000000704500000|  0%| F|  |TAMS 0x0000000704400000, 0x0000000704400000| Untracked 
|  57|0x0000000704500000, 0x0000000704500000, 0x0000000704600000|  0%| F|  |TAMS 0x0000000704500000, 0x0000000704500000| Untracked 
|  58|0x0000000704600000, 0x0000000704600000, 0x0000000704700000|  0%| F|  |TAMS 0x0000000704600000, 0x0000000704600000| Untracked 
|  59|0x0000000704700000, 0x0000000704700000, 0x0000000704800000|  0%| F|  |TAMS 0x0000000704700000, 0x0000000704700000| Untracked 
|  60|0x0000000704800000, 0x0000000704800000, 0x0000000704900000|  0%| F|  |TAMS 0x0000000704800000, 0x0000000704800000| Untracked 
|  61|0x0000000704900000, 0x0000000704900000, 0x0000000704a00000|  0%| F|  |TAMS 0x0000000704900000, 0x0000000704900000| Untracked 
|  62|0x0000000704a00000, 0x0000000704a00000, 0x0000000704b00000|  0%| F|  |TAMS 0x0000000704a00000, 0x0000000704a00000| Untracked 
|  63|0x0000000704b00000, 0x0000000704b00000, 0x0000000704c00000|  0%| F|  |TAMS 0x0000000704b00000, 0x0000000704b00000| Untracked 
|  64|0x0000000704c00000, 0x0000000704c00000, 0x0000000704d00000|  0%| F|  |TAMS 0x0000000704c00000, 0x0000000704c00000| Untracked 
|  65|0x0000000704d00000, 0x0000000704d00000, 0x0000000704e00000|  0%| F|  |TAMS 0x0000000704d00000, 0x0000000704d00000| Untracked 
|  66|0x0000000704e00000, 0x0000000704e00000, 0x0000000704f00000|  0%| F|  |TAMS 0x0000000704e00000, 0x0000000704e00000| Untracked 
|  67|0x0000000704f00000, 0x0000000704f00000, 0x0000000705000000|  0%| F|  |TAMS 0x0000000704f00000, 0x0000000704f00000| Untracked 
|  68|0x0000000705000000, 0x0000000705000000, 0x0000000705100000|  0%| F|  |TAMS 0x0000000705000000, 0x0000000705000000| Untracked 
|  69|0x0000000705100000, 0x0000000705100000, 0x0000000705200000|  0%| F|  |TAMS 0x0000000705100000, 0x0000000705100000| Untracked 
|  70|0x0000000705200000, 0x0000000705200000, 0x0000000705300000|  0%| F|  |TAMS 0x0000000705200000, 0x0000000705200000| Untracked 
|  71|0x0000000705300000, 0x0000000705300000, 0x0000000705400000|  0%| F|  |TAMS 0x0000000705300000, 0x0000000705300000| Untracked 
|  72|0x0000000705400000, 0x0000000705400000, 0x0000000705500000|  0%| F|  |TAMS 0x0000000705400000, 0x0000000705400000| Untracked 
|  73|0x0000000705500000, 0x0000000705500000, 0x0000000705600000|  0%| F|  |TAMS 0x0000000705500000, 0x0000000705500000| Untracked 
|  74|0x0000000705600000, 0x0000000705600000, 0x0000000705700000|  0%| F|  |TAMS 0x0000000705600000, 0x0000000705600000| Untracked 
|  75|0x0000000705700000, 0x0000000705700000, 0x0000000705800000|  0%| F|  |TAMS 0x0000000705700000, 0x0000000705700000| Untracked 
|  76|0x0000000705800000, 0x0000000705800000, 0x0000000705900000|  0%| F|  |TAMS 0x0000000705800000, 0x0000000705800000| Untracked 
|  77|0x0000000705900000, 0x0000000705900000, 0x0000000705a00000|  0%| F|  |TAMS 0x0000000705900000, 0x0000000705900000| Untracked 
|  78|0x0000000705a00000, 0x0000000705a00000, 0x0000000705b00000|  0%| F|  |TAMS 0x0000000705a00000, 0x0000000705a00000| Untracked 
|  79|0x0000000705b00000, 0x0000000705b00000, 0x0000000705c00000|  0%| F|  |TAMS 0x0000000705b00000, 0x0000000705b00000| Untracked 
|  80|0x0000000705c00000, 0x0000000705c00000, 0x0000000705d00000|  0%| F|  |TAMS 0x0000000705c00000, 0x0000000705c00000| Untracked 
|  81|0x0000000705d00000, 0x0000000705d00000, 0x0000000705e00000|  0%| F|  |TAMS 0x0000000705d00000, 0x0000000705d00000| Untracked 
|  82|0x0000000705e00000, 0x0000000705e00000, 0x0000000705f00000|  0%| F|  |TAMS 0x0000000705e00000, 0x0000000705e00000| Untracked 
|  83|0x0000000705f00000, 0x0000000705f00000, 0x0000000706000000|  0%| F|  |TAMS 0x0000000705f00000, 0x0000000705f00000| Untracked 
|  84|0x0000000706000000, 0x0000000706000000, 0x0000000706100000|  0%| F|  |TAMS 0x0000000706000000, 0x0000000706000000| Untracked 
|  85|0x0000000706100000, 0x0000000706100000, 0x0000000706200000|  0%| F|  |TAMS 0x0000000706100000, 0x0000000706100000| Untracked 
|  86|0x0000000706200000, 0x0000000706200000, 0x0000000706300000|  0%| F|  |TAMS 0x0000000706200000, 0x0000000706200000| Untracked 
|  87|0x0000000706300000, 0x0000000706300000, 0x0000000706400000|  0%| F|  |TAMS 0x0000000706300000, 0x0000000706300000| Untracked 
|  88|0x0000000706400000, 0x0000000706400000, 0x0000000706500000|  0%| F|  |TAMS 0x0000000706400000, 0x0000000706400000| Untracked 
|  89|0x0000000706500000, 0x0000000706500000, 0x0000000706600000|  0%| F|  |TAMS 0x0000000706500000, 0x0000000706500000| Untracked 
|  90|0x0000000706600000, 0x0000000706600000, 0x0000000706700000|  0%| F|  |TAMS 0x0000000706600000, 0x0000000706600000| Untracked 
|  91|0x0000000706700000, 0x0000000706700000, 0x0000000706800000|  0%| F|  |TAMS 0x0000000706700000, 0x0000000706700000| Untracked 
|  92|0x0000000706800000, 0x0000000706800000, 0x0000000706900000|  0%| F|  |TAMS 0x0000000706800000, 0x0000000706800000| Untracked 
|  93|0x0000000706900000, 0x0000000706900000, 0x0000000706a00000|  0%| F|  |TAMS 0x0000000706900000, 0x0000000706900000| Untracked 
|  94|0x0000000706a00000, 0x0000000706a00000, 0x0000000706b00000|  0%| F|  |TAMS 0x0000000706a00000, 0x0000000706a00000| Untracked 
|  95|0x0000000706b00000, 0x0000000706b00000, 0x0000000706c00000|  0%| F|  |TAMS 0x0000000706b00000, 0x0000000706b00000| Untracked 
|  96|0x0000000706c00000, 0x0000000706c00000, 0x0000000706d00000|  0%| F|  |TAMS 0x0000000706c00000, 0x0000000706c00000| Untracked 
|  97|0x0000000706d00000, 0x0000000706d00000, 0x0000000706e00000|  0%| F|  |TAMS 0x0000000706d00000, 0x0000000706d00000| Untracked 
|  98|0x0000000706e00000, 0x0000000706e00000, 0x0000000706f00000|  0%| F|  |TAMS 0x0000000706e00000, 0x0000000706e00000| Untracked 
|  99|0x0000000706f00000, 0x0000000706f00000, 0x0000000707000000|  0%| F|  |TAMS 0x0000000706f00000, 0x0000000706f00000| Untracked 
| 100|0x0000000707000000, 0x0000000707000000, 0x0000000707100000|  0%| F|  |TAMS 0x0000000707000000, 0x0000000707000000| Untracked 
| 101|0x0000000707100000, 0x0000000707100000, 0x0000000707200000|  0%| F|  |TAMS 0x0000000707100000, 0x0000000707100000| Untracked 
| 102|0x0000000707200000, 0x0000000707200000, 0x0000000707300000|  0%| F|  |TAMS 0x0000000707200000, 0x0000000707200000| Untracked 
| 103|0x0000000707300000, 0x0000000707300000, 0x0000000707400000|  0%| F|  |TAMS 0x0000000707300000, 0x0000000707300000| Untracked 
| 104|0x0000000707400000, 0x0000000707400000, 0x0000000707500000|  0%| F|  |TAMS 0x0000000707400000, 0x0000000707400000| Untracked 
| 105|0x0000000707500000, 0x0000000707500000, 0x0000000707600000|  0%| F|  |TAMS 0x0000000707500000, 0x0000000707500000| Untracked 
| 106|0x0000000707600000, 0x0000000707600000, 0x0000000707700000|  0%| F|  |TAMS 0x0000000707600000, 0x0000000707600000| Untracked 
| 107|0x0000000707700000, 0x0000000707700000, 0x0000000707800000|  0%| F|  |TAMS 0x0000000707700000, 0x0000000707700000| Untracked 
| 108|0x0000000707800000, 0x0000000707800000, 0x0000000707900000|  0%| F|  |TAMS 0x0000000707800000, 0x0000000707800000| Untracked 
| 109|0x0000000707900000, 0x0000000707900000, 0x0000000707a00000|  0%| F|  |TAMS 0x0000000707900000, 0x0000000707900000| Untracked 
| 110|0x0000000707a00000, 0x0000000707a00000, 0x0000000707b00000|  0%| F|  |TAMS 0x0000000707a00000, 0x0000000707a00000| Untracked 
| 111|0x0000000707b00000, 0x0000000707b00000, 0x0000000707c00000|  0%| F|  |TAMS 0x0000000707b00000, 0x0000000707b00000| Untracked 
| 112|0x0000000707c00000, 0x0000000707c00000, 0x0000000707d00000|  0%| F|  |TAMS 0x0000000707c00000, 0x0000000707c00000| Untracked 
| 113|0x0000000707d00000, 0x0000000707d00000, 0x0000000707e00000|  0%| F|  |TAMS 0x0000000707d00000, 0x0000000707d00000| Untracked 
| 114|0x0000000707e00000, 0x0000000707e00000, 0x0000000707f00000|  0%| F|  |TAMS 0x0000000707e00000, 0x0000000707e00000| Untracked 
| 115|0x0000000707f00000, 0x0000000707f00000, 0x0000000708000000|  0%| F|  |TAMS 0x0000000707f00000, 0x0000000707f00000| Untracked 
| 116|0x0000000708000000, 0x0000000708000000, 0x0000000708100000|  0%| F|  |TAMS 0x0000000708000000, 0x0000000708000000| Untracked 
| 117|0x0000000708100000, 0x0000000708100000, 0x0000000708200000|  0%| F|  |TAMS 0x0000000708100000, 0x0000000708100000| Untracked 
| 118|0x0000000708200000, 0x0000000708200000, 0x0000000708300000|  0%| F|  |TAMS 0x0000000708200000, 0x0000000708200000| Untracked 
| 119|0x0000000708300000, 0x0000000708300000, 0x0000000708400000|  0%| F|  |TAMS 0x0000000708300000, 0x0000000708300000| Untracked 
| 120|0x0000000708400000, 0x0000000708400000, 0x0000000708500000|  0%| F|  |TAMS 0x0000000708400000, 0x0000000708400000| Untracked 
| 121|0x0000000708500000, 0x0000000708500000, 0x0000000708600000|  0%| F|  |TAMS 0x0000000708500000, 0x0000000708500000| Untracked 
| 122|0x0000000708600000, 0x0000000708600000, 0x0000000708700000|  0%| F|  |TAMS 0x0000000708600000, 0x0000000708600000| Untracked 
| 123|0x0000000708700000, 0x0000000708700000, 0x0000000708800000|  0%| F|  |TAMS 0x0000000708700000, 0x0000000708700000| Untracked 
| 124|0x0000000708800000, 0x0000000708800000, 0x0000000708900000|  0%| F|  |TAMS 0x0000000708800000, 0x0000000708800000| Untracked 
| 125|0x0000000708900000, 0x0000000708900000, 0x0000000708a00000|  0%| F|  |TAMS 0x0000000708900000, 0x0000000708900000| Untracked 
| 126|0x0000000708a00000, 0x0000000708a00000, 0x0000000708b00000|  0%| F|  |TAMS 0x0000000708a00000, 0x0000000708a00000| Untracked 
| 127|0x0000000708b00000, 0x0000000708b00000, 0x0000000708c00000|  0%| F|  |TAMS 0x0000000708b00000, 0x0000000708b00000| Untracked 
| 128|0x0000000708c00000, 0x0000000708c00000, 0x0000000708d00000|  0%| F|  |TAMS 0x0000000708c00000, 0x0000000708c00000| Untracked 
| 129|0x0000000708d00000, 0x0000000708d00000, 0x0000000708e00000|  0%| F|  |TAMS 0x0000000708d00000, 0x0000000708d00000| Untracked 
| 130|0x0000000708e00000, 0x0000000708e00000, 0x0000000708f00000|  0%| F|  |TAMS 0x0000000708e00000, 0x0000000708e00000| Untracked 
| 131|0x0000000708f00000, 0x0000000708f00000, 0x0000000709000000|  0%| F|  |TAMS 0x0000000708f00000, 0x0000000708f00000| Untracked 
| 132|0x0000000709000000, 0x0000000709000000, 0x0000000709100000|  0%| F|  |TAMS 0x0000000709000000, 0x0000000709000000| Untracked 
| 133|0x0000000709100000, 0x0000000709100000, 0x0000000709200000|  0%| F|  |TAMS 0x0000000709100000, 0x0000000709100000| Untracked 
| 134|0x0000000709200000, 0x0000000709200000, 0x0000000709300000|  0%| F|  |TAMS 0x0000000709200000, 0x0000000709200000| Untracked 
| 135|0x0000000709300000, 0x0000000709300000, 0x0000000709400000|  0%| F|  |TAMS 0x0000000709300000, 0x0000000709300000| Untracked 
| 136|0x0000000709400000, 0x0000000709400000, 0x0000000709500000|  0%| F|  |TAMS 0x0000000709400000, 0x0000000709400000| Untracked 
| 137|0x0000000709500000, 0x0000000709500000, 0x0000000709600000|  0%| F|  |TAMS 0x0000000709500000, 0x0000000709500000| Untracked 
| 138|0x0000000709600000, 0x0000000709600000, 0x0000000709700000|  0%| F|  |TAMS 0x0000000709600000, 0x0000000709600000| Untracked 
| 139|0x0000000709700000, 0x0000000709700000, 0x0000000709800000|  0%| F|  |TAMS 0x0000000709700000, 0x0000000709700000| Untracked 
| 140|0x0000000709800000, 0x0000000709800000, 0x0000000709900000|  0%| F|  |TAMS 0x0000000709800000, 0x0000000709800000| Untracked 
| 141|0x0000000709900000, 0x0000000709900000, 0x0000000709a00000|  0%| F|  |TAMS 0x0000000709900000, 0x0000000709900000| Untracked 
| 142|0x0000000709a00000, 0x0000000709a00000, 0x0000000709b00000|  0%| F|  |TAMS 0x0000000709a00000, 0x0000000709a00000| Untracked 
| 143|0x0000000709b00000, 0x0000000709b00000, 0x0000000709c00000|  0%| F|  |TAMS 0x0000000709b00000, 0x0000000709b00000| Untracked 
| 144|0x0000000709c00000, 0x0000000709c00000, 0x0000000709d00000|  0%| F|  |TAMS 0x0000000709c00000, 0x0000000709c00000| Untracked 
| 145|0x0000000709d00000, 0x0000000709d00000, 0x0000000709e00000|  0%| F|  |TAMS 0x0000000709d00000, 0x0000000709d00000| Untracked 
| 146|0x0000000709e00000, 0x0000000709e00000, 0x0000000709f00000|  0%| F|  |TAMS 0x0000000709e00000, 0x0000000709e00000| Untracked 
| 147|0x0000000709f00000, 0x0000000709f00000, 0x000000070a000000|  0%| F|  |TAMS 0x0000000709f00000, 0x0000000709f00000| Untracked 
| 148|0x000000070a000000, 0x000000070a000000, 0x000000070a100000|  0%| F|  |TAMS 0x000000070a000000, 0x000000070a000000| Untracked 
| 149|0x000000070a100000, 0x000000070a100000, 0x000000070a200000|  0%| F|  |TAMS 0x000000070a100000, 0x000000070a100000| Untracked 
| 150|0x000000070a200000, 0x000000070a200000, 0x000000070a300000|  0%| F|  |TAMS 0x000000070a200000, 0x000000070a200000| Untracked 
| 151|0x000000070a300000, 0x000000070a300000, 0x000000070a400000|  0%| F|  |TAMS 0x000000070a300000, 0x000000070a300000| Untracked 
| 152|0x000000070a400000, 0x000000070a400000, 0x000000070a500000|  0%| F|  |TAMS 0x000000070a400000, 0x000000070a400000| Untracked 
| 153|0x000000070a500000, 0x000000070a500000, 0x000000070a600000|  0%| F|  |TAMS 0x000000070a500000, 0x000000070a500000| Untracked 
| 154|0x000000070a600000, 0x000000070a600000, 0x000000070a700000|  0%| F|  |TAMS 0x000000070a600000, 0x000000070a600000| Untracked 
| 155|0x000000070a700000, 0x000000070a700000, 0x000000070a800000|  0%| F|  |TAMS 0x000000070a700000, 0x000000070a700000| Untracked 
| 156|0x000000070a800000, 0x000000070a800000, 0x000000070a900000|  0%| F|  |TAMS 0x000000070a800000, 0x000000070a800000| Untracked 
| 157|0x000000070a900000, 0x000000070a900000, 0x000000070aa00000|  0%| F|  |TAMS 0x000000070a900000, 0x000000070a900000| Untracked 
| 158|0x000000070aa00000, 0x000000070aa00000, 0x000000070ab00000|  0%| F|  |TAMS 0x000000070aa00000, 0x000000070aa00000| Untracked 
| 159|0x000000070ab00000, 0x000000070ab00000, 0x000000070ac00000|  0%| F|  |TAMS 0x000000070ab00000, 0x000000070ab00000| Untracked 
| 160|0x000000070ac00000, 0x000000070ac00000, 0x000000070ad00000|  0%| F|  |TAMS 0x000000070ac00000, 0x000000070ac00000| Untracked 
| 161|0x000000070ad00000, 0x000000070ad00000, 0x000000070ae00000|  0%| F|  |TAMS 0x000000070ad00000, 0x000000070ad00000| Untracked 
| 162|0x000000070ae00000, 0x000000070ae00000, 0x000000070af00000|  0%| F|  |TAMS 0x000000070ae00000, 0x000000070ae00000| Untracked 
| 163|0x000000070af00000, 0x000000070af00000, 0x000000070b000000|  0%| F|  |TAMS 0x000000070af00000, 0x000000070af00000| Untracked 
| 164|0x000000070b000000, 0x000000070b000000, 0x000000070b100000|  0%| F|  |TAMS 0x000000070b000000, 0x000000070b000000| Untracked 
| 165|0x000000070b100000, 0x000000070b100000, 0x000000070b200000|  0%| F|  |TAMS 0x000000070b100000, 0x000000070b100000| Untracked 
| 166|0x000000070b200000, 0x000000070b200000, 0x000000070b300000|  0%| F|  |TAMS 0x000000070b200000, 0x000000070b200000| Untracked 
| 167|0x000000070b300000, 0x000000070b300000, 0x000000070b400000|  0%| F|  |TAMS 0x000000070b300000, 0x000000070b300000| Untracked 
| 168|0x000000070b400000, 0x000000070b400000, 0x000000070b500000|  0%| F|  |TAMS 0x000000070b400000, 0x000000070b400000| Untracked 
| 169|0x000000070b500000, 0x000000070b500000, 0x000000070b600000|  0%| F|  |TAMS 0x000000070b500000, 0x000000070b500000| Untracked 
| 170|0x000000070b600000, 0x000000070b600000, 0x000000070b700000|  0%| F|  |TAMS 0x000000070b600000, 0x000000070b600000| Untracked 
| 171|0x000000070b700000, 0x000000070b700000, 0x000000070b800000|  0%| F|  |TAMS 0x000000070b700000, 0x000000070b700000| Untracked 
| 172|0x000000070b800000, 0x000000070b800000, 0x000000070b900000|  0%| F|  |TAMS 0x000000070b800000, 0x000000070b800000| Untracked 
| 173|0x000000070b900000, 0x000000070b900000, 0x000000070ba00000|  0%| F|  |TAMS 0x000000070b900000, 0x000000070b900000| Untracked 
| 174|0x000000070ba00000, 0x000000070ba00000, 0x000000070bb00000|  0%| F|  |TAMS 0x000000070ba00000, 0x000000070ba00000| Untracked 
| 175|0x000000070bb00000, 0x000000070bb00000, 0x000000070bc00000|  0%| F|  |TAMS 0x000000070bb00000, 0x000000070bb00000| Untracked 
| 176|0x000000070bc00000, 0x000000070bc00000, 0x000000070bd00000|  0%| F|  |TAMS 0x000000070bc00000, 0x000000070bc00000| Untracked 
| 177|0x000000070bd00000, 0x000000070bd00000, 0x000000070be00000|  0%| F|  |TAMS 0x000000070bd00000, 0x000000070bd00000| Untracked 
| 178|0x000000070be00000, 0x000000070be00000, 0x000000070bf00000|  0%| F|  |TAMS 0x000000070be00000, 0x000000070be00000| Untracked 
| 179|0x000000070bf00000, 0x000000070bf00000, 0x000000070c000000|  0%| F|  |TAMS 0x000000070bf00000, 0x000000070bf00000| Untracked 
| 180|0x000000070c000000, 0x000000070c000000, 0x000000070c100000|  0%| F|  |TAMS 0x000000070c000000, 0x000000070c000000| Untracked 
| 181|0x000000070c100000, 0x000000070c100000, 0x000000070c200000|  0%| F|  |TAMS 0x000000070c100000, 0x000000070c100000| Untracked 
| 182|0x000000070c200000, 0x000000070c200000, 0x000000070c300000|  0%| F|  |TAMS 0x000000070c200000, 0x000000070c200000| Untracked 
| 183|0x000000070c300000, 0x000000070c300000, 0x000000070c400000|  0%| F|  |TAMS 0x000000070c300000, 0x000000070c300000| Untracked 
| 184|0x000000070c400000, 0x000000070c400000, 0x000000070c500000|  0%| F|  |TAMS 0x000000070c400000, 0x000000070c400000| Untracked 
| 185|0x000000070c500000, 0x000000070c500000, 0x000000070c600000|  0%| F|  |TAMS 0x000000070c500000, 0x000000070c500000| Untracked 
| 186|0x000000070c600000, 0x000000070c600000, 0x000000070c700000|  0%| F|  |TAMS 0x000000070c600000, 0x000000070c600000| Untracked 
| 187|0x000000070c700000, 0x000000070c700000, 0x000000070c800000|  0%| F|  |TAMS 0x000000070c700000, 0x000000070c700000| Untracked 
| 188|0x000000070c800000, 0x000000070c800000, 0x000000070c900000|  0%| F|  |TAMS 0x000000070c800000, 0x000000070c800000| Untracked 
| 189|0x000000070c900000, 0x000000070c900000, 0x000000070ca00000|  0%| F|  |TAMS 0x000000070c900000, 0x000000070c900000| Untracked 
| 190|0x000000070ca00000, 0x000000070ca00000, 0x000000070cb00000|  0%| F|  |TAMS 0x000000070ca00000, 0x000000070ca00000| Untracked 
| 191|0x000000070cb00000, 0x000000070cb00000, 0x000000070cc00000|  0%| F|  |TAMS 0x000000070cb00000, 0x000000070cb00000| Untracked 
| 192|0x000000070cc00000, 0x000000070cc00000, 0x000000070cd00000|  0%| F|  |TAMS 0x000000070cc00000, 0x000000070cc00000| Untracked 
| 193|0x000000070cd00000, 0x000000070cd00000, 0x000000070ce00000|  0%| F|  |TAMS 0x000000070cd00000, 0x000000070cd00000| Untracked 
| 194|0x000000070ce00000, 0x000000070ce00000, 0x000000070cf00000|  0%| F|  |TAMS 0x000000070ce00000, 0x000000070ce00000| Untracked 
| 195|0x000000070cf00000, 0x000000070cf00000, 0x000000070d000000|  0%| F|  |TAMS 0x000000070cf00000, 0x000000070cf00000| Untracked 
| 196|0x000000070d000000, 0x000000070d000000, 0x000000070d100000|  0%| F|  |TAMS 0x000000070d000000, 0x000000070d000000| Untracked 
| 197|0x000000070d100000, 0x000000070d100000, 0x000000070d200000|  0%| F|  |TAMS 0x000000070d100000, 0x000000070d100000| Untracked 
| 198|0x000000070d200000, 0x000000070d200000, 0x000000070d300000|  0%| F|  |TAMS 0x000000070d200000, 0x000000070d200000| Untracked 
| 199|0x000000070d300000, 0x000000070d300000, 0x000000070d400000|  0%| F|  |TAMS 0x000000070d300000, 0x000000070d300000| Untracked 
| 200|0x000000070d400000, 0x000000070d400000, 0x000000070d500000|  0%| F|  |TAMS 0x000000070d400000, 0x000000070d400000| Untracked 
| 201|0x000000070d500000, 0x000000070d500000, 0x000000070d600000|  0%| F|  |TAMS 0x000000070d500000, 0x000000070d500000| Untracked 
| 202|0x000000070d600000, 0x000000070d600000, 0x000000070d700000|  0%| F|  |TAMS 0x000000070d600000, 0x000000070d600000| Untracked 
| 203|0x000000070d700000, 0x000000070d700000, 0x000000070d800000|  0%| F|  |TAMS 0x000000070d700000, 0x000000070d700000| Untracked 
| 204|0x000000070d800000, 0x000000070d800000, 0x000000070d900000|  0%| F|  |TAMS 0x000000070d800000, 0x000000070d800000| Untracked 
| 205|0x000000070d900000, 0x000000070d900000, 0x000000070da00000|  0%| F|  |TAMS 0x000000070d900000, 0x000000070d900000| Untracked 
| 206|0x000000070da00000, 0x000000070da00000, 0x000000070db00000|  0%| F|  |TAMS 0x000000070da00000, 0x000000070da00000| Untracked 
| 207|0x000000070db00000, 0x000000070db00000, 0x000000070dc00000|  0%| F|  |TAMS 0x000000070db00000, 0x000000070db00000| Untracked 
| 208|0x000000070dc00000, 0x000000070dc00000, 0x000000070dd00000|  0%| F|  |TAMS 0x000000070dc00000, 0x000000070dc00000| Untracked 
| 209|0x000000070dd00000, 0x000000070dd00000, 0x000000070de00000|  0%| F|  |TAMS 0x000000070dd00000, 0x000000070dd00000| Untracked 
| 210|0x000000070de00000, 0x000000070de00000, 0x000000070df00000|  0%| F|  |TAMS 0x000000070de00000, 0x000000070de00000| Untracked 
| 211|0x000000070df00000, 0x000000070df00000, 0x000000070e000000|  0%| F|  |TAMS 0x000000070df00000, 0x000000070df00000| Untracked 
| 212|0x000000070e000000, 0x000000070e000000, 0x000000070e100000|  0%| F|  |TAMS 0x000000070e000000, 0x000000070e000000| Untracked 
| 213|0x000000070e100000, 0x000000070e100000, 0x000000070e200000|  0%| F|  |TAMS 0x000000070e100000, 0x000000070e100000| Untracked 
| 214|0x000000070e200000, 0x000000070e200000, 0x000000070e300000|  0%| F|  |TAMS 0x000000070e200000, 0x000000070e200000| Untracked 
| 215|0x000000070e300000, 0x000000070e300000, 0x000000070e400000|  0%| F|  |TAMS 0x000000070e300000, 0x000000070e300000| Untracked 
| 216|0x000000070e400000, 0x000000070e400000, 0x000000070e500000|  0%| F|  |TAMS 0x000000070e400000, 0x000000070e400000| Untracked 
| 217|0x000000070e500000, 0x000000070e500000, 0x000000070e600000|  0%| F|  |TAMS 0x000000070e500000, 0x000000070e500000| Untracked 
| 218|0x000000070e600000, 0x000000070e600000, 0x000000070e700000|  0%| F|  |TAMS 0x000000070e600000, 0x000000070e600000| Untracked 
| 219|0x000000070e700000, 0x000000070e700000, 0x000000070e800000|  0%| F|  |TAMS 0x000000070e700000, 0x000000070e700000| Untracked 
| 220|0x000000070e800000, 0x000000070e800000, 0x000000070e900000|  0%| F|  |TAMS 0x000000070e800000, 0x000000070e800000| Untracked 
| 221|0x000000070e900000, 0x000000070e900000, 0x000000070ea00000|  0%| F|  |TAMS 0x000000070e900000, 0x000000070e900000| Untracked 
| 222|0x000000070ea00000, 0x000000070ea00000, 0x000000070eb00000|  0%| F|  |TAMS 0x000000070ea00000, 0x000000070ea00000| Untracked 
| 223|0x000000070eb00000, 0x000000070eb00000, 0x000000070ec00000|  0%| F|  |TAMS 0x000000070eb00000, 0x000000070eb00000| Untracked 
| 224|0x000000070ec00000, 0x000000070ec00000, 0x000000070ed00000|  0%| F|  |TAMS 0x000000070ec00000, 0x000000070ec00000| Untracked 
| 225|0x000000070ed00000, 0x000000070ed00000, 0x000000070ee00000|  0%| F|  |TAMS 0x000000070ed00000, 0x000000070ed00000| Untracked 
| 226|0x000000070ee00000, 0x000000070ee00000, 0x000000070ef00000|  0%| F|  |TAMS 0x000000070ee00000, 0x000000070ee00000| Untracked 
| 227|0x000000070ef00000, 0x000000070ef00000, 0x000000070f000000|  0%| F|  |TAMS 0x000000070ef00000, 0x000000070ef00000| Untracked 
| 228|0x000000070f000000, 0x000000070f000000, 0x000000070f100000|  0%| F|  |TAMS 0x000000070f000000, 0x000000070f000000| Untracked 
| 229|0x000000070f100000, 0x000000070f100000, 0x000000070f200000|  0%| F|  |TAMS 0x000000070f100000, 0x000000070f100000| Untracked 
| 230|0x000000070f200000, 0x000000070f200000, 0x000000070f300000|  0%| F|  |TAMS 0x000000070f200000, 0x000000070f200000| Untracked 
| 231|0x000000070f300000, 0x000000070f300000, 0x000000070f400000|  0%| F|  |TAMS 0x000000070f300000, 0x000000070f300000| Untracked 
| 232|0x000000070f400000, 0x000000070f400000, 0x000000070f500000|  0%| F|  |TAMS 0x000000070f400000, 0x000000070f400000| Untracked 
| 233|0x000000070f500000, 0x000000070f500000, 0x000000070f600000|  0%| F|  |TAMS 0x000000070f500000, 0x000000070f500000| Untracked 
| 234|0x000000070f600000, 0x000000070f600000, 0x000000070f700000|  0%| F|  |TAMS 0x000000070f600000, 0x000000070f600000| Untracked 
| 235|0x000000070f700000, 0x000000070f700000, 0x000000070f800000|  0%| F|  |TAMS 0x000000070f700000, 0x000000070f700000| Untracked 
| 236|0x000000070f800000, 0x000000070f800000, 0x000000070f900000|  0%| F|  |TAMS 0x000000070f800000, 0x000000070f800000| Untracked 
| 237|0x000000070f900000, 0x000000070f900000, 0x000000070fa00000|  0%| F|  |TAMS 0x000000070f900000, 0x000000070f900000| Untracked 
| 238|0x000000070fa00000, 0x000000070fa00000, 0x000000070fb00000|  0%| F|  |TAMS 0x000000070fa00000, 0x000000070fa00000| Untracked 
| 239|0x000000070fb00000, 0x000000070fb00000, 0x000000070fc00000|  0%| F|  |TAMS 0x000000070fb00000, 0x000000070fb00000| Untracked 
| 240|0x000000070fc00000, 0x000000070fd00000, 0x000000070fd00000|100%| S|  |TAMS 0x000000070fc00000, 0x000000070fc00000| Complete 
| 241|0x000000070fd00000, 0x000000070fe00000, 0x000000070fe00000|100%| S|  |TAMS 0x000000070fd00000, 0x000000070fd00000| Complete 
| 242|0x000000070fe00000, 0x000000070ff00000, 0x000000070ff00000|100%| E|CS|TAMS 0x000000070fe00000, 0x000000070fe00000| Complete 
| 243|0x000000070ff00000, 0x0000000710000000, 0x0000000710000000|100%| E|CS|TAMS 0x000000070ff00000, 0x000000070ff00000| Complete 
| 244|0x0000000710000000, 0x0000000710100000, 0x0000000710100000|100%| E|CS|TAMS 0x0000000710000000, 0x0000000710000000| Complete 
| 245|0x0000000710100000, 0x0000000710200000, 0x0000000710200000|100%| E|CS|TAMS 0x0000000710100000, 0x0000000710100000| Complete 
| 246|0x0000000710200000, 0x0000000710300000, 0x0000000710300000|100%| E|CS|TAMS 0x0000000710200000, 0x0000000710200000| Complete 
| 247|0x0000000710300000, 0x0000000710400000, 0x0000000710400000|100%| E|CS|TAMS 0x0000000710300000, 0x0000000710300000| Complete 
| 248|0x0000000710400000, 0x0000000710500000, 0x0000000710500000|100%| E|CS|TAMS 0x0000000710400000, 0x0000000710400000| Complete 
| 249|0x0000000710500000, 0x0000000710600000, 0x0000000710600000|100%| E|CS|TAMS 0x0000000710500000, 0x0000000710500000| Complete 
| 250|0x0000000710600000, 0x0000000710700000, 0x0000000710700000|100%| E|CS|TAMS 0x0000000710600000, 0x0000000710600000| Complete 
| 251|0x0000000710700000, 0x0000000710800000, 0x0000000710800000|100%| E|CS|TAMS 0x0000000710700000, 0x0000000710700000| Complete 
| 252|0x0000000710800000, 0x0000000710900000, 0x0000000710900000|100%| E|CS|TAMS 0x0000000710800000, 0x0000000710800000| Complete 
| 253|0x0000000710900000, 0x0000000710a00000, 0x0000000710a00000|100%| E|CS|TAMS 0x0000000710900000, 0x0000000710900000| Complete 
| 254|0x0000000710a00000, 0x0000000710b00000, 0x0000000710b00000|100%| E|CS|TAMS 0x0000000710a00000, 0x0000000710a00000| Complete 
| 255|0x0000000710b00000, 0x0000000710c00000, 0x0000000710c00000|100%| E|CS|TAMS 0x0000000710b00000, 0x0000000710b00000| Complete 
|3058|0x00000007bfe00000, 0x00000007bfe47000, 0x00000007bff00000| 27%|OA|  |TAMS 0x00000007bfe00000, 0x00000007bfe00000| Untracked 
|3059|0x00000007bff00000, 0x00000007bff6a000, 0x00000007c0000000| 41%|CA|  |TAMS 0x00000007bff00000, 0x00000007bff00000| Untracked 

Card table byte_map: [0x00007f1de3000000,0x00007f1de37fa000] _byte_map_base: 0x00007f1ddf7fa000

Marking Bits (Prev, Next): (CMBitMap*) 0x0000000002ae6a18, (CMBitMap*) 0x0000000002ae6a50
 Prev Bits: [0x00007f1dde830000, 0x00007f1de2800000)
 Next Bits: [0x00007f1dda860000, 0x00007f1dde830000)

Polling page: 0x00007f1e0bd90000

Metaspace:

Usage:
  Non-class:      5.61 MB capacity,     4.27 MB ( 76%) used,     1.34 MB ( 24%) free+waste,     7.81 KB ( <1%) overhead. 
      Class:    704.00 KB capacity,   564.73 KB ( 80%) used,   135.02 KB ( 19%) free+waste,     4.25 KB ( <1%) overhead. 
       Both:      6.30 MB capacity,     4.82 MB ( 76%) used,     1.47 MB ( 23%) free+waste,    12.06 KB ( <1%) overhead. 

Virtual space:
  Non-class space:        8.00 MB reserved,       5.75 MB ( 72%) committed 
      Class space:        1.00 GB reserved,     768.00 KB ( <1%) committed 
             Both:        1.01 GB reserved,       6.50 MB ( <1%) committed 

Chunk freelists:
   Non-Class:  13.00 KB
       Class:  0 bytes
        Both:  13.00 KB

MaxMetaspaceSize: unlimited
CompressedClassSpaceSize: 1.00 GB

CodeHeap 'non-profiled nmethods': size=120032Kb used=255Kb max_used=255Kb free=119776Kb
 bounds [0x00007f1defde8000, 0x00007f1df0058000, 0x00007f1df7320000]
CodeHeap 'profiled nmethods': size=120032Kb used=1344Kb max_used=1344Kb free=118687Kb
 bounds [0x00007f1de88b0000, 0x00007f1de8b20000, 0x00007f1defde8000]
CodeHeap 'non-nmethods': size=5696Kb used=1080Kb max_used=1093Kb free=4615Kb
 bounds [0x00007f1de8320000, 0x00007f1de8590000, 0x00007f1de88b0000]
 total_blobs=1336 nmethods=751 adapters=297
 compilation: enabled
              stopped_count=0, restarted_count=0
 full_count=0

Compilation events (20 events):
Event: 0.478 Thread 0x0000000003066800 nmethod 741 0x00007f1de89f8e90 code [0x00007f1de89f9160, 0x00007f1de89f9e08]
Event: 0.478 Thread 0x0000000003066800  742       3       jadx.core.utils.files.ZipSecurity::isValidZipEntry (23 bytes)
Event: 0.478 Thread 0x0000000003066800 nmethod 742 0x00007f1de89fa210 code [0x00007f1de89fa400, 0x00007f1de89fa708]
Event: 0.478 Thread 0x0000000003066800  743   !   3       jadx.core.utils.files.ZipSecurity::isValidZipEntryName (63 bytes)
Event: 0.479 Thread 0x0000000003066800 nmethod 743 0x00007f1de89fa810 code [0x00007f1de89facc0, 0x00007f1de89fcfe8]
Event: 0.479 Thread 0x0000000003066800  744       3       java.util.LinkedHashMap$LinkedKeyIterator::next (8 bytes)
Event: 0.479 Thread 0x0000000003066800 nmethod 744 0x00007f1de89fde10 code [0x00007f1de89fdfe0, 0x00007f1de89fe1a8]
Event: 0.479 Thread 0x0000000003064800  745       4       java.util.HashMap::getNode (148 bytes)
Event: 0.481 Thread 0x0000000003064800 nmethod 745 0x00007f1defe26610 code [0x00007f1defe267c0, 0x00007f1defe26a18]
Event: 0.483 Thread 0x00007f1da814e800  747       4       java.io.UnixFileSystem::normalize (75 bytes)
Event: 0.484 Thread 0x00007f1da814e800 nmethod 747 0x00007f1defe26c10 code [0x00007f1defe26dc0, 0x00007f1defe26f88]
Event: 0.488 Thread 0x0000000003066800  748  s    3       java.io.ExpiringCache::put (70 bytes)
Event: 0.489 Thread 0x0000000003066800 nmethod 748 0x00007f1de89fe290 code [0x00007f1de89fe4a0, 0x00007f1de89fec88]
Event: 0.489 Thread 0x0000000003066800  749       3       java.io.File::<init> (47 bytes)
Event: 0.489 Thread 0x0000000003066800 nmethod 749 0x00007f1de89fee90 code [0x00007f1de89ff0e0, 0x00007f1de89ff998]
Event: 0.489 Thread 0x0000000003066800  750       3       java.io.ExpiringCache$1::removeEldestEntry (20 bytes)
Event: 0.489 Thread 0x0000000003066800 nmethod 750 0x00007f1de89ffc90 code [0x00007f1de89ffe40, 0x00007f1de8a000d0]
Event: 0.493 Thread 0x00007f1da814e800  751       4       java.util.HashMap::putVal (300 bytes)
Event: 0.500 Thread 0x00007f1da814e800 nmethod 751 0x00007f1defe27190 code [0x00007f1defe27380, 0x00007f1defe27b28]
Event: 0.500 Thread 0x0000000003066800  752       3       jadx.core.utils.files.ZipSecurity::isZipBomb (108 bytes)

GC Heap History (1 events):
Event: 0.500 GC heap before
{Heap before GC invocations=0 (full 0):
 garbage-first heap   total 264192K, used 14020K [0x0000000700c00000, 0x0000000800000000)
  region size 1024K, 14 young (14336K), 0 survivors (0K)
 Metaspace       used 4934K, capacity 6451K, committed 6656K, reserved 1056768K
  class space    used 564K, capacity 704K, committed 768K, reserved 1048576K
}

Deoptimization events (12 events):
Event: 0.154 Thread 0x0000000002aba800 DEOPT PACKING pc=0x00007f1de88dbb30 sp=0x00007fffcc9ca830
Event: 0.154 Thread 0x0000000002aba800 DEOPT UNPACKING pc=0x00007f1de83488ba sp=0x00007fffcc9c9ca8 mode 0
Event: 0.157 Thread 0x0000000002aba800 DEOPT PACKING pc=0x00007f1de88dcfc2 sp=0x00007fffcc9c83e0
Event: 0.157 Thread 0x0000000002aba800 DEOPT UNPACKING pc=0x00007f1de83488ba sp=0x00007fffcc9c7868 mode 0
Event: 0.159 Thread 0x0000000002aba800 DEOPT PACKING pc=0x00007f1de88d1c6f sp=0x00007fffcc9ca560
Event: 0.159 Thread 0x0000000002aba800 DEOPT UNPACKING pc=0x00007f1de83488ba sp=0x00007fffcc9c9a20 mode 0
Event: 0.161 Thread 0x0000000002aba800 DEOPT PACKING pc=0x00007f1de88d1c6f sp=0x00007fffcc9c9fb0
Event: 0.161 Thread 0x0000000002aba800 DEOPT UNPACKING pc=0x00007f1de83488ba sp=0x00007fffcc9c9470 mode 0
Event: 0.372 Thread 0x0000000002aba800 Uncommon trap: trap_request=0xffffff4d fr.pc=0x00007f1defde8224 relative=0x0000000000000084
Event: 0.372 Thread 0x0000000002aba800 Uncommon trap: reason=unstable_if action=reinterpret pc=0x00007f1defde8224 method=java.lang.String.isLatin1()Z @ 10 c2
Event: 0.372 Thread 0x0000000002aba800 DEOPT PACKING pc=0x00007f1defde8224 sp=0x00007fffcc9ca6e0
Event: 0.372 Thread 0x0000000002aba800 DEOPT UNPACKING pc=0x00007f1de8348aa5 sp=0x00007fffcc9ca640 mode 2

Classes redefined (0 events):
No events

Internal exceptions (8 events):
Event: 0.177 Thread 0x0000000002aba800 Exception <a 'java/lang/ClassNotFoundException'{0x00000007108b0ec0}: javax/smartcardio/CardPermission> (0x00000007108b0ec0) thrown at [/build/openjdk-lts-iuKaMP/openjdk-lts-11.0.6+10/src/hotspot/share/classfile/systemDictionary.cpp, line 231]
Event: 0.179 Thread 0x0000000002aba800 Exception <a 'java/io/FileNotFoundException'{0x00000007108bde38}> (0x00000007108bde38) thrown at [/build/openjdk-lts-iuKaMP/openjdk-lts-11.0.6+10/src/hotspot/share/prims/jni.cpp, line 615]
Event: 0.237 Thread 0x0000000002aba800 Exception <a 'java/lang/NoSuchMethodError'{0x00000007106400f0}: 'java.lang.Object java.lang.invoke.DirectMethodHandle$Holder.invokeStatic(java.lang.Object, java.lang.Object, java.lang.Object, java.lang.Object, java.lang.Object, java.lang.Object, java.lang
Event: 0.240 Thread 0x0000000002aba800 Exception <a 'java/lang/NoSuchMethodError'{0x000000071064e298}: 'java.lang.Object java.lang.invoke.DirectMethodHandle$Holder.invokeStatic(java.lang.Object, java.lang.Object, java.lang.Object, java.lang.Object, java.lang.Object, java.lang.Object, java.lang
Event: 0.243 Thread 0x0000000002aba800 Exception <a 'java/lang/NoSuchMethodError'{0x000000071065d398}: 'java.lang.Object java.lang.invoke.DirectMethodHandle$Holder.invokeSpecial(java.lang.Object, java.lang.Object, int, int, java.lang.Object, java.lang.Object, java.lang.Object)'> (0x00000007106
Event: 0.243 Thread 0x0000000002aba800 Exception <a 'java/lang/NoSuchMethodError'{0x0000000710660928}: 'java.lang.Object java.lang.invoke.DelegatingMethodHandle$Holder.reinvoke_L(java.lang.Object, int, int, java.lang.Object, java.lang.Object, java.lang.Object)'> (0x0000000710660928) thrown at 
Event: 0.244 Thread 0x0000000002aba800 Exception <a 'java/lang/NoSuchMethodError'{0x0000000710664d30}: 'java.lang.Object java.lang.invoke.DirectMethodHandle$Holder.invokeStatic(java.lang.Object, java.lang.Object, java.lang.Object, java.lang.Object, int)'> (0x0000000710664d30) thrown at [/build
Event: 0.377 Thread 0x0000000002aba800 Exception <a 'java/lang/NoSuchMethodError'{0x00000007102aae30}: 'org.slf4j.impl.StaticMDCBinder org.slf4j.impl.StaticMDCBinder.getSingleton()'> (0x00000007102aae30) thrown at [/build/openjdk-lts-iuKaMP/openjdk-lts-11.0.6+10/src/hotspot/share/interpreter/l

Events (20 events):
Event: 0.433 loading class java/security/MessageDigest$Delegate done
Event: 0.433 loading class sun/security/provider/ByteArrayAccess
Event: 0.433 loading class sun/security/provider/ByteArrayAccess done
Event: 0.433 loading class sun/nio/fs/UnixFileModeAttribute$1
Event: 0.433 loading class sun/nio/fs/UnixFileModeAttribute$1 done
Event: 0.435 loading class java/io/DeleteOnExitHook
Event: 0.435 loading class java/io/DeleteOnExitHook done
Event: 0.435 loading class java/io/DeleteOnExitHook$1
Event: 0.435 loading class java/io/DeleteOnExitHook$1 done
Event: 0.437 loading class java/util/zip/ZipFile$ZipEntryIterator
Event: 0.437 loading class java/util/zip/ZipFile$ZipEntryIterator done
Event: 0.442 loading class java/io/RandomAccessFile$1
Event: 0.442 loading class java/io/RandomAccessFile$1 done
Event: 0.444 loading class jadx/core/utils/files/ZipSecurity
Event: 0.444 loading class jadx/core/utils/files/ZipSecurity done
Event: 0.480 Loaded shared library /usr/lib/jvm/default-java/lib/server/libjvm.so
Event: 0.480 Loaded shared library /usr/lib/jvm/default-java/lib/server/libjvm.so
Event: 0.481 Loaded shared library /usr/lib/jvm/default-java/lib/server/libjvm.so
Event: 0.481 Loaded shared library /usr/lib/jvm/default-java/lib/server/libjvm.so
Event: 0.500 Executing VM operation: G1CollectForAllocation


Dynamic libraries:
00400000-007b3000 r-xp 00000000 00:00 709815                     /usr/bin/python3.6
007b3000-007b4000 r-xp 003b3000 00:00 709815                     /usr/bin/python3.6
009b3000-009b4000 r--p 003b3000 00:00 709815                     /usr/bin/python3.6
009b4000-00a51000 rw-p 003b4000 00:00 709815                     /usr/bin/python3.6
00a51000-00a84000 rw-p 00000000 00:00 0
02558000-03c0a000 rw-p 00000000 00:00 0                          [heap]
700c00000-710c00000 rw-p 00000000 00:00 0
710c00000-7bfe00000 ---p 00000000 00:00 0
7bfe00000-7bfe47000 rw-p 01105000 00:00 751417                   /usr/lib/jvm/java-11-openjdk-amd64/lib/server/classes.jsa
7bfe47000-7bff00000 rw-p 00000000 00:00 0
7bff00000-7bff6a000 rw-p 0109b000 00:00 751417                   /usr/lib/jvm/java-11-openjdk-amd64/lib/server/classes.jsa
7bff6a000-7c0000000 rw-p 00000000 00:00 0
7c0000000-800000000 ---p 00000000 00:00 0
800000000-800002000 rwxp 00001000 00:00 751417                   /usr/lib/jvm/java-11-openjdk-amd64/lib/server/classes.jsa
800002000-8003b8000 rw-p 00003000 00:00 751417                   /usr/lib/jvm/java-11-openjdk-amd64/lib/server/classes.jsa
8003b8000-800a8d000 r--p 003b9000 00:00 751417                   /usr/lib/jvm/java-11-openjdk-amd64/lib/server/classes.jsa
800a8d000-800a8e000 rw-p 00a8e000 00:00 751417                   /usr/lib/jvm/java-11-openjdk-amd64/lib/server/classes.jsa
800a8e000-80109a000 r--p 00a8f000 00:00 751417                   /usr/lib/jvm/java-11-openjdk-amd64/lib/server/classes.jsa
840000000-8400c0000 rw-p 00000000 00:00 0
8400c0000-880000000 ---p 00000000 00:00 0
7f1d88000000-7f1d88021000 rw-p 00000000 00:00 0
7f1d88021000-7f1d8c000000 ---p 00000000 00:00 0
7f1d90000000-7f1d90021000 rw-p 00000000 00:00 0
7f1d90021000-7f1d94000000 ---p 00000000 00:00 0
7f1d94000000-7f1d94021000 rw-p 00000000 00:00 0
7f1d94021000-7f1d98000000 ---p 00000000 00:00 0
7f1d98000000-7f1d98021000 rw-p 00000000 00:00 0
7f1d98021000-7f1d9c000000 ---p 00000000 00:00 0
7f1d9c000000-7f1d9c188000 rw-p 00000000 00:00 0
7f1d9c188000-7f1da0000000 ---p 00000000 00:00 0
7f1da0000000-7f1da0021000 rw-p 00000000 00:00 0
7f1da0021000-7f1da4000000 ---p 00000000 00:00 0
7f1da4000000-7f1da4021000 rw-p 00000000 00:00 0
7f1da4021000-7f1da8000000 ---p 00000000 00:00 0
7f1da8000000-7f1da8256000 rw-p 00000000 00:00 0
7f1da8256000-7f1dac000000 ---p 00000000 00:00 0
7f1dac000000-7f1dac021000 rw-p 00000000 00:00 0
7f1dac021000-7f1db0000000 ---p 00000000 00:00 0
7f1db0000000-7f1db0021000 rw-p 00000000 00:00 0
7f1db0021000-7f1db4000000 ---p 00000000 00:00 0
7f1db4000000-7f1db4289000 rw-p 00000000 00:00 0
7f1db4289000-7f1db8000000 ---p 00000000 00:00 0
7f1db8000000-7f1db8021000 rw-p 00000000 00:00 0
7f1db8021000-7f1dbc000000 ---p 00000000 00:00 0
7f1dbc000000-7f1dbc021000 rw-p 00000000 00:00 0
7f1dbc021000-7f1dc0000000 ---p 00000000 00:00 0
7f1dc0000000-7f1dc0021000 rw-p 00000000 00:00 0
7f1dc0021000-7f1dc4000000 ---p 00000000 00:00 0
7f1dc4000000-7f1dc4021000 rw-p 00000000 00:00 0
7f1dc4021000-7f1dc8000000 ---p 00000000 00:00 0
7f1dca810000-7f1dca811000 ---p 00000000 00:00 0
7f1dca811000-7f1dca912000 rw-p 00000000 00:00 0
7f1dca920000-7f1dca921000 ---p 00000000 00:00 0
7f1dca921000-7f1dcaa22000 rw-p 00000000 00:00 0
7f1dcaa30000-7f1dcaa31000 ---p 00000000 00:00 0
7f1dcaa31000-7f1dcab32000 rw-p 00000000 00:00 0
7f1dcab40000-7f1dcab44000 ---p 00000000 00:00 0
7f1dcab44000-7f1dcac41000 rw-p 00000000 00:00 0
7f1dcac50000-7f1dcac66000 r-xp 00000000 00:00 749026             /usr/lib/jvm/java-11-openjdk-amd64/lib/libnet.so
7f1dcac66000-7f1dcac67000 ---p 00016000 00:00 749026             /usr/lib/jvm/java-11-openjdk-amd64/lib/libnet.so
7f1dcac67000-7f1dcae65000 ---p 00000017 00:00 749026             /usr/lib/jvm/java-11-openjdk-amd64/lib/libnet.so
7f1dcae65000-7f1dcae66000 r--p 00015000 00:00 749026             /usr/lib/jvm/java-11-openjdk-amd64/lib/libnet.so
7f1dcae66000-7f1dcae67000 rw-p 00016000 00:00 749026             /usr/lib/jvm/java-11-openjdk-amd64/lib/libnet.so
7f1dcae70000-7f1dcae80000 r-xp 00000000 00:00 749027             /usr/lib/jvm/java-11-openjdk-amd64/lib/libnio.so
7f1dcae80000-7f1dcae81000 ---p 00010000 00:00 749027             /usr/lib/jvm/java-11-openjdk-amd64/lib/libnio.so
7f1dcae81000-7f1dcb07f000 ---p 00000011 00:00 749027             /usr/lib/jvm/java-11-openjdk-amd64/lib/libnio.so
7f1dcb07f000-7f1dcb080000 r--p 0000f000 00:00 749027             /usr/lib/jvm/java-11-openjdk-amd64/lib/libnio.so
7f1dcb080000-7f1dcb081000 rw-p 00010000 00:00 749027             /usr/lib/jvm/java-11-openjdk-amd64/lib/libnio.so
7f1dcb090000-7f1dcb094000 ---p 00000000 00:00 0
7f1dcb094000-7f1dcb191000 rw-p 00000000 00:00 0
7f1dcb1a0000-7f1dcb1a1000 ---p 00000000 00:00 0
7f1dcb1a1000-7f1dcb2a2000 rw-p 00000000 00:00 0
7f1dcb2b0000-7f1dcb2b4000 ---p 00000000 00:00 0
7f1dcb2b4000-7f1dcb3b1000 rw-p 00000000 00:00 0
7f1dcb3c0000-7f1dcb3c4000 ---p 00000000 00:00 0
7f1dcb3c4000-7f1dcb4c1000 rw-p 00000000 00:00 0
7f1dcb4d0000-7f1dcb4d4000 ---p 00000000 00:00 0
7f1dcb4d4000-7f1dcb5d1000 rw-p 00000000 00:00 0
7f1dcb5e0000-7f1dcb5e4000 ---p 00000000 00:00 0
7f1dcb5e4000-7f1dcb6e1000 rw-p 00000000 00:00 0
7f1dcb6f0000-7f1dcb6f4000 ---p 00000000 00:00 0
7f1dcb6f4000-7f1dcb7f1000 rw-p 00000000 00:00 0
7f1dcb800000-7f1dcbdc0000 rw-p 00000000 00:00 0
7f1dcbdc0000-7f1dcc000000 ---p 00000000 00:00 0
7f1dcc000000-7f1dcc021000 rw-p 00000000 00:00 0
7f1dcc021000-7f1dd0000000 ---p 00000000 00:00 0
7f1dd0000000-7f1dd0021000 rw-p 00000000 00:00 0
7f1dd0021000-7f1dd4000000 ---p 00000000 00:00 0
7f1dd4000000-7f1dd4021000 rw-p 00000000 00:00 0
7f1dd4021000-7f1dd8000000 ---p 00000000 00:00 0
7f1dd8060000-7f1dd8064000 ---p 00000000 00:00 0
7f1dd8064000-7f1dd8161000 rw-p 00000000 00:00 0
7f1dd8170000-7f1dd8174000 ---p 00000000 00:00 0
7f1dd8174000-7f1dd8271000 rw-p 00000000 00:00 0
7f1dd8280000-7f1dd8281000 ---p 00000000 00:00 0
7f1dd8281000-7f1dd8382000 rw-p 00000000 00:00 0
7f1dd8390000-7f1dd8391000 ---p 00000000 00:00 0
7f1dd8391000-7f1dd8492000 rw-p 00000000 00:00 0
7f1dd84a0000-7f1dd84a1000 ---p 00000000 00:00 0
7f1dd84a1000-7f1dd85a2000 rw-p 00000000 00:00 0
7f1dd85b0000-7f1dda5b0000 rw-p 00000000 00:00 0
7f1dda5b0000-7f1dda5b1000 ---p 00000000 00:00 0
7f1dda5b1000-7f1dda6b2000 rw-p 00000000 00:00 0
7f1dda6c0000-7f1dda6c1000 ---p 00000000 00:00 0
7f1dda6c1000-7f1dda7c2000 rw-p 00000000 00:00 0
7f1dda7d0000-7f1dda858000 rw-p 00000000 00:00 0
7f1dda860000-7f1ddac60000 rw-p 00000000 00:00 0
7f1ddac60000-7f1ddd828000 ---p 00000000 00:00 0
7f1ddd828000-7f1ddd830000 rw-p 00000000 00:00 0
7f1ddd830000-7f1dde830000 ---p 00000000 00:00 0
7f1dde830000-7f1ddec30000 rw-p 00000000 00:00 0
7f1ddec30000-7f1de17f8000 ---p 00000000 00:00 0
7f1de17f8000-7f1de1800000 rw-p 00000000 00:00 0
7f1de1800000-7f1de2800000 ---p 00000000 00:00 0
7f1de2800000-7f1de2880000 rw-p 00000000 00:00 0
7f1de2880000-7f1de2df9000 ---p 00000000 00:00 0
7f1de2df9000-7f1de2dfa000 rw-p 00000000 00:00 0
7f1de2dfa000-7f1de2ffa000 ---p 00000000 00:00 0
7f1de3000000-7f1de3080000 rw-p 00000000 00:00 0
7f1de3080000-7f1de35f9000 ---p 00000000 00:00 0
7f1de35f9000-7f1de35fa000 rw-p 00000000 00:00 0
7f1de35fa000-7f1de37fa000 ---p 00000000 00:00 0
7f1de3800000-7f1de3880000 rw-p 00000000 00:00 0
7f1de3880000-7f1de3df9000 ---p 00000000 00:00 0
7f1de3df9000-7f1de3dfa000 rw-p 00000000 00:00 0
7f1de3dfa000-7f1de3ffa000 ---p 00000000 00:00 0
7f1de4000000-7f1de4021000 rw-p 00000000 00:00 0
7f1de4021000-7f1de8000000 ---p 00000000 00:00 0
7f1de8030000-7f1de8031000 ---p 00000000 00:00 0
7f1de8031000-7f1de8132000 rw-p 00000000 00:00 0
7f1de8140000-7f1de8145000 rw-p 00000000 00:00 0
7f1de8145000-7f1de822b000 ---p 00000000 00:00 0
7f1de8230000-7f1de8235000 rw-p 00000000 00:00 0
7f1de8235000-7f1de831b000 ---p 00000000 00:00 0
7f1de8320000-7f1de8590000 rwxp 00000000 00:00 0
7f1de8590000-7f1de88b0000 ---p 00000000 00:00 0
7f1de88b0000-7f1de8b20000 rwxp 00000000 00:00 0
7f1de8b20000-7f1defde8000 ---p 00000000 00:00 0
7f1defde8000-7f1df0058000 rwxp 00000000 00:00 0
7f1df0058000-7f1df7320000 ---p 00000000 00:00 0
7f1df7320000-7f1dffa10000 r--s 00000000 00:00 749036             /usr/lib/jvm/java-11-openjdk-amd64/lib/modules
7f1dffa10000-7f1dffa15000 r-xp 00000000 00:00 749018             /usr/lib/jvm/java-11-openjdk-amd64/lib/libjimage.so
7f1dffa15000-7f1dffa16000 ---p 00005000 00:00 749018             /usr/lib/jvm/java-11-openjdk-amd64/lib/libjimage.so
7f1dffa16000-7f1dffc14000 ---p 00000006 00:00 749018             /usr/lib/jvm/java-11-openjdk-amd64/lib/libjimage.so
7f1dffc14000-7f1dffc15000 r--p 00004000 00:00 749018             /usr/lib/jvm/java-11-openjdk-amd64/lib/libjimage.so
7f1dffc15000-7f1dffc16000 rw-p 00005000 00:00 749018             /usr/lib/jvm/java-11-openjdk-amd64/lib/libjimage.so
7f1dffc20000-7f1dffc27000 r-xp 00000000 00:00 749035             /usr/lib/jvm/java-11-openjdk-amd64/lib/libzip.so
7f1dffc27000-7f1dffc28000 ---p 00007000 00:00 749035             /usr/lib/jvm/java-11-openjdk-amd64/lib/libzip.so
7f1dffc28000-7f1dffe26000 ---p 00000008 00:00 749035             /usr/lib/jvm/java-11-openjdk-amd64/lib/libzip.so
7f1dffe26000-7f1dffe27000 r--p 00006000 00:00 749035             /usr/lib/jvm/java-11-openjdk-amd64/lib/libzip.so
7f1dffe27000-7f1dffe28000 rw-p 00007000 00:00 749035             /usr/lib/jvm/java-11-openjdk-amd64/lib/libzip.so
7f1dffe30000-7f1dffe47000 r-xp 00000000 00:00 692009             /lib/x86_64-linux-gnu/libnsl-2.27.so
7f1dffe47000-7f1dffe48000 ---p 00017000 00:00 692009             /lib/x86_64-linux-gnu/libnsl-2.27.so
7f1dffe48000-7f1e00046000 ---p 00000018 00:00 692009             /lib/x86_64-linux-gnu/libnsl-2.27.so
7f1e00046000-7f1e00047000 r--p 00016000 00:00 692009             /lib/x86_64-linux-gnu/libnsl-2.27.so
7f1e00047000-7f1e00048000 rw-p 00017000 00:00 692009             /lib/x86_64-linux-gnu/libnsl-2.27.so
7f1e00048000-7f1e0004a000 rw-p 00000000 00:00 0
7f1e00050000-7f1e0005b000 r-xp 00000000 00:00 692019             /lib/x86_64-linux-gnu/libnss_nis-2.27.so
7f1e0005b000-7f1e0005c000 ---p 0000b000 00:00 692019             /lib/x86_64-linux-gnu/libnss_nis-2.27.so
7f1e0005c000-7f1e0025a000 ---p 0000000c 00:00 692019             /lib/x86_64-linux-gnu/libnss_nis-2.27.so
7f1e0025a000-7f1e0025b000 r--p 0000a000 00:00 692019             /lib/x86_64-linux-gnu/libnss_nis-2.27.so
7f1e0025b000-7f1e0025c000 rw-p 0000b000 00:00 692019             /lib/x86_64-linux-gnu/libnss_nis-2.27.so
7f1e00260000-7f1e00268000 r-xp 00000000 00:00 692011             /lib/x86_64-linux-gnu/libnss_compat-2.27.so
7f1e00268000-7f1e0026a000 ---p 00008000 00:00 692011             /lib/x86_64-linux-gnu/libnss_compat-2.27.so
7f1e0026a000-7f1e00468000 ---p 0000000a 00:00 692011             /lib/x86_64-linux-gnu/libnss_compat-2.27.so
7f1e00468000-7f1e00469000 r--p 00008000 00:00 692011             /lib/x86_64-linux-gnu/libnss_compat-2.27.so
7f1e00469000-7f1e0046a000 rw-p 00009000 00:00 692011             /lib/x86_64-linux-gnu/libnss_compat-2.27.so
7f1e00470000-7f1e00499000 r-xp 00000000 00:00 749014             /usr/lib/jvm/java-11-openjdk-amd64/lib/libjava.so
7f1e00499000-7f1e0049b000 ---p 00029000 00:00 749014             /usr/lib/jvm/java-11-openjdk-amd64/lib/libjava.so
7f1e0049b000-7f1e00698000 ---p 0000002b 00:00 749014             /usr/lib/jvm/java-11-openjdk-amd64/lib/libjava.so
7f1e00698000-7f1e00699000 r--p 00028000 00:00 749014             /usr/lib/jvm/java-11-openjdk-amd64/lib/libjava.so
7f1e00699000-7f1e0069b000 rw-p 00029000 00:00 749014             /usr/lib/jvm/java-11-openjdk-amd64/lib/libjava.so
7f1e006a0000-7f1e006ad000 r-xp 00000000 00:00 749034             /usr/lib/jvm/java-11-openjdk-amd64/lib/libverify.so
7f1e006ad000-7f1e006af000 ---p 0000d000 00:00 749034             /usr/lib/jvm/java-11-openjdk-amd64/lib/libverify.so
7f1e006af000-7f1e008ac000 ---p 0000000f 00:00 749034             /usr/lib/jvm/java-11-openjdk-amd64/lib/libverify.so
7f1e008ac000-7f1e008ae000 r--p 0000c000 00:00 749034             /usr/lib/jvm/java-11-openjdk-amd64/lib/libverify.so
7f1e008ae000-7f1e008af000 rw-p 0000e000 00:00 749034             /usr/lib/jvm/java-11-openjdk-amd64/lib/libverify.so
7f1e008b0000-7f1e01989000 r-xp 00000000 00:00 749041             /usr/lib/jvm/java-11-openjdk-amd64/lib/server/libjvm.so
7f1e01989000-7f1e01a7f000 ---p 010d9000 00:00 749041             /usr/lib/jvm/java-11-openjdk-amd64/lib/server/libjvm.so
7f1e01a7f000-7f1e01b88000 ---p 000011cf 00:00 749041             /usr/lib/jvm/java-11-openjdk-amd64/lib/server/libjvm.so
7f1e01b88000-7f1e01c45000 r--p 010d8000 00:00 749041             /usr/lib/jvm/java-11-openjdk-amd64/lib/server/libjvm.so
7f1e01c45000-7f1e01c7f000 rw-p 01195000 00:00 749041             /usr/lib/jvm/java-11-openjdk-amd64/lib/server/libjvm.so
7f1e01c7f000-7f1e01cd5000 rw-p 00000000 00:00 0
7f1e01ce0000-7f1e02620000 rw-p 00000000 00:00 0
7f1e02630000-7f1e03470000 rw-p 00000000 00:00 0
7f1e03470000-7f1e03475000 r-xp 00000000 00:00 692013             /lib/x86_64-linux-gnu/libnss_dns-2.27.so
7f1e03475000-7f1e03477000 ---p 00005000 00:00 692013             /lib/x86_64-linux-gnu/libnss_dns-2.27.so
7f1e03477000-7f1e03675000 ---p 00000007 00:00 692013             /lib/x86_64-linux-gnu/libnss_dns-2.27.so
7f1e03675000-7f1e03676000 r--p 00005000 00:00 692013             /lib/x86_64-linux-gnu/libnss_dns-2.27.so
7f1e03676000-7f1e03677000 rw-p 00006000 00:00 692013             /lib/x86_64-linux-gnu/libnss_dns-2.27.so
7f1e03680000-7f1e0368b000 r-xp 00000000 00:00 692015             /lib/x86_64-linux-gnu/libnss_files-2.27.so
7f1e0368b000-7f1e0368c000 ---p 0000b000 00:00 692015             /lib/x86_64-linux-gnu/libnss_files-2.27.so
7f1e0368c000-7f1e0388a000 ---p 0000000c 00:00 692015             /lib/x86_64-linux-gnu/libnss_files-2.27.so
7f1e0388a000-7f1e0388b000 r--p 0000a000 00:00 692015             /lib/x86_64-linux-gnu/libnss_files-2.27.so
7f1e0388b000-7f1e0388c000 rw-p 0000b000 00:00 692015             /lib/x86_64-linux-gnu/libnss_files-2.27.so
7f1e0388c000-7f1e03892000 rw-p 00000000 00:00 0
7f1e038a0000-7f1e03dab000 r-xp 00000000 00:00 879659             /home/parkmin/.local/lib/python3.6/site-packages/lxml/etree.cpython-36m-x86_64-linux-gnu.so
7f1e03dab000-7f1e03f2f000 ---p 0050b000 00:00 879659             /home/parkmin/.local/lib/python3.6/site-packages/lxml/etree.cpython-36m-x86_64-linux-gnu.so
7f1e03f2f000-7f1e03faa000 ---p 0000068f 00:00 879659             /home/parkmin/.local/lib/python3.6/site-packages/lxml/etree.cpython-36m-x86_64-linux-gnu.so
7f1e03faa000-7f1e03fef000 rw-p 0050a000 00:00 879659             /home/parkmin/.local/lib/python3.6/site-packages/lxml/etree.cpython-36m-x86_64-linux-gnu.so
7f1e03fef000-7f1e03ff9000 rw-p 00000000 00:00 0
7f1e04000000-7f1e04021000 rw-p 00000000 00:00 0
7f1e04021000-7f1e08000000 ---p 00000000 00:00 0
7f1e08020000-7f1e08060000 rw-p 00000000 00:00 0
7f1e08060000-7f1e08091000 r-xp 00000000 00:00 879636             /home/parkmin/.local/lib/python3.6/site-packages/lxml/_elementpath.cpython-36m-x86_64-linux-gnu.so
7f1e08091000-7f1e080ad000 ---p 00031000 00:00 879636             /home/parkmin/.local/lib/python3.6/site-packages/lxml/_elementpath.cpython-36m-x86_64-linux-gnu.so
7f1e080ad000-7f1e08290000 ---p 0000004d 00:00 879636             /home/parkmin/.local/lib/python3.6/site-packages/lxml/_elementpath.cpython-36m-x86_64-linux-gnu.so
7f1e08290000-7f1e08295000 rw-p 00030000 00:00 879636             /home/parkmin/.local/lib/python3.6/site-packages/lxml/_elementpath.cpython-36m-x86_64-linux-gnu.so
7f1e08295000-7f1e08296000 rw-p 00000000 00:00 0
7f1e082a0000-7f1e08620000 rw-p 00000000 00:00 0
7f1e08620000-7f1e086ea000 r-xp 00000000 00:00 706538             /usr/lib/python3/dist-packages/cryptography/hazmat/bindings/_openssl.abi3.so
7f1e086ea000-7f1e08708000 ---p 000ca000 00:00 706538             /usr/lib/python3/dist-packages/cryptography/hazmat/bindings/_openssl.abi3.so
7f1e08708000-7f1e088e9000 ---p 000000e8 00:00 706538             /usr/lib/python3/dist-packages/cryptography/hazmat/bindings/_openssl.abi3.so
7f1e088e9000-7f1e088ff000 r--p 000c9000 00:00 706538             /usr/lib/python3/dist-packages/cryptography/hazmat/bindings/_openssl.abi3.so
7f1e088ff000-7f1e08907000 rw-p 000df000 00:00 706538             /usr/lib/python3/dist-packages/cryptography/hazmat/bindings/_openssl.abi3.so
7f1e08910000-7f1e08990000 rw-p 00000000 00:00 0
7f1e08990000-7f1e089b3000 r-xp 00000000 00:00 705663             /usr/lib/python3/dist-packages/_cffi_backend.cpython-36m-x86_64-linux-gnu.so
7f1e089b3000-7f1e089ba000 ---p 00023000 00:00 705663             /usr/lib/python3/dist-packages/_cffi_backend.cpython-36m-x86_64-linux-gnu.so
7f1e089ba000-7f1e08bb3000 ---p 0000002a 00:00 705663             /usr/lib/python3/dist-packages/_cffi_backend.cpython-36m-x86_64-linux-gnu.so
7f1e08bb3000-7f1e08bb4000 r--p 00023000 00:00 705663             /usr/lib/python3/dist-packages/_cffi_backend.cpython-36m-x86_64-linux-gnu.so
7f1e08bb4000-7f1e08bb9000 rw-p 00024000 00:00 705663             /usr/lib/python3/dist-packages/_cffi_backend.cpython-36m-x86_64-linux-gnu.so
7f1e08bb9000-7f1e08bbc000 rw-p 00000000 00:00 0
7f1e08bc0000-7f1e08bc1000 r-xp 00000000 00:00 706537             /usr/lib/python3/dist-packages/cryptography/hazmat/bindings/_constant_time.abi3.so
7f1e08bc1000-7f1e08bc3000 ---p 00001000 00:00 706537             /usr/lib/python3/dist-packages/cryptography/hazmat/bindings/_constant_time.abi3.so
7f1e08bc3000-7f1e08dc1000 ---p 00000003 00:00 706537             /usr/lib/python3/dist-packages/cryptography/hazmat/bindings/_constant_time.abi3.so
7f1e08dc1000-7f1e08dc2000 r--p 00001000 00:00 706537             /usr/lib/python3/dist-packages/cryptography/hazmat/bindings/_constant_time.abi3.so
7f1e08dc2000-7f1e08dc3000 rw-p 00002000 00:00 706537             /usr/lib/python3/dist-packages/cryptography/hazmat/bindings/_constant_time.abi3.so
7f1e08dd0000-7f1e08e50000 rw-p 00000000 00:00 0
7f1e08e50000-7f1e08e57000 r-xp 00000000 00:00 711383             /usr/lib/x86_64-linux-gnu/libffi.so.6.0.4
7f1e08e57000-7f1e08e58000 ---p 00007000 00:00 711383             /usr/lib/x86_64-linux-gnu/libffi.so.6.0.4
7f1e08e58000-7f1e09056000 ---p 00000008 00:00 711383             /usr/lib/x86_64-linux-gnu/libffi.so.6.0.4
7f1e09056000-7f1e09057000 r--p 00006000 00:00 711383             /usr/lib/x86_64-linux-gnu/libffi.so.6.0.4
7f1e09057000-7f1e09058000 rw-p 00007000 00:00 711383             /usr/lib/x86_64-linux-gnu/libffi.so.6.0.4
7f1e09060000-7f1e0907b000 r-xp 00000000 00:00 710437             /usr/lib/python3.6/lib-dynload/_ctypes.cpython-36m-x86_64-linux-gnu.so
7f1e0907b000-7f1e0907f000 ---p 0001b000 00:00 710437             /usr/lib/python3.6/lib-dynload/_ctypes.cpython-36m-x86_64-linux-gnu.so
7f1e0907f000-7f1e0927a000 ---p 0000001f 00:00 710437             /usr/lib/python3.6/lib-dynload/_ctypes.cpython-36m-x86_64-linux-gnu.so
7f1e0927a000-7f1e0927b000 r--p 0001a000 00:00 710437             /usr/lib/python3.6/lib-dynload/_ctypes.cpython-36m-x86_64-linux-gnu.so
7f1e0927b000-7f1e0927f000 rw-p 0001b000 00:00 710437             /usr/lib/python3.6/lib-dynload/_ctypes.cpython-36m-x86_64-linux-gnu.so
7f1e09280000-7f1e09591000 rw-p 00000000 00:00 0
7f1e095a0000-7f1e095a6000 r-xp 00000000 00:00 710149             /usr/lib/python3.6/lib-dynload/_hashlib.cpython-36m-x86_64-linux-gnu.so
7f1e095a6000-7f1e095a8000 ---p 00006000 00:00 710149             /usr/lib/python3.6/lib-dynload/_hashlib.cpython-36m-x86_64-linux-gnu.so
7f1e095a8000-7f1e097a5000 ---p 00000008 00:00 710149             /usr/lib/python3.6/lib-dynload/_hashlib.cpython-36m-x86_64-linux-gnu.so
7f1e097a5000-7f1e097a6000 r--p 00005000 00:00 710149             /usr/lib/python3.6/lib-dynload/_hashlib.cpython-36m-x86_64-linux-gnu.so
7f1e097a6000-7f1e097a7000 rw-p 00006000 00:00 710149             /usr/lib/python3.6/lib-dynload/_hashlib.cpython-36m-x86_64-linux-gnu.so
7f1e097b0000-7f1e09870000 rw-p 00000000 00:00 0
7f1e09870000-7f1e09b0b000 r-xp 00000000 00:00 740813             /usr/lib/x86_64-linux-gnu/libcrypto.so.1.1
7f1e09b0b000-7f1e09b39000 ---p 0029b000 00:00 740813             /usr/lib/x86_64-linux-gnu/libcrypto.so.1.1
7f1e09b39000-7f1e09d0a000 ---p 000002c9 00:00 740813             /usr/lib/x86_64-linux-gnu/libcrypto.so.1.1
7f1e09d0a000-7f1e09d36000 r--p 0029a000 00:00 740813             /usr/lib/x86_64-linux-gnu/libcrypto.so.1.1
7f1e09d36000-7f1e09d38000 rw-p 002c6000 00:00 740813             /usr/lib/x86_64-linux-gnu/libcrypto.so.1.1
7f1e09d38000-7f1e09d3b000 rw-p 00000000 00:00 0
7f1e09d40000-7f1e09dc0000 r-xp 00000000 00:00 740814             /usr/lib/x86_64-linux-gnu/libssl.so.1.1
7f1e09dc0000-7f1e09dcd000 ---p 00080000 00:00 740814             /usr/lib/x86_64-linux-gnu/libssl.so.1.1
7f1e09dcd000-7f1e09fc0000 ---p 0000008d 00:00 740814             /usr/lib/x86_64-linux-gnu/libssl.so.1.1
7f1e09fc0000-7f1e09fc9000 r--p 00080000 00:00 740814             /usr/lib/x86_64-linux-gnu/libssl.so.1.1
7f1e09fc9000-7f1e09fcd000 rw-p 00089000 00:00 740814             /usr/lib/x86_64-linux-gnu/libssl.so.1.1
7f1e09fd0000-7f1e09fe8000 r-xp 00000000 00:00 710151             /usr/lib/python3.6/lib-dynload/_ssl.cpython-36m-x86_64-linux-gnu.so
7f1e09fe8000-7f1e09fee000 ---p 00018000 00:00 710151             /usr/lib/python3.6/lib-dynload/_ssl.cpython-36m-x86_64-linux-gnu.so
7f1e09fee000-7f1e0a1e7000 ---p 0000001e 00:00 710151             /usr/lib/python3.6/lib-dynload/_ssl.cpython-36m-x86_64-linux-gnu.so
7f1e0a1e7000-7f1e0a1e8000 r--p 00017000 00:00 710151             /usr/lib/python3.6/lib-dynload/_ssl.cpython-36m-x86_64-linux-gnu.so
7f1e0a1e8000-7f1e0a1ed000 rw-p 00018000 00:00 710151             /usr/lib/python3.6/lib-dynload/_ssl.cpython-36m-x86_64-linux-gnu.so
7f1e0a1f0000-7f1e0a2b0000 rw-p 00000000 00:00 0
7f1e0a2b0000-7f1e0a2d4000 r-xp 00000000 00:00 691989             /lib/x86_64-linux-gnu/liblzma.so.5.2.2
7f1e0a2d4000-7f1e0a2d6000 ---p 00024000 00:00 691989             /lib/x86_64-linux-gnu/liblzma.so.5.2.2
7f1e0a2d6000-7f1e0a4d4000 ---p 00000026 00:00 691989             /lib/x86_64-linux-gnu/liblzma.so.5.2.2
7f1e0a4d4000-7f1e0a4d5000 r--p 00024000 00:00 691989             /lib/x86_64-linux-gnu/liblzma.so.5.2.2
7f1e0a4d5000-7f1e0a4d6000 rw-p 00025000 00:00 691989             /lib/x86_64-linux-gnu/liblzma.so.5.2.2
7f1e0a4e0000-7f1e0a4e6000 r-xp 00000000 00:00 710535             /usr/lib/python3.6/lib-dynload/_lzma.cpython-36m-x86_64-linux-gnu.so
7f1e0a4e6000-7f1e0a4e9000 ---p 00006000 00:00 710535             /usr/lib/python3.6/lib-dynload/_lzma.cpython-36m-x86_64-linux-gnu.so
7f1e0a4e9000-7f1e0a6e5000 ---p 00000009 00:00 710535             /usr/lib/python3.6/lib-dynload/_lzma.cpython-36m-x86_64-linux-gnu.so
7f1e0a6e5000-7f1e0a6e6000 r--p 00005000 00:00 710535             /usr/lib/python3.6/lib-dynload/_lzma.cpython-36m-x86_64-linux-gnu.so
7f1e0a6e6000-7f1e0a6e8000 rw-p 00006000 00:00 710535             /usr/lib/python3.6/lib-dynload/_lzma.cpython-36m-x86_64-linux-gnu.so
7f1e0a6f0000-7f1e0a6ff000 r-xp 00000000 00:00 691928             /lib/x86_64-linux-gnu/libbz2.so.1.0.4
7f1e0a6ff000-7f1e0a701000 ---p 0000f000 00:00 691928             /lib/x86_64-linux-gnu/libbz2.so.1.0.4
7f1e0a701000-7f1e0a8fe000 ---p 00000011 00:00 691928             /lib/x86_64-linux-gnu/libbz2.so.1.0.4
7f1e0a8fe000-7f1e0a8ff000 r--p 0000e000 00:00 691928             /lib/x86_64-linux-gnu/libbz2.so.1.0.4
7f1e0a8ff000-7f1e0a900000 rw-p 0000f000 00:00 691928             /lib/x86_64-linux-gnu/libbz2.so.1.0.4
7f1e0a900000-7f1e0a904000 r-xp 00000000 00:00 710141             /usr/lib/python3.6/lib-dynload/_bz2.cpython-36m-x86_64-linux-gnu.so
7f1e0a904000-7f1e0a906000 ---p 00004000 00:00 710141             /usr/lib/python3.6/lib-dynload/_bz2.cpython-36m-x86_64-linux-gnu.so
7f1e0a906000-7f1e0ab03000 ---p 00000006 00:00 710141             /usr/lib/python3.6/lib-dynload/_bz2.cpython-36m-x86_64-linux-gnu.so
7f1e0ab03000-7f1e0ab04000 r--p 00003000 00:00 710141             /usr/lib/python3.6/lib-dynload/_bz2.cpython-36m-x86_64-linux-gnu.so
7f1e0ab04000-7f1e0ab05000 rw-p 00004000 00:00 710141             /usr/lib/python3.6/lib-dynload/_bz2.cpython-36m-x86_64-linux-gnu.so
7f1e0ab10000-7f1e0ac50000 rw-p 00000000 00:00 0
7f1e0ac50000-7f1e0ac61000 r-xp 00000000 00:00 710469             /usr/lib/python3.6/lib-dynload/_json.cpython-36m-x86_64-linux-gnu.so
7f1e0ac61000-7f1e0ac63000 ---p 00011000 00:00 710469             /usr/lib/python3.6/lib-dynload/_json.cpython-36m-x86_64-linux-gnu.so
7f1e0ac63000-7f1e0ae60000 ---p 00000013 00:00 710469             /usr/lib/python3.6/lib-dynload/_json.cpython-36m-x86_64-linux-gnu.so
7f1e0ae60000-7f1e0ae61000 r--p 00010000 00:00 710469             /usr/lib/python3.6/lib-dynload/_json.cpython-36m-x86_64-linux-gnu.so
7f1e0ae61000-7f1e0ae62000 rw-p 00011000 00:00 710469             /usr/lib/python3.6/lib-dynload/_json.cpython-36m-x86_64-linux-gnu.so
7f1e0ae70000-7f1e0ae71000 ---p 00000000 00:00 0
7f1e0ae71000-7f1e0b671000 rw-p 00000000 00:00 0
7f1e0b680000-7f1e0b6c0000 rw-p 00000000 00:00 0
7f1e0b6c0000-7f1e0b6c1000 r-xp 00000000 00:00 710150             /usr/lib/python3.6/lib-dynload/_opcode.cpython-36m-x86_64-linux-gnu.so
7f1e0b6c1000-7f1e0b6c2000 ---p 00001000 00:00 710150             /usr/lib/python3.6/lib-dynload/_opcode.cpython-36m-x86_64-linux-gnu.so
7f1e0b6c2000-7f1e0b8c0000 ---p 00000002 00:00 710150             /usr/lib/python3.6/lib-dynload/_opcode.cpython-36m-x86_64-linux-gnu.so
7f1e0b8c0000-7f1e0b8c1000 r--p 00000000 00:00 710150             /usr/lib/python3.6/lib-dynload/_opcode.cpython-36m-x86_64-linux-gnu.so
7f1e0b8c1000-7f1e0b8c2000 rw-p 00001000 00:00 710150             /usr/lib/python3.6/lib-dynload/_opcode.cpython-36m-x86_64-linux-gnu.so
7f1e0b8d0000-7f1e0b915000 rw-p 00000000 00:00 0
7f1e0b915000-7f1e0b91c000 ---p 00000000 00:00 0
7f1e0b920000-7f1e0b960000 rw-p 00000000 00:00 0
7f1e0b960000-7f1e0b967000 r-xp 00000000 00:00 692363             /lib/x86_64-linux-gnu/librt-2.27.so
7f1e0b967000-7f1e0b968000 ---p 00007000 00:00 692363             /lib/x86_64-linux-gnu/librt-2.27.so
7f1e0b968000-7f1e0bb66000 ---p 00000008 00:00 692363             /lib/x86_64-linux-gnu/librt-2.27.so
7f1e0bb66000-7f1e0bb67000 r--p 00006000 00:00 692363             /lib/x86_64-linux-gnu/librt-2.27.so
7f1e0bb67000-7f1e0bb68000 rw-p 00007000 00:00 692363             /lib/x86_64-linux-gnu/librt-2.27.so
7f1e0bb70000-7f1e0bb87000 r-xp 00000000 00:00 692244             /lib/x86_64-linux-gnu/libresolv-2.27.so
7f1e0bb87000-7f1e0bb89000 ---p 00017000 00:00 692244             /lib/x86_64-linux-gnu/libresolv-2.27.so
7f1e0bb89000-7f1e0bd87000 ---p 00000019 00:00 692244             /lib/x86_64-linux-gnu/libresolv-2.27.so
7f1e0bd87000-7f1e0bd88000 r--p 00017000 00:00 692244             /lib/x86_64-linux-gnu/libresolv-2.27.so
7f1e0bd88000-7f1e0bd89000 rw-p 00018000 00:00 692244             /lib/x86_64-linux-gnu/libresolv-2.27.so
7f1e0bd89000-7f1e0bd8b000 rw-p 00000000 00:00 0
7f1e0bd90000-7f1e0bd91000 ---p 00000000 00:00 0
7f1e0bd91000-7f1e0bd92000 r--p 00000000 00:00 0
7f1e0bd92000-7f1e0f3b3000 r-xp 00000000 00:00 694114             /home/parkmin/.local/lib/python3.6/site-packages/_frida.cpython-36m-x86_64-linux-gnu.so
7f1e0f3b3000-7f1e0f5b3000 ---p 03621000 00:00 694114             /home/parkmin/.local/lib/python3.6/site-packages/_frida.cpython-36m-x86_64-linux-gnu.so
7f1e0f5b3000-7f1e0f638000 rw-p 03621000 00:00 694114             /home/parkmin/.local/lib/python3.6/site-packages/_frida.cpython-36m-x86_64-linux-gnu.so
7f1e0f638000-7f1e0f6c0000 rw-p 00000000 00:00 0
7f1e0f6c0000-7f1e0f6d7000 r-xp 00000000 00:00 709938             /lib/x86_64-linux-gnu/libgcc_s.so.1
7f1e0f6d7000-7f1e0f6d8000 ---p 00017000 00:00 709938             /lib/x86_64-linux-gnu/libgcc_s.so.1
7f1e0f6d8000-7f1e0f8d6000 ---p 00000018 00:00 709938             /lib/x86_64-linux-gnu/libgcc_s.so.1
7f1e0f8d6000-7f1e0f8d7000 r--p 00016000 00:00 709938             /lib/x86_64-linux-gnu/libgcc_s.so.1
7f1e0f8d7000-7f1e0f8d8000 rw-p 00017000 00:00 709938             /lib/x86_64-linux-gnu/libgcc_s.so.1
7f1e0f8e0000-7f1e0fa59000 r-xp 00000000 00:00 709785             /usr/lib/x86_64-linux-gnu/libstdc++.so.6.0.25
7f1e0fa59000-7f1e0fa66000 ---p 00179000 00:00 709785             /usr/lib/x86_64-linux-gnu/libstdc++.so.6.0.25
7f1e0fa66000-7f1e0fc59000 ---p 00000186 00:00 709785             /usr/lib/x86_64-linux-gnu/libstdc++.so.6.0.25
7f1e0fc59000-7f1e0fc63000 r--p 00179000 00:00 709785             /usr/lib/x86_64-linux-gnu/libstdc++.so.6.0.25
7f1e0fc63000-7f1e0fc65000 rw-p 00183000 00:00 709785             /usr/lib/x86_64-linux-gnu/libstdc++.so.6.0.25
7f1e0fc65000-7f1e0fc69000 rw-p 00000000 00:00 0
7f1e0fc70000-7f1e0fc79000 r--p 00000000 00:00 747122             /home/parkmin/.local/lib/python3.6/site-packages/pyjadx.cpython-36m-x86_64-linux-gnu.so
7f1e0fc79000-7f1e0fcb7000 r-xp 00009000 00:00 747122             /home/parkmin/.local/lib/python3.6/site-packages/pyjadx.cpython-36m-x86_64-linux-gnu.so
7f1e0fcb7000-7f1e0fccc000 r--p 00047000 00:00 747122             /home/parkmin/.local/lib/python3.6/site-packages/pyjadx.cpython-36m-x86_64-linux-gnu.so
7f1e0fccc000-7f1e0fcce000 r--p 0005b000 00:00 747122             /home/parkmin/.local/lib/python3.6/site-packages/pyjadx.cpython-36m-x86_64-linux-gnu.so
7f1e0fcce000-7f1e0fccf000 rw-p 0005d000 00:00 747122             /home/parkmin/.local/lib/python3.6/site-packages/pyjadx.cpython-36m-x86_64-linux-gnu.so
7f1e0fcd0000-7f1e0fdd0000 rw-p 00000000 00:00 0
7f1e0fdd0000-7f1e0fdd1000 rwxp 00000000 00:00 0
7f1e0fde0000-7f1e0fe40000 rw-p 00000000 00:00 0
7f1e0fe40000-7f1e0fe41000 rwxp 00000000 00:00 0
7f1e0fe4d000-7f1e0ffc0000 r--p 00000000 00:00 705361             /usr/lib/locale/C.UTF-8/LC_COLLATE
7f1e0ffc0000-7f1e1015d000 r-xp 00000000 00:00 691992             /lib/x86_64-linux-gnu/libm-2.27.so
7f1e1015d000-7f1e10160000 ---p 0019d000 00:00 691992             /lib/x86_64-linux-gnu/libm-2.27.so
7f1e10160000-7f1e1035c000 ---p 000001a0 00:00 691992             /lib/x86_64-linux-gnu/libm-2.27.so
7f1e1035c000-7f1e1035d000 r--p 0019c000 00:00 691992             /lib/x86_64-linux-gnu/libm-2.27.so
7f1e1035d000-7f1e1035e000 rw-p 0019d000 00:00 691992             /lib/x86_64-linux-gnu/libm-2.27.so
7f1e10360000-7f1e1037c000 r-xp 00000000 00:00 693619             /lib/x86_64-linux-gnu/libz.so.1.2.11
7f1e1037c000-7f1e1037d000 ---p 0001c000 00:00 693619             /lib/x86_64-linux-gnu/libz.so.1.2.11
7f1e1037d000-7f1e1057b000 ---p 0000001d 00:00 693619             /lib/x86_64-linux-gnu/libz.so.1.2.11
7f1e1057b000-7f1e1057c000 r--p 0001b000 00:00 693619             /lib/x86_64-linux-gnu/libz.so.1.2.11
7f1e1057c000-7f1e1057d000 rw-p 0001c000 00:00 693619             /lib/x86_64-linux-gnu/libz.so.1.2.11
7f1e10580000-7f1e105af000 r-xp 00000000 00:00 740795             /lib/x86_64-linux-gnu/libexpat.so.1.6.7
7f1e105af000-7f1e105b2000 ---p 0002f000 00:00 740795             /lib/x86_64-linux-gnu/libexpat.so.1.6.7
7f1e105b2000-7f1e107af000 ---p 00000032 00:00 740795             /lib/x86_64-linux-gnu/libexpat.so.1.6.7
7f1e107af000-7f1e107b1000 r--p 0002f000 00:00 740795             /lib/x86_64-linux-gnu/libexpat.so.1.6.7
7f1e107b1000-7f1e107b2000 rw-p 00031000 00:00 740795             /lib/x86_64-linux-gnu/libexpat.so.1.6.7
7f1e107c0000-7f1e107c2000 r-xp 00000000 00:00 693198             /lib/x86_64-linux-gnu/libutil-2.27.so
7f1e107c2000-7f1e107c3000 ---p 00002000 00:00 693198             /lib/x86_64-linux-gnu/libutil-2.27.so
7f1e107c3000-7f1e109c1000 ---p 00000003 00:00 693198             /lib/x86_64-linux-gnu/libutil-2.27.so
7f1e109c1000-7f1e109c2000 r--p 00001000 00:00 693198             /lib/x86_64-linux-gnu/libutil-2.27.so
7f1e109c2000-7f1e109c3000 rw-p 00002000 00:00 693198             /lib/x86_64-linux-gnu/libutil-2.27.so
7f1e109d0000-7f1e109d3000 r-xp 00000000 00:00 691952             /lib/x86_64-linux-gnu/libdl-2.27.so
7f1e109d3000-7f1e109d4000 ---p 00003000 00:00 691952             /lib/x86_64-linux-gnu/libdl-2.27.so
7f1e109d4000-7f1e10bd2000 ---p 00000004 00:00 691952             /lib/x86_64-linux-gnu/libdl-2.27.so
7f1e10bd2000-7f1e10bd3000 r--p 00002000 00:00 691952             /lib/x86_64-linux-gnu/libdl-2.27.so
7f1e10bd3000-7f1e10bd4000 rw-p 00003000 00:00 691952             /lib/x86_64-linux-gnu/libdl-2.27.so
7f1e10be0000-7f1e10bfa000 r-xp 00000000 00:00 692176             /lib/x86_64-linux-gnu/libpthread-2.27.so
7f1e10bfa000-7f1e10c04000 ---p 0001a000 00:00 692176             /lib/x86_64-linux-gnu/libpthread-2.27.so
7f1e10c04000-7f1e10df9000 ---p 00000024 00:00 692176             /lib/x86_64-linux-gnu/libpthread-2.27.so
7f1e10df9000-7f1e10dfa000 r--p 00019000 00:00 692176             /lib/x86_64-linux-gnu/libpthread-2.27.so
7f1e10dfa000-7f1e10dfb000 rw-p 0001a000 00:00 692176             /lib/x86_64-linux-gnu/libpthread-2.27.so
7f1e10dfb000-7f1e10dff000 rw-p 00000000 00:00 0
7f1e10e00000-7f1e10fe7000 r-xp 00000000 00:00 691929             /lib/x86_64-linux-gnu/libc-2.27.so
7f1e10fe7000-7f1e10ff0000 ---p 001e7000 00:00 691929             /lib/x86_64-linux-gnu/libc-2.27.so
7f1e10ff0000-7f1e111e7000 ---p 000001f0 00:00 691929             /lib/x86_64-linux-gnu/libc-2.27.so
7f1e111e7000-7f1e111eb000 r--p 001e7000 00:00 691929             /lib/x86_64-linux-gnu/libc-2.27.so
7f1e111eb000-7f1e111ed000 rw-p 001eb000 00:00 691929             /lib/x86_64-linux-gnu/libc-2.27.so
7f1e111ed000-7f1e111f1000 rw-p 00000000 00:00 0
7f1e11200000-7f1e11226000 r-xp 00000000 00:00 691905             /lib/x86_64-linux-gnu/ld-2.27.so
7f1e11226000-7f1e11227000 r-xp 00026000 00:00 691905             /lib/x86_64-linux-gnu/ld-2.27.so
7f1e11230000-7f1e11231000 r--p 00000000 00:00 0
7f1e11231000-7f1e11232000 rw-p 00000000 00:00 0
7f1e11240000-7f1e11280000 rw-p 00000000 00:00 0
7f1e11280000-7f1e11281000 r--p 00000000 00:00 0
7f1e11281000-7f1e11282000 rw-p 00000000 00:00 0
7f1e1128c000-7f1e11427000 r--p 00000000 00:00 705373             /usr/lib/locale/locale-archive
7f1e11427000-7f1e11428000 r--p 00027000 00:00 691905             /lib/x86_64-linux-gnu/ld-2.27.so
7f1e11428000-7f1e11429000 rw-p 00028000 00:00 691905             /lib/x86_64-linux-gnu/ld-2.27.so
7f1e11429000-7f1e1142a000 rw-p 00000000 00:00 0
7f1e11430000-7f1e114f0000 rw-p 00000000 00:00 0
7f1e114f0000-7f1e114f1000 r--p 00000000 00:00 0
7f1e114f1000-7f1e114f2000 rw-p 00000000 00:00 0
7f1e114ff000-7f1e11530000 r--p 00000000 00:00 705362             /usr/lib/locale/C.UTF-8/LC_CTYPE
7f1e11530000-7f1e11533000 rw-p 00000000 00:00 0
7f1e11540000-7f1e11542000 rw-p 00000000 00:00 0
7f1e11548000-7f1e11550000 rw-s 00000000 00:00 775934             /tmp/hsperfdata_parkmin/1777
7f1e11550000-7f1e11552000 rw-p 00000000 00:00 0
7f1e11555000-7f1e11557000 r--s 00007000 00:00 749998             /usr/share/java/java-atk-wrapper.jar
7f1e11557000-7f1e11558000 r--p 00000000 00:00 705369             /usr/lib/locale/C.UTF-8/LC_NUMERIC
7f1e11558000-7f1e11559000 r--p 00000000 00:00 705372             /usr/lib/locale/C.UTF-8/LC_TIME
7f1e11559000-7f1e1155a000 r--p 00000000 00:00 705367             /usr/lib/locale/C.UTF-8/LC_MONETARY
7f1e1155a000-7f1e1155b000 r--p 00000000 00:00 705366             /usr/lib/locale/C.UTF-8/LC_MESSAGES/SYS_LC_MESSAGES
7f1e1155b000-7f1e1155c000 r--p 00000000 00:00 705370             /usr/lib/locale/C.UTF-8/LC_PAPER
7f1e1155c000-7f1e1155d000 r--p 00000000 00:00 705368             /usr/lib/locale/C.UTF-8/LC_NAME
7f1e1155d000-7f1e1155e000 r--p 00000000 00:00 705360             /usr/lib/locale/C.UTF-8/LC_ADDRESS
7f1e1155e000-7f1e1155f000 r--p 00000000 00:00 705371             /usr/lib/locale/C.UTF-8/LC_TELEPHONE
7f1e1155f000-7f1e11560000 r--p 00000000 00:00 705364             /usr/lib/locale/C.UTF-8/LC_MEASUREMENT
7f1e11560000-7f1e11567000 r--s 00000000 00:00 711295             /usr/lib/x86_64-linux-gnu/gconv/gconv-modules.cache
7f1e11567000-7f1e11568000 r--p 00000000 00:00 705363             /usr/lib/locale/C.UTF-8/LC_IDENTIFICATION
7fffcc1ce000-7fffcc8ce000 rw-p 00000000 00:00 0                  [stack]
7fffcc8ce000-7fffcc8d2000 ---p 00000000 00:00 0
7fffcc8d2000-7fffcc9ce000 rw-p 00000000 00:00 0
7fffccd7e000-7fffccd7f000 r-xp 00000000 00:00 0                  [vdso]


VM Arguments:
java_command: <unknown>
java_class_path (initial): /home/parkmin/.local/lib/python3.6/site-packages/jadx/c3f7a04/smali-2.2.7.jar:/home/parkmin/.local/lib/python3.6/site-packages/jadx/c3f7a04/stringtemplate-3.2.1.jar:/home/parkmin/.local/lib/python3.6/site-packages/jadx/c3f7a04/rxjava2-swing-0.3.7.jar:/home/parkmin/.local/lib/python3.6/site-packages/jadx/c3f7a04/gson-2.8.5.jar:/home/parkmin/.local/lib/python3.6/site-packages/jadx/c3f7a04/asm-7.1.jar:/home/parkmin/.local/lib/python3.6/site-packages/jadx/c3f7a04/guava-28.0-jre.jar:/home/parkmin/.local/lib/python3.6/site-packages/jadx/c3f7a04/dexlib2-2.2.7.jar:/home/parkmin/.local/lib/python3.6/site-packages/jadx/c3f7a04/animal-sniffer-annotations-1.17.jar:/home/parkmin/.local/lib/python3.6/site-packages/jadx/c3f7a04/commons-lang3-3.9.jar:/home/parkmin/.local/lib/python3.6/site-packages/jadx/c3f7a04/apksig-3.4.1.jar:/home/parkmin/.local/lib/python3.6/site-packages/jadx/c3f7a04/jfontchooser-1.0.5.jar:/home/parkmin/.local/lib/python3.6/site-packages/jadx/c3f7a04/rsyntaxtextarea-3.0.3.jar:/home/parkmin/.local/lib/python3.6/site-packages/jadx/c3f7a04/jadx-gui-dev.jar:/home/parkmin/.local/lib/python3.6/site-packages/jadx/c3f7a04/image-viewer-1.2.3.jar:/home/parkmin/.local/lib/python3.6/site-packages/jadx/c3f7a04/failureaccess-1.0.1.jar:/home/parkmin/.local/lib/python3.6/site-packages/jadx/c3f7a04/util-2.2.7.jar:/home/parkmin/.local/lib/python3.6/site-packages/jadx/c3f7a04/slf4j-api-1.7.26.jar:/home/parkmin/.local/lib/python3.6/site-packages/jadx/c3f7a04/baksmali-2.2.7.jar:/home/parkmin/.local/lib/python3.6/site-packages/jadx/c3f7a04/commons-text-1.6.jar:/home/parkmin/.local/lib/python3.6/site-packages/jadx/c3f7a04/rxjava-2.2.10.jar:/home/parkmin/.local/lib/python3.6/site-packages/jadx/c3f7a04/android-29-res.jar:/home/parkmin/.local/lib/python3.6/site-packages/jadx/c3f7a04/antlr-runtime-3.5.2.jar:/home/parkmin/.local/lib/python3.6/site-packages/jadx/c3f7a04/j2objc-annotations-1.3.jar:/home/parkmin/.local/lib/python3.6/site-packages/jadx/c3f7a04/an
Launcher Type: generic

[Global flags]
     intx CICompilerCount                          = 3                                         {product} {ergonomic}
     uint ConcGCThreads                            = 1                                         {product} {ergonomic}
     uint G1ConcRefinementThreads                  = 4                                         {product} {ergonomic}
   size_t G1HeapRegionSize                         = 1048576                                   {product} {ergonomic}
    uintx GCDrainStackTargetSize                   = 64                                        {product} {ergonomic}
   size_t InitialHeapSize                          = 268435456                                 {product} {ergonomic}
   size_t MarkStackSize                            = 4194304                                   {product} {ergonomic}
   size_t MaxHeapSize                              = 4282384384                                {product} {ergonomic}
   size_t MaxNewSize                               = 2569011200                                {product} {ergonomic}
   size_t MinHeapDeltaBytes                        = 1048576                                   {product} {ergonomic}
    uintx NonNMethodCodeHeapSize                   = 5830732                                {pd product} {ergonomic}
    uintx NonProfiledCodeHeapSize                  = 122913754                              {pd product} {ergonomic}
    uintx ProfiledCodeHeapSize                     = 122913754                              {pd product} {ergonomic}
    uintx ReservedCodeCacheSize                    = 251658240                              {pd product} {ergonomic}
     bool SegmentedCodeCache                       = true                                      {product} {ergonomic}
     bool UseCompressedClassPointers               = true                                 {lp64_product} {ergonomic}
     bool UseCompressedOops                        = true                                 {lp64_product} {ergonomic}
     bool UseG1GC                                  = true                                      {product} {ergonomic}

Logging:
Log output configuration:
 #0: stdout all=warning uptime,level,tags
 #1: stderr all=off uptime,level,tags

Environment Variables:
PATH=/home/parkmin/.vscode-server/bin/fe22a9645b44368865c0ba92e2fb881ff1afce94/bin:/home/parkmin/.local/bin:/usr/local/sbin:/usr/local/bin:/usr/sbin:/usr/bin:/sbin:/bin:/usr/games:/usr/local/games:/mnt/c/Program Files (x86)/Common Files/Oracle/Java/javapath:/mnt/c/Program Files/Common Files/Siemens/Automation/Simatic OAM/bin:/mnt/c/Program Files (x86)/NetSarang/Xftp 6/:/mnt/c/Windows/system32:/mnt/c/Windows:/mnt/c/Windows/System32/Wbem:/mnt/c/Windows/System32/WindowsPowerShell/v1.0/:/mnt/c/Windows/System32/OpenSSH/:/mnt/c/Program Files (x86)/Microsoft SQL Server/Client SDK/ODBC/110/Tools/Binn/:/mnt/c/Program Files (x86)/Microsoft SQL Server/120/Tools/Binn/:/mnt/c/Program Files (x86)/Microsoft SQL Server/120/DTS/Binn/:/mnt/c/Users/Argos/AppData/Local/Programs/Python/Python38-32:/mnt/c/Users/Argos/AppData/Local/Programs/Python/Python38-32/Scripts:/mnt/d/Argos/platform-tools:/mnt/c/Python24:/mnt/c/Python24/Scripts:/mnt/c/Program Files/CMake/bin:/mnt/c/Program Files/nodejs/:/mnt/c/Program Files/Git/cmd:/mnt/c/Users/Argos/AppData/Local/Microsoft/WindowsApps:/mnt/c/Program Files/Bandizip/:/mnt/c/Users/Argos/AppData/Local/Programs/Microsoft VS Code/bin:/mnt/c/Program Files/JetBrains/PyCharm Community Edition 2019.3.3/bin:/mnt/c/Users/Argos/AppData/Local/GitHubDesktop/bin:/mnt/c/Users/Argos/AppData/Roaming/npm:/snap/bin
SHELL=/bin/bash
HOSTTYPE=x86_64

Signal Handlers:
SIGSEGV: [libjvm.so+0xdf1470], sa_mask[0]=11111111111111111111111111111110, sa_flags=SA_RESTART|SA_SIGINFO
SIGBUS: [libjvm.so+0xdf1470], sa_mask[0]=11111111111111111111111111111110, sa_flags=SA_RESTART|SA_SIGINFO
SIGFPE: [libjvm.so+0xdf1470], sa_mask[0]=11111111111111111111111111111110, sa_flags=SA_RESTART|SA_SIGINFO
SIGPIPE: [libjvm.so+0xbc5560], sa_mask[0]=11111111111111111111111111111110, sa_flags=SA_RESTART|SA_SIGINFO
SIGXFSZ: [libjvm.so+0xbc5560], sa_mask[0]=11111111111111111111111111111110, sa_flags=SA_RESTART|SA_SIGINFO
SIGILL: [libjvm.so+0xdf1470], sa_mask[0]=11111111111111111111111111111110, sa_flags=SA_RESTART|SA_SIGINFO
SIGUSR2: [libjvm.so+0xbc5400], sa_mask[0]=00000000000000000000000000000000, sa_flags=SA_RESTART|SA_SIGINFO
SIGHUP: [libjvm.so+0xbc5760], sa_mask[0]=11111111111111111111111111111110, sa_flags=SA_RESTART|SA_SIGINFO
SIGINT: [libjvm.so+0xbc5760], sa_mask[0]=11111111111111111111111111111110, sa_flags=SA_RESTART|SA_SIGINFO
SIGTERM: [libjvm.so+0xbc5760], sa_mask[0]=11111111111111111111111111111110, sa_flags=SA_RESTART|SA_SIGINFO
SIGQUIT: [libjvm.so+0xbc5760], sa_mask[0]=11111111111111111111111111111110, sa_flags=SA_RESTART|SA_SIGINFO


---------------  S Y S T E M  ---------------

OS:DISTRIB_ID=Ubuntu
DISTRIB_RELEASE=18.04
DISTRIB_CODENAME=bionic
DISTRIB_DESCRIPTION="Ubuntu 18.04.2 LTS"
uname:Linux 4.4.0-18362-Microsoft #476-Microsoft Fri Nov 01 16:53:00 PST 2019 x86_64
libc:glibc 2.27 NPTL 2.27 
rlimit: STACK 8192k, CORE 0k, NPROC 7823, NOFILE 65536, AS infinity, DATA infinity, FSIZE infinity
load average:0.52 0.58 0.59

/proc/meminfo:
MemTotal:       16727120 kB
MemFree:         1606560 kB
Buffers:           34032 kB
Cached:           188576 kB
SwapCached:            0 kB
Active:           167556 kB
Inactive:         157876 kB
Active(anon):     103104 kB
Inactive(anon):    17440 kB
Active(file):      64452 kB
Inactive(file):   140436 kB
Unevictable:           0 kB
Mlocked:               0 kB
SwapTotal:      50331648 kB
SwapFree:       48413144 kB
Dirty:                 0 kB
Writeback:             0 kB
AnonPages:        102824 kB
Mapped:            71404 kB
Shmem:             17720 kB
Slab:              13868 kB
SReclaimable:       6744 kB
SUnreclaim:         7124 kB
KernelStack:        2848 kB
PageTables:         2524 kB
NFS_Unstable:          0 kB
Bounce:                0 kB
WritebackTmp:          0 kB
CommitLimit:      515524 kB
Committed_AS:    3450064 kB
VmallocTotal:     122880 kB
VmallocUsed:       21296 kB
VmallocChunk:      66044 kB
HardwareCorrupted:     0 kB
AnonHugePages:      2048 kB
HugePages_Total:       0
HugePages_Free:        0
HugePages_Rsvd:        0
HugePages_Surp:        0
Hugepagesize:       2048 kB
DirectMap4k:       12280 kB
DirectMap4M:      897024 kB


/proc/sys/kernel/threads-max (system-wide limit on the number of threads):
32768


/proc/sys/vm/max_map_count (maximum number of memory map areas a process may have):


/proc/sys/kernel/pid_max (system-wide limit on number of process identifiers):
32768



Steal ticks since vm start: 0
Steal ticks percentage since vm start:  0.000

CPU:total 4 (initial active 4) (4 cores per cpu, 1 threads per core) family 6 model 60 stepping 3, cmov, cx8, fxsr, mmx, sse, sse2, sse3, ssse3, sse4.1, sse4.2, popcnt, avx, avx2, aes, clmul, erms, lzcnt, tsc, tscinvbit, bmi1, bmi2, fma
CPU Model and flags from /proc/cpuinfo:
model name	: Intel(R) Core(TM) i5-4690 CPU @ 3.50GHz
flags		: fpu vme de pse tsc msr pae mce cx8 apic sep mtrr pge mca cmov pat pse36 clflush dts acpi mmx fxsr sse sse2 ss ht tm pbe syscall nx pdpe1gb rdtscp lm pni pclmulqdq dtes64 monitor ds_cpl vmx smx est tm2 ssse3 fma cx16 xtpr pdcm pcid sse4_1 sse4_2 x2apic movbe popcnt tsc_deadline_timer aes xsave osxsave avx f16c rdrand lahf_lm abm fsgsbase tsc_adjust bmi1 avx2 smep bmi2 erms invpcid ibrs ibpb stibp ssbd

Memory: 4k page, physical 16727120k(1606560k free), swap 50331648k(48413144k free)

vm_info: OpenJDK 64-Bit Server VM (11.0.6+10-post-Ubuntu-1ubuntu118.04.1) for linux-amd64 JRE (11.0.6+10-post-Ubuntu-1ubuntu118.04.1), built on Jan 15 2020 15:14:00 by "unknown" with gcc 7.4.0

END.
