#
# A fatal error has been detected by the Java Runtime Environment:
#
#  SIGSEGV (0xb) at pc=0x00007f334761150b, pid=237, tid=251
#
# JRE version: OpenJDK Runtime Environment (11.0.6+10) (build 11.0.6+10-post-Ubuntu-1ubuntu118.04.1)
# Java VM: OpenJDK 64-Bit Server VM (11.0.6+10-post-Ubuntu-1ubuntu118.04.1, mixed mode, sharing, tiered, compressed oops, g1 gc, linux-amd64)
# Problematic frame:
# V  [libjvm.so+0x56150b]
#
# Core dump will be written. Default location: core.237 (may not exist)
#
# If you would like to submit a bug report, please visit:
#   https://bugs.launchpad.net/ubuntu/+source/openjdk-lts
#

---------------  S U M M A R Y ------------

Command Line: 

Host: Intel(R) Core(TM) i5-4690 CPU @ 3.50GHz, 4 cores, 15G, Ubuntu 18.04.2 LTS
Time: Thu Mar 19 17:01:11 2020 KST elapsed time: 0 seconds (0d 0h 0m 0s)

---------------  T H R E A D  ---------------

Current thread (0x0000000002910800):  JavaThread "C1 CompilerThread0" daemon [_thread_in_vm, id=251, stack(0x00007f3319cd0000,0x00007f3319dd1000)]


Current CompileTask:
C1:    261  595   !   3       jdk.internal.loader.BuiltinClassLoader::findClassOnClassPathOrNull (64 bytes)

Stack: [0x00007f3319cd0000,0x00007f3319dd1000],  sp=0x00007f3319dceca0,  free space=1019k
Native frames: (J=compiled Java code, A=aot compiled Java code, j=interpreted, Vv=VM code, C=native code)
V  [libjvm.so+0x56150b]
V  [libjvm.so+0x5619c0]
V  [libjvm.so+0x55c5ef]
V  [libjvm.so+0x558a92]
V  [libjvm.so+0x550aa8]
V  [libjvm.so+0x550ce3]
V  [libjvm.so+0x47ff49]
V  [libjvm.so+0x480bd0]
V  [libjvm.so+0x47bfb2]
V  [libjvm.so+0x47e06e]
V  [libjvm.so+0x47fd6a]
V  [libjvm.so+0x4815b7]
V  [libjvm.so+0x4858da]
V  [libjvm.so+0x486506]
V  [libjvm.so+0x4673f6]
V  [libjvm.so+0x467c43]
V  [libjvm.so+0x467ddf]
V  [libjvm.so+0x46823f]
V  [libjvm.so+0x468b1e]
V  [libjvm.so+0x5fcf43]
V  [libjvm.so+0x5fe6e8]
V  [libjvm.so+0xd83203]
V  [libjvm.so+0xd834d5]
V  [libjvm.so+0xd7f20a]
V  [libjvm.so+0xbcf1fe]


siginfo: si_signo: 11 (SIGSEGV), si_code: 1 (SEGV_MAPERR), si_addr: 0x0000002000000000

Register to memory mapping:

RAX=0x00007f32f0000b58 points into unknown readable memory: 00 08 91 02 00 00 00 00
RBX=0x0000002000000000 is an unknown value
RCX=0x00007f32f01bd320 points into unknown readable memory: f8 03 39 48 33 7f 00 00
RDX=0x0000000002911e70 points into unknown readable memory: 04 00 00 00 00 00 00 00
RSP=0x00007f3319dceca0 is pointing into the stack for thread: 0x0000000002910800
RBP=0x00007f3319dcece0 is pointing into the stack for thread: 0x0000000002910800
RSI=0x0000002000000000 is an unknown value
RDI=0x0000002000000000 is an unknown value
R8 =0x00007f32f01ba4b0 points into unknown readable memory: c0 19 00 fc 32 7f 00 00
R9 =0x0000000000000003 is an unknown value
R10=0x00007f32fc001a50 points into unknown readable memory: c8 5c 42 48 33 7f 00 00
R11=0x000000080094f968 is pointing into metadata
R12=0x00007f32fc08d3f0 points into unknown readable memory: c8 fa dc 19 33 7f 00 00
R13=0x0000000002910800 is a thread
R14=0x0000000000000073 is an unknown value
R15=0x00007f32f00c8510 points into unknown readable memory: 78 80 39 48 33 7f 00 00


Registers:
RAX=0x00007f32f0000b58, RBX=0x0000002000000000, RCX=0x00007f32f01bd320, RDX=0x0000000002911e70
RSP=0x00007f3319dceca0, RBP=0x00007f3319dcece0, RSI=0x0000002000000000, RDI=0x0000002000000000
R8 =0x00007f32f01ba4b0, R9 =0x0000000000000003, R10=0x00007f32fc001a50, R11=0x000000080094f968
R12=0x00007f32fc08d3f0, R13=0x0000000002910800, R14=0x0000000000000073, R15=0x00007f32f00c8510
RIP=0x00007f334761150b, EFLAGS=0x0000000000010202, CSGSFS=0x00000053002b0033, ERR=0x0000000000000000
  TRAPNO=0x0000000000000000

Top of Stack: (sp=0x00007f3319dceca0)
0x00007f3319dceca0:   00007f3319dcecd0 00007f3319dcece0
0x00007f3319dcecb0:   00007f3319dced50 00007f33475e9c78
0x00007f3319dcecc0:   0000000000000070 0000002000000000
0x00007f3319dcecd0:   00007f32fc08d3f0 0000000000000073 

Instructions: (pc=0x00007f334761150b)
0x00007f334761140b:   0f 1f 44 00 00 49 8b 75 00 48 8b 5d d8 e9 86 fe
0x00007f334761141b:   ff ff 0f 1f 00 49 8b 75 00 bf 20 00 00 00 48 8b
0x00007f334761142b:   5d d8 e8 3e 19 e6 ff 48 85 c0 0f 84 94 fd ff ff
0x00007f334761143b:   48 89 c7 48 89 de 48 89 45 c8 e8 c6 e0 ff ff 48
0x00007f334761144b:   8b 45 c8 48 8d 0d b3 54 e1 00 48 89 08 e9 72 fd
0x00007f334761145b:   ff ff 0f 1f 00 48 8b 43 08 e9 25 fe ff ff 0f 1f
0x00007f334761146b:   80 00 00 00 00 48 8d 05 f1 8d e3 00 48 8d 3d ba
0x00007f334761147b:   84 92 00 be 5e 01 00 00 48 8b 00 c6 00 58 e8 92
0x00007f334761148b:   f4 0e 00 e8 bd 4f 66 00 31 c0 e9 35 fd ff ff 66
0x00007f334761149b:   0f 1f 44 00 00 bf 20 00 00 00 e8 c6 18 e6 ff 48
0x00007f33476114ab:   85 c0 0f 84 1c fd ff ff 48 89 c7 48 89 de 48 89
0x00007f33476114bb:   45 c8 e8 4e e0 ff ff 48 8b 45 c8 48 8d 0d d3 54
0x00007f33476114cb:   e1 00 48 89 08 e9 fa fc ff ff 90 66 2e 0f 1f 84
0x00007f33476114db:   00 00 00 00 00 55 48 89 e5 41 56 41 55 41 54 53
0x00007f33476114eb:   49 89 fc 48 89 f3 48 83 ec 20 66 48 8d 3d bb 3a
0x00007f33476114fb:   e3 00 66 66 48 e8 8b b1 d0 ff 48 89 df 4c 8b 28
0x00007f334761150b:   48 8b 03 ff 50 08 84 c0 0f 84 8f 00 00 00 8b 43
0x00007f334761151b:   08 85 c0 7f 50 3d 00 00 00 c0 0f 8c ed 01 00 00
0x00007f334761152b:   3d ff ff ff bf 0f 86 32 01 00 00 49 8b 34 24 bf
0x00007f334761153b:   30 00 00 00 e8 2c 18 e6 ff 48 85 c0 49 89 c4 74
0x00007f334761154b:   0b 48 89 de 48 89 c7 e8 c9 be 00 00 48 83 c4 20
0x00007f334761155b:   4c 89 e0 5b 41 5c 41 5d 41 5e 5d c3 66 0f 1f 84
0x00007f334761156b:   00 00 00 00 00 49 8b 34 24 bf 88 00 00 00 e8 f2
0x00007f334761157b:   17 e6 ff 48 85 c0 49 89 c4 74 d1 48 89 de 48 89
0x00007f334761158b:   c7 e8 cf 13 fe ff 48 83 c4 20 4c 89 e0 5b 41 5c
0x00007f334761159b:   41 5d 41 5e 5d c3 0f 1f 80 00 00 00 00 48 8b 03
0x00007f33476115ab:   48 89 df ff 50 10 84 c0 0f 84 df 00 00 00 48 89
0x00007f33476115bb:   5d c8 48 85 db f3 0f 7e 45 c8 4c 89 6d c8 0f 16
0x00007f33476115cb:   45 c8 0f 29 45 d0 74 26 4d 8b b5 80 02 00 00 49
0x00007f33476115db:   63 16 41 3b 56 04 0f 84 61 01 00 00 49 8b 46 18
0x00007f33476115eb:   8d 4a 01 41 89 0e 48 89 1c d0 48 8b 5d d0 48 8b
0x00007f33476115fb:   43 08 49 8b 95 e8 04 00 00 48 8b 40 08 48 8b 70 


Stack slot to memory mapping:
stack at sp + 0 slots: 0x00007f3319dcecd0 is pointing into the stack for thread: 0x0000000002910800
stack at sp + 1 slots: 0x00007f3319dcece0 is pointing into the stack for thread: 0x0000000002910800
stack at sp + 2 slots: 0x00007f3319dced50 is pointing into the stack for thread: 0x0000000002910800
stack at sp + 3 slots: 0x00007f33475e9c78: <offset 0x0000000000539c78> in /usr/lib/jvm/default-java/lib/server/libjvm.so at 0x00007f33470b0000
stack at sp + 4 slots: 0x0000000000000070 is an unknown value
stack at sp + 5 slots: 0x0000002000000000 is an unknown value
stack at sp + 6 slots: 0x00007f32fc08d3f0 points into unknown readable memory: c8 fa dc 19 33 7f 00 00
stack at sp + 7 slots: 0x0000000000000073 is an unknown value


---------------  P R O C E S S  ---------------

Threads class SMR info:
_java_thread_list=0x00000000026d14d0, length=9, elements={
0x00000000021ca800, 0x0000000002906000, 0x0000000002908000, 0x000000000290c000,
0x000000000290e800, 0x0000000002910800, 0x0000000002912800, 0x00000000026cd800,
0x000000000217f000
}

Java Threads: ( => current thread )
  0x00000000021ca800 JavaThread "main" [_thread_in_vm, id=237, stack(0x00007fffc0004000,0x00007fffc0104000)]
  0x0000000002906000 JavaThread "Reference Handler" daemon [_thread_blocked, id=247, stack(0x00007f332c140000,0x00007f332c241000)]
  0x0000000002908000 JavaThread "Finalizer" daemon [_thread_blocked, id=248, stack(0x00007f332c030000,0x00007f332c131000)]
  0x000000000290c000 JavaThread "Signal Dispatcher" daemon [_thread_blocked, id=249, stack(0x00007f3319ef0000,0x00007f3319ff1000)]
  0x000000000290e800 JavaThread "C2 CompilerThread0" daemon [_thread_blocked, id=250, stack(0x00007f3319de0000,0x00007f3319ee1000)]
=>0x0000000002910800 JavaThread "C1 CompilerThread0" daemon [_thread_in_vm, id=251, stack(0x00007f3319cd0000,0x00007f3319dd1000)]
  0x0000000002912800 JavaThread "Sweeper thread" daemon [_thread_blocked, id=252, stack(0x00007f3319bc0000,0x00007f3319cc1000)]
  0x00000000026cd800 JavaThread "Service Thread" daemon [_thread_blocked, id=253, stack(0x00007f3319ab0000,0x00007f3319bb1000)]
  0x000000000217f000 JavaThread "Common-Cleaner" daemon [_thread_blocked, id=255, stack(0x00007f3319890000,0x00007f3319991000)]

Other Threads:
  0x0000000002903800 VMThread "VM Thread" [stack: 0x00007f332c252000,0x00007f332c352000] [id=246]
  0x00000000026cf800 WatcherThread [stack: 0x00007f33199a2000,0x00007f3319aa2000] [id=254]
  0x0000000002197000 GCTaskThread "GC Thread#0" [stack: 0x00007f332e832000,0x00007f332e932000] [id=241]
  0x0000000002167800 ConcurrentGCThread "G1 Main Marker" [stack: 0x00007f332ce92000,0x00007f332cf92000] [id=242]
  0x0000000002188800 ConcurrentGCThread "G1 Conc#0" [stack: 0x00007f332cd82000,0x00007f332ce82000] [id=243]
  0x0000000002ab1000 ConcurrentGCThread "G1 Refine#0" [stack: 0x00007f332cc72000,0x00007f332cd72000] [id=244]
  0x0000000002ab2800 ConcurrentGCThread "G1 Young RemSet Sampling" [stack: 0x00007f332cb62000,0x00007f332cc62000] [id=245]

Threads with active compile tasks:
C1 CompilerThread0    307  595   !   3       jdk.internal.loader.BuiltinClassLoader::findClassOnClassPathOrNull (64 bytes)

VM state:not at safepoint (normal execution)

VM Mutex/Monitor currently owned by a thread: None

Heap address: 0x0000000700c00000, size: 4084 MB, Compressed Oops mode: Zero based, Oop shift amount: 3
Narrow klass base: 0x0000000800000000, Narrow klass shift: 3
Compressed class space size: 1073741824 Address: 0x0000000840000000

Heap:
 garbage-first heap   total 264192K, used 10948K [0x0000000700c00000, 0x0000000800000000)
  region size 1024K, 11 young (11264K), 0 survivors (0K)
 Metaspace       used 3932K, capacity 5808K, committed 6016K, reserved 1056768K
  class space    used 469K, capacity 639K, committed 640K, reserved 1048576K
Heap Regions: E=young(eden), S=young(survivor), O=old, HS=humongous(starts), HC=humongous(continues), CS=collection set, F=free, A=archive, TAMS=top-at-mark-start (previous, next)
|   0|0x0000000700c00000, 0x0000000700c00000, 0x0000000700d00000|  0%| F|  |TAMS 0x0000000700c00000, 0x0000000700c00000| Untracked 
|   1|0x0000000700d00000, 0x0000000700d00000, 0x0000000700e00000|  0%| F|  |TAMS 0x0000000700d00000, 0x0000000700d00000| Untracked 
|   2|0x0000000700e00000, 0x0000000700e00000, 0x0000000700f00000|  0%| F|  |TAMS 0x0000000700e00000, 0x0000000700e00000| Untracked 
|   3|0x0000000700f00000, 0x0000000700f00000, 0x0000000701000000|  0%| F|  |TAMS 0x0000000700f00000, 0x0000000700f00000| Untracked 
|   4|0x0000000701000000, 0x0000000701000000, 0x0000000701100000|  0%| F|  |TAMS 0x0000000701000000, 0x0000000701000000| Untracked 
|   5|0x0000000701100000, 0x0000000701100000, 0x0000000701200000|  0%| F|  |TAMS 0x0000000701100000, 0x0000000701100000| Untracked 
|   6|0x0000000701200000, 0x0000000701200000, 0x0000000701300000|  0%| F|  |TAMS 0x0000000701200000, 0x0000000701200000| Untracked 
|   7|0x0000000701300000, 0x0000000701300000, 0x0000000701400000|  0%| F|  |TAMS 0x0000000701300000, 0x0000000701300000| Untracked 
|   8|0x0000000701400000, 0x0000000701400000, 0x0000000701500000|  0%| F|  |TAMS 0x0000000701400000, 0x0000000701400000| Untracked 
|   9|0x0000000701500000, 0x0000000701500000, 0x0000000701600000|  0%| F|  |TAMS 0x0000000701500000, 0x0000000701500000| Untracked 
|  10|0x0000000701600000, 0x0000000701600000, 0x0000000701700000|  0%| F|  |TAMS 0x0000000701600000, 0x0000000701600000| Untracked 
|  11|0x0000000701700000, 0x0000000701700000, 0x0000000701800000|  0%| F|  |TAMS 0x0000000701700000, 0x0000000701700000| Untracked 
|  12|0x0000000701800000, 0x0000000701800000, 0x0000000701900000|  0%| F|  |TAMS 0x0000000701800000, 0x0000000701800000| Untracked 
|  13|0x0000000701900000, 0x0000000701900000, 0x0000000701a00000|  0%| F|  |TAMS 0x0000000701900000, 0x0000000701900000| Untracked 
|  14|0x0000000701a00000, 0x0000000701a00000, 0x0000000701b00000|  0%| F|  |TAMS 0x0000000701a00000, 0x0000000701a00000| Untracked 
|  15|0x0000000701b00000, 0x0000000701b00000, 0x0000000701c00000|  0%| F|  |TAMS 0x0000000701b00000, 0x0000000701b00000| Untracked 
|  16|0x0000000701c00000, 0x0000000701c00000, 0x0000000701d00000|  0%| F|  |TAMS 0x0000000701c00000, 0x0000000701c00000| Untracked 
|  17|0x0000000701d00000, 0x0000000701d00000, 0x0000000701e00000|  0%| F|  |TAMS 0x0000000701d00000, 0x0000000701d00000| Untracked 
|  18|0x0000000701e00000, 0x0000000701e00000, 0x0000000701f00000|  0%| F|  |TAMS 0x0000000701e00000, 0x0000000701e00000| Untracked 
|  19|0x0000000701f00000, 0x0000000701f00000, 0x0000000702000000|  0%| F|  |TAMS 0x0000000701f00000, 0x0000000701f00000| Untracked 
|  20|0x0000000702000000, 0x0000000702000000, 0x0000000702100000|  0%| F|  |TAMS 0x0000000702000000, 0x0000000702000000| Untracked 
|  21|0x0000000702100000, 0x0000000702100000, 0x0000000702200000|  0%| F|  |TAMS 0x0000000702100000, 0x0000000702100000| Untracked 
|  22|0x0000000702200000, 0x0000000702200000, 0x0000000702300000|  0%| F|  |TAMS 0x0000000702200000, 0x0000000702200000| Untracked 
|  23|0x0000000702300000, 0x0000000702300000, 0x0000000702400000|  0%| F|  |TAMS 0x0000000702300000, 0x0000000702300000| Untracked 
|  24|0x0000000702400000, 0x0000000702400000, 0x0000000702500000|  0%| F|  |TAMS 0x0000000702400000, 0x0000000702400000| Untracked 
|  25|0x0000000702500000, 0x0000000702500000, 0x0000000702600000|  0%| F|  |TAMS 0x0000000702500000, 0x0000000702500000| Untracked 
|  26|0x0000000702600000, 0x0000000702600000, 0x0000000702700000|  0%| F|  |TAMS 0x0000000702600000, 0x0000000702600000| Untracked 
|  27|0x0000000702700000, 0x0000000702700000, 0x0000000702800000|  0%| F|  |TAMS 0x0000000702700000, 0x0000000702700000| Untracked 
|  28|0x0000000702800000, 0x0000000702800000, 0x0000000702900000|  0%| F|  |TAMS 0x0000000702800000, 0x0000000702800000| Untracked 
|  29|0x0000000702900000, 0x0000000702900000, 0x0000000702a00000|  0%| F|  |TAMS 0x0000000702900000, 0x0000000702900000| Untracked 
|  30|0x0000000702a00000, 0x0000000702a00000, 0x0000000702b00000|  0%| F|  |TAMS 0x0000000702a00000, 0x0000000702a00000| Untracked 
|  31|0x0000000702b00000, 0x0000000702b00000, 0x0000000702c00000|  0%| F|  |TAMS 0x0000000702b00000, 0x0000000702b00000| Untracked 
|  32|0x0000000702c00000, 0x0000000702c00000, 0x0000000702d00000|  0%| F|  |TAMS 0x0000000702c00000, 0x0000000702c00000| Untracked 
|  33|0x0000000702d00000, 0x0000000702d00000, 0x0000000702e00000|  0%| F|  |TAMS 0x0000000702d00000, 0x0000000702d00000| Untracked 
|  34|0x0000000702e00000, 0x0000000702e00000, 0x0000000702f00000|  0%| F|  |TAMS 0x0000000702e00000, 0x0000000702e00000| Untracked 
|  35|0x0000000702f00000, 0x0000000702f00000, 0x0000000703000000|  0%| F|  |TAMS 0x0000000702f00000, 0x0000000702f00000| Untracked 
|  36|0x0000000703000000, 0x0000000703000000, 0x0000000703100000|  0%| F|  |TAMS 0x0000000703000000, 0x0000000703000000| Untracked 
|  37|0x0000000703100000, 0x0000000703100000, 0x0000000703200000|  0%| F|  |TAMS 0x0000000703100000, 0x0000000703100000| Untracked 
|  38|0x0000000703200000, 0x0000000703200000, 0x0000000703300000|  0%| F|  |TAMS 0x0000000703200000, 0x0000000703200000| Untracked 
|  39|0x0000000703300000, 0x0000000703300000, 0x0000000703400000|  0%| F|  |TAMS 0x0000000703300000, 0x0000000703300000| Untracked 
|  40|0x0000000703400000, 0x0000000703400000, 0x0000000703500000|  0%| F|  |TAMS 0x0000000703400000, 0x0000000703400000| Untracked 
|  41|0x0000000703500000, 0x0000000703500000, 0x0000000703600000|  0%| F|  |TAMS 0x0000000703500000, 0x0000000703500000| Untracked 
|  42|0x0000000703600000, 0x0000000703600000, 0x0000000703700000|  0%| F|  |TAMS 0x0000000703600000, 0x0000000703600000| Untracked 
|  43|0x0000000703700000, 0x0000000703700000, 0x0000000703800000|  0%| F|  |TAMS 0x0000000703700000, 0x0000000703700000| Untracked 
|  44|0x0000000703800000, 0x0000000703800000, 0x0000000703900000|  0%| F|  |TAMS 0x0000000703800000, 0x0000000703800000| Untracked 
|  45|0x0000000703900000, 0x0000000703900000, 0x0000000703a00000|  0%| F|  |TAMS 0x0000000703900000, 0x0000000703900000| Untracked 
|  46|0x0000000703a00000, 0x0000000703a00000, 0x0000000703b00000|  0%| F|  |TAMS 0x0000000703a00000, 0x0000000703a00000| Untracked 
|  47|0x0000000703b00000, 0x0000000703b00000, 0x0000000703c00000|  0%| F|  |TAMS 0x0000000703b00000, 0x0000000703b00000| Untracked 
|  48|0x0000000703c00000, 0x0000000703c00000, 0x0000000703d00000|  0%| F|  |TAMS 0x0000000703c00000, 0x0000000703c00000| Untracked 
|  49|0x0000000703d00000, 0x0000000703d00000, 0x0000000703e00000|  0%| F|  |TAMS 0x0000000703d00000, 0x0000000703d00000| Untracked 
|  50|0x0000000703e00000, 0x0000000703e00000, 0x0000000703f00000|  0%| F|  |TAMS 0x0000000703e00000, 0x0000000703e00000| Untracked 
|  51|0x0000000703f00000, 0x0000000703f00000, 0x0000000704000000|  0%| F|  |TAMS 0x0000000703f00000, 0x0000000703f00000| Untracked 
|  52|0x0000000704000000, 0x0000000704000000, 0x0000000704100000|  0%| F|  |TAMS 0x0000000704000000, 0x0000000704000000| Untracked 
|  53|0x0000000704100000, 0x0000000704100000, 0x0000000704200000|  0%| F|  |TAMS 0x0000000704100000, 0x0000000704100000| Untracked 
|  54|0x0000000704200000, 0x0000000704200000, 0x0000000704300000|  0%| F|  |TAMS 0x0000000704200000, 0x0000000704200000| Untracked 
|  55|0x0000000704300000, 0x0000000704300000, 0x0000000704400000|  0%| F|  |TAMS 0x0000000704300000, 0x0000000704300000| Untracked 
|  56|0x0000000704400000, 0x0000000704400000, 0x0000000704500000|  0%| F|  |TAMS 0x0000000704400000, 0x0000000704400000| Untracked 
|  57|0x0000000704500000, 0x0000000704500000, 0x0000000704600000|  0%| F|  |TAMS 0x0000000704500000, 0x0000000704500000| Untracked 
|  58|0x0000000704600000, 0x0000000704600000, 0x0000000704700000|  0%| F|  |TAMS 0x0000000704600000, 0x0000000704600000| Untracked 
|  59|0x0000000704700000, 0x0000000704700000, 0x0000000704800000|  0%| F|  |TAMS 0x0000000704700000, 0x0000000704700000| Untracked 
|  60|0x0000000704800000, 0x0000000704800000, 0x0000000704900000|  0%| F|  |TAMS 0x0000000704800000, 0x0000000704800000| Untracked 
|  61|0x0000000704900000, 0x0000000704900000, 0x0000000704a00000|  0%| F|  |TAMS 0x0000000704900000, 0x0000000704900000| Untracked 
|  62|0x0000000704a00000, 0x0000000704a00000, 0x0000000704b00000|  0%| F|  |TAMS 0x0000000704a00000, 0x0000000704a00000| Untracked 
|  63|0x0000000704b00000, 0x0000000704b00000, 0x0000000704c00000|  0%| F|  |TAMS 0x0000000704b00000, 0x0000000704b00000| Untracked 
|  64|0x0000000704c00000, 0x0000000704c00000, 0x0000000704d00000|  0%| F|  |TAMS 0x0000000704c00000, 0x0000000704c00000| Untracked 
|  65|0x0000000704d00000, 0x0000000704d00000, 0x0000000704e00000|  0%| F|  |TAMS 0x0000000704d00000, 0x0000000704d00000| Untracked 
|  66|0x0000000704e00000, 0x0000000704e00000, 0x0000000704f00000|  0%| F|  |TAMS 0x0000000704e00000, 0x0000000704e00000| Untracked 
|  67|0x0000000704f00000, 0x0000000704f00000, 0x0000000705000000|  0%| F|  |TAMS 0x0000000704f00000, 0x0000000704f00000| Untracked 
|  68|0x0000000705000000, 0x0000000705000000, 0x0000000705100000|  0%| F|  |TAMS 0x0000000705000000, 0x0000000705000000| Untracked 
|  69|0x0000000705100000, 0x0000000705100000, 0x0000000705200000|  0%| F|  |TAMS 0x0000000705100000, 0x0000000705100000| Untracked 
|  70|0x0000000705200000, 0x0000000705200000, 0x0000000705300000|  0%| F|  |TAMS 0x0000000705200000, 0x0000000705200000| Untracked 
|  71|0x0000000705300000, 0x0000000705300000, 0x0000000705400000|  0%| F|  |TAMS 0x0000000705300000, 0x0000000705300000| Untracked 
|  72|0x0000000705400000, 0x0000000705400000, 0x0000000705500000|  0%| F|  |TAMS 0x0000000705400000, 0x0000000705400000| Untracked 
|  73|0x0000000705500000, 0x0000000705500000, 0x0000000705600000|  0%| F|  |TAMS 0x0000000705500000, 0x0000000705500000| Untracked 
|  74|0x0000000705600000, 0x0000000705600000, 0x0000000705700000|  0%| F|  |TAMS 0x0000000705600000, 0x0000000705600000| Untracked 
|  75|0x0000000705700000, 0x0000000705700000, 0x0000000705800000|  0%| F|  |TAMS 0x0000000705700000, 0x0000000705700000| Untracked 
|  76|0x0000000705800000, 0x0000000705800000, 0x0000000705900000|  0%| F|  |TAMS 0x0000000705800000, 0x0000000705800000| Untracked 
|  77|0x0000000705900000, 0x0000000705900000, 0x0000000705a00000|  0%| F|  |TAMS 0x0000000705900000, 0x0000000705900000| Untracked 
|  78|0x0000000705a00000, 0x0000000705a00000, 0x0000000705b00000|  0%| F|  |TAMS 0x0000000705a00000, 0x0000000705a00000| Untracked 
|  79|0x0000000705b00000, 0x0000000705b00000, 0x0000000705c00000|  0%| F|  |TAMS 0x0000000705b00000, 0x0000000705b00000| Untracked 
|  80|0x0000000705c00000, 0x0000000705c00000, 0x0000000705d00000|  0%| F|  |TAMS 0x0000000705c00000, 0x0000000705c00000| Untracked 
|  81|0x0000000705d00000, 0x0000000705d00000, 0x0000000705e00000|  0%| F|  |TAMS 0x0000000705d00000, 0x0000000705d00000| Untracked 
|  82|0x0000000705e00000, 0x0000000705e00000, 0x0000000705f00000|  0%| F|  |TAMS 0x0000000705e00000, 0x0000000705e00000| Untracked 
|  83|0x0000000705f00000, 0x0000000705f00000, 0x0000000706000000|  0%| F|  |TAMS 0x0000000705f00000, 0x0000000705f00000| Untracked 
|  84|0x0000000706000000, 0x0000000706000000, 0x0000000706100000|  0%| F|  |TAMS 0x0000000706000000, 0x0000000706000000| Untracked 
|  85|0x0000000706100000, 0x0000000706100000, 0x0000000706200000|  0%| F|  |TAMS 0x0000000706100000, 0x0000000706100000| Untracked 
|  86|0x0000000706200000, 0x0000000706200000, 0x0000000706300000|  0%| F|  |TAMS 0x0000000706200000, 0x0000000706200000| Untracked 
|  87|0x0000000706300000, 0x0000000706300000, 0x0000000706400000|  0%| F|  |TAMS 0x0000000706300000, 0x0000000706300000| Untracked 
|  88|0x0000000706400000, 0x0000000706400000, 0x0000000706500000|  0%| F|  |TAMS 0x0000000706400000, 0x0000000706400000| Untracked 
|  89|0x0000000706500000, 0x0000000706500000, 0x0000000706600000|  0%| F|  |TAMS 0x0000000706500000, 0x0000000706500000| Untracked 
|  90|0x0000000706600000, 0x0000000706600000, 0x0000000706700000|  0%| F|  |TAMS 0x0000000706600000, 0x0000000706600000| Untracked 
|  91|0x0000000706700000, 0x0000000706700000, 0x0000000706800000|  0%| F|  |TAMS 0x0000000706700000, 0x0000000706700000| Untracked 
|  92|0x0000000706800000, 0x0000000706800000, 0x0000000706900000|  0%| F|  |TAMS 0x0000000706800000, 0x0000000706800000| Untracked 
|  93|0x0000000706900000, 0x0000000706900000, 0x0000000706a00000|  0%| F|  |TAMS 0x0000000706900000, 0x0000000706900000| Untracked 
|  94|0x0000000706a00000, 0x0000000706a00000, 0x0000000706b00000|  0%| F|  |TAMS 0x0000000706a00000, 0x0000000706a00000| Untracked 
|  95|0x0000000706b00000, 0x0000000706b00000, 0x0000000706c00000|  0%| F|  |TAMS 0x0000000706b00000, 0x0000000706b00000| Untracked 
|  96|0x0000000706c00000, 0x0000000706c00000, 0x0000000706d00000|  0%| F|  |TAMS 0x0000000706c00000, 0x0000000706c00000| Untracked 
|  97|0x0000000706d00000, 0x0000000706d00000, 0x0000000706e00000|  0%| F|  |TAMS 0x0000000706d00000, 0x0000000706d00000| Untracked 
|  98|0x0000000706e00000, 0x0000000706e00000, 0x0000000706f00000|  0%| F|  |TAMS 0x0000000706e00000, 0x0000000706e00000| Untracked 
|  99|0x0000000706f00000, 0x0000000706f00000, 0x0000000707000000|  0%| F|  |TAMS 0x0000000706f00000, 0x0000000706f00000| Untracked 
| 100|0x0000000707000000, 0x0000000707000000, 0x0000000707100000|  0%| F|  |TAMS 0x0000000707000000, 0x0000000707000000| Untracked 
| 101|0x0000000707100000, 0x0000000707100000, 0x0000000707200000|  0%| F|  |TAMS 0x0000000707100000, 0x0000000707100000| Untracked 
| 102|0x0000000707200000, 0x0000000707200000, 0x0000000707300000|  0%| F|  |TAMS 0x0000000707200000, 0x0000000707200000| Untracked 
| 103|0x0000000707300000, 0x0000000707300000, 0x0000000707400000|  0%| F|  |TAMS 0x0000000707300000, 0x0000000707300000| Untracked 
| 104|0x0000000707400000, 0x0000000707400000, 0x0000000707500000|  0%| F|  |TAMS 0x0000000707400000, 0x0000000707400000| Untracked 
| 105|0x0000000707500000, 0x0000000707500000, 0x0000000707600000|  0%| F|  |TAMS 0x0000000707500000, 0x0000000707500000| Untracked 
| 106|0x0000000707600000, 0x0000000707600000, 0x0000000707700000|  0%| F|  |TAMS 0x0000000707600000, 0x0000000707600000| Untracked 
| 107|0x0000000707700000, 0x0000000707700000, 0x0000000707800000|  0%| F|  |TAMS 0x0000000707700000, 0x0000000707700000| Untracked 
| 108|0x0000000707800000, 0x0000000707800000, 0x0000000707900000|  0%| F|  |TAMS 0x0000000707800000, 0x0000000707800000| Untracked 
| 109|0x0000000707900000, 0x0000000707900000, 0x0000000707a00000|  0%| F|  |TAMS 0x0000000707900000, 0x0000000707900000| Untracked 
| 110|0x0000000707a00000, 0x0000000707a00000, 0x0000000707b00000|  0%| F|  |TAMS 0x0000000707a00000, 0x0000000707a00000| Untracked 
| 111|0x0000000707b00000, 0x0000000707b00000, 0x0000000707c00000|  0%| F|  |TAMS 0x0000000707b00000, 0x0000000707b00000| Untracked 
| 112|0x0000000707c00000, 0x0000000707c00000, 0x0000000707d00000|  0%| F|  |TAMS 0x0000000707c00000, 0x0000000707c00000| Untracked 
| 113|0x0000000707d00000, 0x0000000707d00000, 0x0000000707e00000|  0%| F|  |TAMS 0x0000000707d00000, 0x0000000707d00000| Untracked 
| 114|0x0000000707e00000, 0x0000000707e00000, 0x0000000707f00000|  0%| F|  |TAMS 0x0000000707e00000, 0x0000000707e00000| Untracked 
| 115|0x0000000707f00000, 0x0000000707f00000, 0x0000000708000000|  0%| F|  |TAMS 0x0000000707f00000, 0x0000000707f00000| Untracked 
| 116|0x0000000708000000, 0x0000000708000000, 0x0000000708100000|  0%| F|  |TAMS 0x0000000708000000, 0x0000000708000000| Untracked 
| 117|0x0000000708100000, 0x0000000708100000, 0x0000000708200000|  0%| F|  |TAMS 0x0000000708100000, 0x0000000708100000| Untracked 
| 118|0x0000000708200000, 0x0000000708200000, 0x0000000708300000|  0%| F|  |TAMS 0x0000000708200000, 0x0000000708200000| Untracked 
| 119|0x0000000708300000, 0x0000000708300000, 0x0000000708400000|  0%| F|  |TAMS 0x0000000708300000, 0x0000000708300000| Untracked 
| 120|0x0000000708400000, 0x0000000708400000, 0x0000000708500000|  0%| F|  |TAMS 0x0000000708400000, 0x0000000708400000| Untracked 
| 121|0x0000000708500000, 0x0000000708500000, 0x0000000708600000|  0%| F|  |TAMS 0x0000000708500000, 0x0000000708500000| Untracked 
| 122|0x0000000708600000, 0x0000000708600000, 0x0000000708700000|  0%| F|  |TAMS 0x0000000708600000, 0x0000000708600000| Untracked 
| 123|0x0000000708700000, 0x0000000708700000, 0x0000000708800000|  0%| F|  |TAMS 0x0000000708700000, 0x0000000708700000| Untracked 
| 124|0x0000000708800000, 0x0000000708800000, 0x0000000708900000|  0%| F|  |TAMS 0x0000000708800000, 0x0000000708800000| Untracked 
| 125|0x0000000708900000, 0x0000000708900000, 0x0000000708a00000|  0%| F|  |TAMS 0x0000000708900000, 0x0000000708900000| Untracked 
| 126|0x0000000708a00000, 0x0000000708a00000, 0x0000000708b00000|  0%| F|  |TAMS 0x0000000708a00000, 0x0000000708a00000| Untracked 
| 127|0x0000000708b00000, 0x0000000708b00000, 0x0000000708c00000|  0%| F|  |TAMS 0x0000000708b00000, 0x0000000708b00000| Untracked 
| 128|0x0000000708c00000, 0x0000000708c00000, 0x0000000708d00000|  0%| F|  |TAMS 0x0000000708c00000, 0x0000000708c00000| Untracked 
| 129|0x0000000708d00000, 0x0000000708d00000, 0x0000000708e00000|  0%| F|  |TAMS 0x0000000708d00000, 0x0000000708d00000| Untracked 
| 130|0x0000000708e00000, 0x0000000708e00000, 0x0000000708f00000|  0%| F|  |TAMS 0x0000000708e00000, 0x0000000708e00000| Untracked 
| 131|0x0000000708f00000, 0x0000000708f00000, 0x0000000709000000|  0%| F|  |TAMS 0x0000000708f00000, 0x0000000708f00000| Untracked 
| 132|0x0000000709000000, 0x0000000709000000, 0x0000000709100000|  0%| F|  |TAMS 0x0000000709000000, 0x0000000709000000| Untracked 
| 133|0x0000000709100000, 0x0000000709100000, 0x0000000709200000|  0%| F|  |TAMS 0x0000000709100000, 0x0000000709100000| Untracked 
| 134|0x0000000709200000, 0x0000000709200000, 0x0000000709300000|  0%| F|  |TAMS 0x0000000709200000, 0x0000000709200000| Untracked 
| 135|0x0000000709300000, 0x0000000709300000, 0x0000000709400000|  0%| F|  |TAMS 0x0000000709300000, 0x0000000709300000| Untracked 
| 136|0x0000000709400000, 0x0000000709400000, 0x0000000709500000|  0%| F|  |TAMS 0x0000000709400000, 0x0000000709400000| Untracked 
| 137|0x0000000709500000, 0x0000000709500000, 0x0000000709600000|  0%| F|  |TAMS 0x0000000709500000, 0x0000000709500000| Untracked 
| 138|0x0000000709600000, 0x0000000709600000, 0x0000000709700000|  0%| F|  |TAMS 0x0000000709600000, 0x0000000709600000| Untracked 
| 139|0x0000000709700000, 0x0000000709700000, 0x0000000709800000|  0%| F|  |TAMS 0x0000000709700000, 0x0000000709700000| Untracked 
| 140|0x0000000709800000, 0x0000000709800000, 0x0000000709900000|  0%| F|  |TAMS 0x0000000709800000, 0x0000000709800000| Untracked 
| 141|0x0000000709900000, 0x0000000709900000, 0x0000000709a00000|  0%| F|  |TAMS 0x0000000709900000, 0x0000000709900000| Untracked 
| 142|0x0000000709a00000, 0x0000000709a00000, 0x0000000709b00000|  0%| F|  |TAMS 0x0000000709a00000, 0x0000000709a00000| Untracked 
| 143|0x0000000709b00000, 0x0000000709b00000, 0x0000000709c00000|  0%| F|  |TAMS 0x0000000709b00000, 0x0000000709b00000| Untracked 
| 144|0x0000000709c00000, 0x0000000709c00000, 0x0000000709d00000|  0%| F|  |TAMS 0x0000000709c00000, 0x0000000709c00000| Untracked 
| 145|0x0000000709d00000, 0x0000000709d00000, 0x0000000709e00000|  0%| F|  |TAMS 0x0000000709d00000, 0x0000000709d00000| Untracked 
| 146|0x0000000709e00000, 0x0000000709e00000, 0x0000000709f00000|  0%| F|  |TAMS 0x0000000709e00000, 0x0000000709e00000| Untracked 
| 147|0x0000000709f00000, 0x0000000709f00000, 0x000000070a000000|  0%| F|  |TAMS 0x0000000709f00000, 0x0000000709f00000| Untracked 
| 148|0x000000070a000000, 0x000000070a000000, 0x000000070a100000|  0%| F|  |TAMS 0x000000070a000000, 0x000000070a000000| Untracked 
| 149|0x000000070a100000, 0x000000070a100000, 0x000000070a200000|  0%| F|  |TAMS 0x000000070a100000, 0x000000070a100000| Untracked 
| 150|0x000000070a200000, 0x000000070a200000, 0x000000070a300000|  0%| F|  |TAMS 0x000000070a200000, 0x000000070a200000| Untracked 
| 151|0x000000070a300000, 0x000000070a300000, 0x000000070a400000|  0%| F|  |TAMS 0x000000070a300000, 0x000000070a300000| Untracked 
| 152|0x000000070a400000, 0x000000070a400000, 0x000000070a500000|  0%| F|  |TAMS 0x000000070a400000, 0x000000070a400000| Untracked 
| 153|0x000000070a500000, 0x000000070a500000, 0x000000070a600000|  0%| F|  |TAMS 0x000000070a500000, 0x000000070a500000| Untracked 
| 154|0x000000070a600000, 0x000000070a600000, 0x000000070a700000|  0%| F|  |TAMS 0x000000070a600000, 0x000000070a600000| Untracked 
| 155|0x000000070a700000, 0x000000070a700000, 0x000000070a800000|  0%| F|  |TAMS 0x000000070a700000, 0x000000070a700000| Untracked 
| 156|0x000000070a800000, 0x000000070a800000, 0x000000070a900000|  0%| F|  |TAMS 0x000000070a800000, 0x000000070a800000| Untracked 
| 157|0x000000070a900000, 0x000000070a900000, 0x000000070aa00000|  0%| F|  |TAMS 0x000000070a900000, 0x000000070a900000| Untracked 
| 158|0x000000070aa00000, 0x000000070aa00000, 0x000000070ab00000|  0%| F|  |TAMS 0x000000070aa00000, 0x000000070aa00000| Untracked 
| 159|0x000000070ab00000, 0x000000070ab00000, 0x000000070ac00000|  0%| F|  |TAMS 0x000000070ab00000, 0x000000070ab00000| Untracked 
| 160|0x000000070ac00000, 0x000000070ac00000, 0x000000070ad00000|  0%| F|  |TAMS 0x000000070ac00000, 0x000000070ac00000| Untracked 
| 161|0x000000070ad00000, 0x000000070ad00000, 0x000000070ae00000|  0%| F|  |TAMS 0x000000070ad00000, 0x000000070ad00000| Untracked 
| 162|0x000000070ae00000, 0x000000070ae00000, 0x000000070af00000|  0%| F|  |TAMS 0x000000070ae00000, 0x000000070ae00000| Untracked 
| 163|0x000000070af00000, 0x000000070af00000, 0x000000070b000000|  0%| F|  |TAMS 0x000000070af00000, 0x000000070af00000| Untracked 
| 164|0x000000070b000000, 0x000000070b000000, 0x000000070b100000|  0%| F|  |TAMS 0x000000070b000000, 0x000000070b000000| Untracked 
| 165|0x000000070b100000, 0x000000070b100000, 0x000000070b200000|  0%| F|  |TAMS 0x000000070b100000, 0x000000070b100000| Untracked 
| 166|0x000000070b200000, 0x000000070b200000, 0x000000070b300000|  0%| F|  |TAMS 0x000000070b200000, 0x000000070b200000| Untracked 
| 167|0x000000070b300000, 0x000000070b300000, 0x000000070b400000|  0%| F|  |TAMS 0x000000070b300000, 0x000000070b300000| Untracked 
| 168|0x000000070b400000, 0x000000070b400000, 0x000000070b500000|  0%| F|  |TAMS 0x000000070b400000, 0x000000070b400000| Untracked 
| 169|0x000000070b500000, 0x000000070b500000, 0x000000070b600000|  0%| F|  |TAMS 0x000000070b500000, 0x000000070b500000| Untracked 
| 170|0x000000070b600000, 0x000000070b600000, 0x000000070b700000|  0%| F|  |TAMS 0x000000070b600000, 0x000000070b600000| Untracked 
| 171|0x000000070b700000, 0x000000070b700000, 0x000000070b800000|  0%| F|  |TAMS 0x000000070b700000, 0x000000070b700000| Untracked 
| 172|0x000000070b800000, 0x000000070b800000, 0x000000070b900000|  0%| F|  |TAMS 0x000000070b800000, 0x000000070b800000| Untracked 
| 173|0x000000070b900000, 0x000000070b900000, 0x000000070ba00000|  0%| F|  |TAMS 0x000000070b900000, 0x000000070b900000| Untracked 
| 174|0x000000070ba00000, 0x000000070ba00000, 0x000000070bb00000|  0%| F|  |TAMS 0x000000070ba00000, 0x000000070ba00000| Untracked 
| 175|0x000000070bb00000, 0x000000070bb00000, 0x000000070bc00000|  0%| F|  |TAMS 0x000000070bb00000, 0x000000070bb00000| Untracked 
| 176|0x000000070bc00000, 0x000000070bc00000, 0x000000070bd00000|  0%| F|  |TAMS 0x000000070bc00000, 0x000000070bc00000| Untracked 
| 177|0x000000070bd00000, 0x000000070bd00000, 0x000000070be00000|  0%| F|  |TAMS 0x000000070bd00000, 0x000000070bd00000| Untracked 
| 178|0x000000070be00000, 0x000000070be00000, 0x000000070bf00000|  0%| F|  |TAMS 0x000000070be00000, 0x000000070be00000| Untracked 
| 179|0x000000070bf00000, 0x000000070bf00000, 0x000000070c000000|  0%| F|  |TAMS 0x000000070bf00000, 0x000000070bf00000| Untracked 
| 180|0x000000070c000000, 0x000000070c000000, 0x000000070c100000|  0%| F|  |TAMS 0x000000070c000000, 0x000000070c000000| Untracked 
| 181|0x000000070c100000, 0x000000070c100000, 0x000000070c200000|  0%| F|  |TAMS 0x000000070c100000, 0x000000070c100000| Untracked 
| 182|0x000000070c200000, 0x000000070c200000, 0x000000070c300000|  0%| F|  |TAMS 0x000000070c200000, 0x000000070c200000| Untracked 
| 183|0x000000070c300000, 0x000000070c300000, 0x000000070c400000|  0%| F|  |TAMS 0x000000070c300000, 0x000000070c300000| Untracked 
| 184|0x000000070c400000, 0x000000070c400000, 0x000000070c500000|  0%| F|  |TAMS 0x000000070c400000, 0x000000070c400000| Untracked 
| 185|0x000000070c500000, 0x000000070c500000, 0x000000070c600000|  0%| F|  |TAMS 0x000000070c500000, 0x000000070c500000| Untracked 
| 186|0x000000070c600000, 0x000000070c600000, 0x000000070c700000|  0%| F|  |TAMS 0x000000070c600000, 0x000000070c600000| Untracked 
| 187|0x000000070c700000, 0x000000070c700000, 0x000000070c800000|  0%| F|  |TAMS 0x000000070c700000, 0x000000070c700000| Untracked 
| 188|0x000000070c800000, 0x000000070c800000, 0x000000070c900000|  0%| F|  |TAMS 0x000000070c800000, 0x000000070c800000| Untracked 
| 189|0x000000070c900000, 0x000000070c900000, 0x000000070ca00000|  0%| F|  |TAMS 0x000000070c900000, 0x000000070c900000| Untracked 
| 190|0x000000070ca00000, 0x000000070ca00000, 0x000000070cb00000|  0%| F|  |TAMS 0x000000070ca00000, 0x000000070ca00000| Untracked 
| 191|0x000000070cb00000, 0x000000070cb00000, 0x000000070cc00000|  0%| F|  |TAMS 0x000000070cb00000, 0x000000070cb00000| Untracked 
| 192|0x000000070cc00000, 0x000000070cc00000, 0x000000070cd00000|  0%| F|  |TAMS 0x000000070cc00000, 0x000000070cc00000| Untracked 
| 193|0x000000070cd00000, 0x000000070cd00000, 0x000000070ce00000|  0%| F|  |TAMS 0x000000070cd00000, 0x000000070cd00000| Untracked 
| 194|0x000000070ce00000, 0x000000070ce00000, 0x000000070cf00000|  0%| F|  |TAMS 0x000000070ce00000, 0x000000070ce00000| Untracked 
| 195|0x000000070cf00000, 0x000000070cf00000, 0x000000070d000000|  0%| F|  |TAMS 0x000000070cf00000, 0x000000070cf00000| Untracked 
| 196|0x000000070d000000, 0x000000070d000000, 0x000000070d100000|  0%| F|  |TAMS 0x000000070d000000, 0x000000070d000000| Untracked 
| 197|0x000000070d100000, 0x000000070d100000, 0x000000070d200000|  0%| F|  |TAMS 0x000000070d100000, 0x000000070d100000| Untracked 
| 198|0x000000070d200000, 0x000000070d200000, 0x000000070d300000|  0%| F|  |TAMS 0x000000070d200000, 0x000000070d200000| Untracked 
| 199|0x000000070d300000, 0x000000070d300000, 0x000000070d400000|  0%| F|  |TAMS 0x000000070d300000, 0x000000070d300000| Untracked 
| 200|0x000000070d400000, 0x000000070d400000, 0x000000070d500000|  0%| F|  |TAMS 0x000000070d400000, 0x000000070d400000| Untracked 
| 201|0x000000070d500000, 0x000000070d500000, 0x000000070d600000|  0%| F|  |TAMS 0x000000070d500000, 0x000000070d500000| Untracked 
| 202|0x000000070d600000, 0x000000070d600000, 0x000000070d700000|  0%| F|  |TAMS 0x000000070d600000, 0x000000070d600000| Untracked 
| 203|0x000000070d700000, 0x000000070d700000, 0x000000070d800000|  0%| F|  |TAMS 0x000000070d700000, 0x000000070d700000| Untracked 
| 204|0x000000070d800000, 0x000000070d800000, 0x000000070d900000|  0%| F|  |TAMS 0x000000070d800000, 0x000000070d800000| Untracked 
| 205|0x000000070d900000, 0x000000070d900000, 0x000000070da00000|  0%| F|  |TAMS 0x000000070d900000, 0x000000070d900000| Untracked 
| 206|0x000000070da00000, 0x000000070da00000, 0x000000070db00000|  0%| F|  |TAMS 0x000000070da00000, 0x000000070da00000| Untracked 
| 207|0x000000070db00000, 0x000000070db00000, 0x000000070dc00000|  0%| F|  |TAMS 0x000000070db00000, 0x000000070db00000| Untracked 
| 208|0x000000070dc00000, 0x000000070dc00000, 0x000000070dd00000|  0%| F|  |TAMS 0x000000070dc00000, 0x000000070dc00000| Untracked 
| 209|0x000000070dd00000, 0x000000070dd00000, 0x000000070de00000|  0%| F|  |TAMS 0x000000070dd00000, 0x000000070dd00000| Untracked 
| 210|0x000000070de00000, 0x000000070de00000, 0x000000070df00000|  0%| F|  |TAMS 0x000000070de00000, 0x000000070de00000| Untracked 
| 211|0x000000070df00000, 0x000000070df00000, 0x000000070e000000|  0%| F|  |TAMS 0x000000070df00000, 0x000000070df00000| Untracked 
| 212|0x000000070e000000, 0x000000070e000000, 0x000000070e100000|  0%| F|  |TAMS 0x000000070e000000, 0x000000070e000000| Untracked 
| 213|0x000000070e100000, 0x000000070e100000, 0x000000070e200000|  0%| F|  |TAMS 0x000000070e100000, 0x000000070e100000| Untracked 
| 214|0x000000070e200000, 0x000000070e200000, 0x000000070e300000|  0%| F|  |TAMS 0x000000070e200000, 0x000000070e200000| Untracked 
| 215|0x000000070e300000, 0x000000070e300000, 0x000000070e400000|  0%| F|  |TAMS 0x000000070e300000, 0x000000070e300000| Untracked 
| 216|0x000000070e400000, 0x000000070e400000, 0x000000070e500000|  0%| F|  |TAMS 0x000000070e400000, 0x000000070e400000| Untracked 
| 217|0x000000070e500000, 0x000000070e500000, 0x000000070e600000|  0%| F|  |TAMS 0x000000070e500000, 0x000000070e500000| Untracked 
| 218|0x000000070e600000, 0x000000070e600000, 0x000000070e700000|  0%| F|  |TAMS 0x000000070e600000, 0x000000070e600000| Untracked 
| 219|0x000000070e700000, 0x000000070e700000, 0x000000070e800000|  0%| F|  |TAMS 0x000000070e700000, 0x000000070e700000| Untracked 
| 220|0x000000070e800000, 0x000000070e800000, 0x000000070e900000|  0%| F|  |TAMS 0x000000070e800000, 0x000000070e800000| Untracked 
| 221|0x000000070e900000, 0x000000070e900000, 0x000000070ea00000|  0%| F|  |TAMS 0x000000070e900000, 0x000000070e900000| Untracked 
| 222|0x000000070ea00000, 0x000000070ea00000, 0x000000070eb00000|  0%| F|  |TAMS 0x000000070ea00000, 0x000000070ea00000| Untracked 
| 223|0x000000070eb00000, 0x000000070eb00000, 0x000000070ec00000|  0%| F|  |TAMS 0x000000070eb00000, 0x000000070eb00000| Untracked 
| 224|0x000000070ec00000, 0x000000070ec00000, 0x000000070ed00000|  0%| F|  |TAMS 0x000000070ec00000, 0x000000070ec00000| Untracked 
| 225|0x000000070ed00000, 0x000000070ed00000, 0x000000070ee00000|  0%| F|  |TAMS 0x000000070ed00000, 0x000000070ed00000| Untracked 
| 226|0x000000070ee00000, 0x000000070ee00000, 0x000000070ef00000|  0%| F|  |TAMS 0x000000070ee00000, 0x000000070ee00000| Untracked 
| 227|0x000000070ef00000, 0x000000070ef00000, 0x000000070f000000|  0%| F|  |TAMS 0x000000070ef00000, 0x000000070ef00000| Untracked 
| 228|0x000000070f000000, 0x000000070f000000, 0x000000070f100000|  0%| F|  |TAMS 0x000000070f000000, 0x000000070f000000| Untracked 
| 229|0x000000070f100000, 0x000000070f100000, 0x000000070f200000|  0%| F|  |TAMS 0x000000070f100000, 0x000000070f100000| Untracked 
| 230|0x000000070f200000, 0x000000070f200000, 0x000000070f300000|  0%| F|  |TAMS 0x000000070f200000, 0x000000070f200000| Untracked 
| 231|0x000000070f300000, 0x000000070f300000, 0x000000070f400000|  0%| F|  |TAMS 0x000000070f300000, 0x000000070f300000| Untracked 
| 232|0x000000070f400000, 0x000000070f400000, 0x000000070f500000|  0%| F|  |TAMS 0x000000070f400000, 0x000000070f400000| Untracked 
| 233|0x000000070f500000, 0x000000070f500000, 0x000000070f600000|  0%| F|  |TAMS 0x000000070f500000, 0x000000070f500000| Untracked 
| 234|0x000000070f600000, 0x000000070f600000, 0x000000070f700000|  0%| F|  |TAMS 0x000000070f600000, 0x000000070f600000| Untracked 
| 235|0x000000070f700000, 0x000000070f700000, 0x000000070f800000|  0%| F|  |TAMS 0x000000070f700000, 0x000000070f700000| Untracked 
| 236|0x000000070f800000, 0x000000070f800000, 0x000000070f900000|  0%| F|  |TAMS 0x000000070f800000, 0x000000070f800000| Untracked 
| 237|0x000000070f900000, 0x000000070f900000, 0x000000070fa00000|  0%| F|  |TAMS 0x000000070f900000, 0x000000070f900000| Untracked 
| 238|0x000000070fa00000, 0x000000070fa00000, 0x000000070fb00000|  0%| F|  |TAMS 0x000000070fa00000, 0x000000070fa00000| Untracked 
| 239|0x000000070fb00000, 0x000000070fb00000, 0x000000070fc00000|  0%| F|  |TAMS 0x000000070fb00000, 0x000000070fb00000| Untracked 
| 240|0x000000070fc00000, 0x000000070fc00000, 0x000000070fd00000|  0%| F|  |TAMS 0x000000070fc00000, 0x000000070fc00000| Untracked 
| 241|0x000000070fd00000, 0x000000070fd00000, 0x000000070fe00000|  0%| F|  |TAMS 0x000000070fd00000, 0x000000070fd00000| Untracked 
| 242|0x000000070fe00000, 0x000000070fe3f268, 0x000000070ff00000| 24%| E|  |TAMS 0x000000070fe00000, 0x000000070fe00000| Complete 
| 243|0x000000070ff00000, 0x0000000710000000, 0x0000000710000000|100%| E|  |TAMS 0x000000070ff00000, 0x000000070ff00000| Complete 
| 244|0x0000000710000000, 0x0000000710100000, 0x0000000710100000|100%| E|CS|TAMS 0x0000000710000000, 0x0000000710000000| Complete 
| 245|0x0000000710100000, 0x0000000710200000, 0x0000000710200000|100%| E|CS|TAMS 0x0000000710100000, 0x0000000710100000| Complete 
| 246|0x0000000710200000, 0x0000000710300000, 0x0000000710300000|100%| E|CS|TAMS 0x0000000710200000, 0x0000000710200000| Complete 
| 247|0x0000000710300000, 0x0000000710400000, 0x0000000710400000|100%| E|CS|TAMS 0x0000000710300000, 0x0000000710300000| Complete 
| 248|0x0000000710400000, 0x0000000710500000, 0x0000000710500000|100%| E|CS|TAMS 0x0000000710400000, 0x0000000710400000| Complete 
| 249|0x0000000710500000, 0x0000000710600000, 0x0000000710600000|100%| E|CS|TAMS 0x0000000710500000, 0x0000000710500000| Complete 
| 250|0x0000000710600000, 0x0000000710700000, 0x0000000710700000|100%| E|CS|TAMS 0x0000000710600000, 0x0000000710600000| Complete 
| 251|0x0000000710700000, 0x0000000710800000, 0x0000000710800000|100%| E|CS|TAMS 0x0000000710700000, 0x0000000710700000| Complete 
| 252|0x0000000710800000, 0x0000000710900000, 0x0000000710900000|100%| E|CS|TAMS 0x0000000710800000, 0x0000000710800000| Complete 
| 253|0x0000000710900000, 0x0000000710a00000, 0x0000000710a00000|100%| E|CS|TAMS 0x0000000710900000, 0x0000000710900000| Complete 
| 254|0x0000000710a00000, 0x0000000710b00000, 0x0000000710b00000|100%| E|CS|TAMS 0x0000000710a00000, 0x0000000710a00000| Complete 
| 255|0x0000000710b00000, 0x0000000710c00000, 0x0000000710c00000|100%| E|CS|TAMS 0x0000000710b00000, 0x0000000710b00000| Complete 
|3058|0x00000007bfe00000, 0x00000007bfe47000, 0x00000007bff00000| 27%|OA|  |TAMS 0x00000007bfe00000, 0x00000007bfe00000| Untracked 
|3059|0x00000007bff00000, 0x00000007bff6a000, 0x00000007c0000000| 41%|CA|  |TAMS 0x00000007bff00000, 0x00000007bff00000| Untracked 

Card table byte_map: [0x00007f332d830000,0x00007f332e02a000] _byte_map_base: 0x00007f332a02a000

Marking Bits (Prev, Next): (CMBitMap*) 0x000000000220ede8, (CMBitMap*) 0x000000000220ee20
 Prev Bits: [0x00007f3324030000, 0x00007f3328000000)
 Next Bits: [0x00007f3320060000, 0x00007f3324030000)

Polling page: 0x00007f33565a0000

Metaspace:

Usage:
  Non-class:      5.61 MB capacity,     4.20 MB ( 75%) used,     1.41 MB ( 25%) free+waste,     7.81 KB ( <1%) overhead. 
      Class:    704.00 KB capacity,   564.73 KB ( 80%) used,   135.02 KB ( 19%) free+waste,     4.25 KB ( <1%) overhead. 
       Both:      6.30 MB capacity,     4.75 MB ( 75%) used,     1.54 MB ( 24%) free+waste,    12.06 KB ( <1%) overhead. 

Virtual space:
  Non-class space:        8.00 MB reserved,       5.75 MB ( 72%) committed 
      Class space:        1.00 GB reserved,     768.00 KB ( <1%) committed 
             Both:        1.01 GB reserved,       6.50 MB ( <1%) committed 

Chunk freelists:
   Non-Class:  13.00 KB
       Class:  0 bytes
        Both:  13.00 KB

MaxMetaspaceSize: unlimited
CompressedClassSpaceSize: 1.00 GB

CodeHeap 'non-profiled nmethods': size=120032Kb used=214Kb max_used=214Kb free=119817Kb
 bounds [0x00007f33365e8000, 0x00007f3336858000, 0x00007f333db20000]
CodeHeap 'profiled nmethods': size=120032Kb used=1021Kb max_used=1021Kb free=119011Kb
 bounds [0x00007f332f0b0000, 0x00007f332f320000, 0x00007f33365e8000]
CodeHeap 'non-nmethods': size=5696Kb used=1079Kb max_used=1094Kb free=4616Kb
 bounds [0x00007f332eb20000, 0x00007f332ed90000, 0x00007f332f0b0000]
 total_blobs=1176 nmethods=609 adapters=297
 compilation: enabled
              stopped_count=0, restarted_count=0
 full_count=0

Compilation events (20 events):
Event: 0.255 Thread 0x0000000002910800 nmethod 578 0x00007f332f1ab410 code [0x00007f332f1ab5c0, 0x00007f332f1ab768]
Event: 0.255 Thread 0x0000000002910800  586       3       java.util.ArrayDeque::poll (5 bytes)
Event: 0.255 Thread 0x0000000002910800 nmethod 586 0x00007f332f1ab810 code [0x00007f332f1ab9c0, 0x00007f332f1abb88]
Event: 0.255 Thread 0x0000000002910800  587       3       sun.net.www.ParseUtil::encodePath (41 bytes)
Event: 0.255 Thread 0x0000000002910800 nmethod 587 0x00007f332f1abc10 code [0x00007f332f1abde0, 0x00007f332f1ac038]
Event: 0.255 Thread 0x0000000002910800  588   !   3       jdk.internal.ref.PhantomCleanable::remove (60 bytes)
Event: 0.255 Thread 0x0000000002910800 nmethod 588 0x00007f332f1ac110 code [0x00007f332f1ac2e0, 0x00007f332f1ac870]
Event: 0.255 Thread 0x0000000002910800  590       3       java.net.URL::toString (5 bytes)
Event: 0.255 Thread 0x0000000002910800 nmethod 590 0x00007f332f1aca10 code [0x00007f332f1acbe0, 0x00007f332f1ace88]
Event: 0.255 Thread 0x0000000002910800  591       3       jdk.internal.ref.PhantomCleanable::clean (16 bytes)
Event: 0.255 Thread 0x0000000002910800 nmethod 591 0x00007f332f1acf90 code [0x00007f332f1ad160, 0x00007f332f1ad4b8]
Event: 0.255 Thread 0x0000000002910800  589       3       java.lang.ref.Reference::clear (6 bytes)
Event: 0.255 Thread 0x0000000002910800 nmethod 589 0x00007f332f1ad590 code [0x00007f332f1ad740, 0x00007f332f1ad8f0]
Event: 0.255 Thread 0x0000000002910800  592   !   3       java.util.zip.ZipFile$ZipFileInflaterInputStream::close (67 bytes)
Event: 0.256 Thread 0x0000000002910800 nmethod 592 0x00007f332f1ad990 code [0x00007f332f1adba0, 0x00007f332f1ae338]
Event: 0.256 Thread 0x0000000002910800  593       3       java.util.zip.InflaterInputStream::close (34 bytes)
Event: 0.256 Thread 0x0000000002910800 nmethod 593 0x00007f332f1ae610 code [0x00007f332f1ae7e0, 0x00007f332f1aeb18]
Event: 0.256 Thread 0x0000000002910800  594   !   3       java.util.zip.Inflater::needsInput (55 bytes)
Event: 0.256 Thread 0x0000000002910800 nmethod 594 0x00007f332f1aec10 code [0x00007f332f1aede0, 0x00007f332f1af2f0]
Event: 0.256 Thread 0x0000000002910800  595   !   3       jdk.internal.loader.BuiltinClassLoader::findClassOnClassPathOrNull (64 bytes)

GC Heap History (0 events):
No events

Deoptimization events (12 events):
Event: 0.111 Thread 0x00000000021ca800 DEOPT PACKING pc=0x00007f332f0dd0b0 sp=0x00007fffc01002f0
Event: 0.111 Thread 0x00000000021ca800 DEOPT UNPACKING pc=0x00007f332eb488ba sp=0x00007fffc00ff768 mode 0
Event: 0.114 Thread 0x00000000021ca800 DEOPT PACKING pc=0x00007f332f0de542 sp=0x00007fffc00fde60
Event: 0.114 Thread 0x00000000021ca800 DEOPT UNPACKING pc=0x00007f332eb488ba sp=0x00007fffc00fd2e8 mode 0
Event: 0.116 Thread 0x00000000021ca800 DEOPT PACKING pc=0x00007f332f0d29ef sp=0x00007fffc00fffd0
Event: 0.116 Thread 0x00000000021ca800 DEOPT UNPACKING pc=0x00007f332eb488ba sp=0x00007fffc00ff478 mode 0
Event: 0.118 Thread 0x00000000021ca800 DEOPT PACKING pc=0x00007f332f0d29ef sp=0x00007fffc00ffa20
Event: 0.118 Thread 0x00000000021ca800 DEOPT UNPACKING pc=0x00007f332eb488ba sp=0x00007fffc00feec8 mode 0
Event: 0.133 Thread 0x00000000021ca800 Uncommon trap: trap_request=0xffffff4d fr.pc=0x00007f33365f652c relative=0x00000000000002ec
Event: 0.133 Thread 0x00000000021ca800 Uncommon trap: reason=unstable_if action=reinterpret pc=0x00007f33365f652c method=java.io.BufferedReader.read()I @ 19 c2
Event: 0.133 Thread 0x00000000021ca800 DEOPT PACKING pc=0x00007f33365f652c sp=0x00007fffc00fd130
Event: 0.133 Thread 0x00000000021ca800 DEOPT UNPACKING pc=0x00007f332eb48aa5 sp=0x00007fffc00fd070 mode 2

Classes redefined (0 events):
No events

Internal exceptions (7 events):
Event: 0.131 Thread 0x00000000021ca800 Exception <a 'java/lang/ClassNotFoundException'{0x00000007108b0ec0}: javax/smartcardio/CardPermission> (0x00000007108b0ec0) thrown at [/build/openjdk-lts-iuKaMP/openjdk-lts-11.0.6+10/src/hotspot/share/classfile/systemDictionary.cpp, line 231]
Event: 0.134 Thread 0x00000000021ca800 Exception <a 'java/io/FileNotFoundException'{0x00000007108bde38}> (0x00000007108bde38) thrown at [/build/openjdk-lts-iuKaMP/openjdk-lts-11.0.6+10/src/hotspot/share/prims/jni.cpp, line 615]
Event: 0.184 Thread 0x00000000021ca800 Exception <a 'java/lang/NoSuchMethodError'{0x00000007106414e8}: 'java.lang.Object java.lang.invoke.DirectMethodHandle$Holder.invokeStatic(java.lang.Object, java.lang.Object, java.lang.Object, java.lang.Object, java.lang.Object, java.lang.Object, java.lang
Event: 0.185 Thread 0x00000000021ca800 Exception <a 'java/lang/NoSuchMethodError'{0x000000071064f688}: 'java.lang.Object java.lang.invoke.DirectMethodHandle$Holder.invokeStatic(java.lang.Object, java.lang.Object, java.lang.Object, java.lang.Object, java.lang.Object, java.lang.Object, java.lang
Event: 0.187 Thread 0x00000000021ca800 Exception <a 'java/lang/NoSuchMethodError'{0x000000071065e788}: 'java.lang.Object java.lang.invoke.DirectMethodHandle$Holder.invokeSpecial(java.lang.Object, java.lang.Object, int, int, java.lang.Object, java.lang.Object, java.lang.Object)'> (0x00000007106
Event: 0.187 Thread 0x00000000021ca800 Exception <a 'java/lang/NoSuchMethodError'{0x0000000710661d18}: 'java.lang.Object java.lang.invoke.DelegatingMethodHandle$Holder.reinvoke_L(java.lang.Object, int, int, java.lang.Object, java.lang.Object, java.lang.Object)'> (0x0000000710661d18) thrown at 
Event: 0.188 Thread 0x00000000021ca800 Exception <a 'java/lang/NoSuchMethodError'{0x0000000710666120}: 'java.lang.Object java.lang.invoke.DirectMethodHandle$Holder.invokeStatic(java.lang.Object, java.lang.Object, java.lang.Object, java.lang.Object, int)'> (0x0000000710666120) thrown at [/build

Events (20 events):
Event: 0.255 loading class ch/qos/logback/core/pattern/color/BlackCompositeConverter
Event: 0.255 loading class ch/qos/logback/core/pattern/color/BlackCompositeConverter done
Event: 0.255 loading class ch/qos/logback/core/pattern/color/ForegroundCompositeConverterBase
Event: 0.255 loading class ch/qos/logback/core/pattern/color/ForegroundCompositeConverterBase done
Event: 0.255 loading class ch/qos/logback/core/pattern/color/RedCompositeConverter
Event: 0.255 loading class ch/qos/logback/core/pattern/color/RedCompositeConverter done
Event: 0.255 loading class ch/qos/logback/core/pattern/color/GreenCompositeConverter
Event: 0.255 loading class ch/qos/logback/core/pattern/color/GreenCompositeConverter done
Event: 0.256 loading class ch/qos/logback/core/pattern/color/YellowCompositeConverter
Event: 0.256 loading class ch/qos/logback/core/pattern/color/YellowCompositeConverter done
Event: 0.256 loading class ch/qos/logback/core/pattern/color/BlueCompositeConverter
Event: 0.256 loading class ch/qos/logback/core/pattern/color/BlueCompositeConverter done
Event: 0.256 loading class ch/qos/logback/core/pattern/color/MagentaCompositeConverter
Event: 0.256 loading class ch/qos/logback/core/pattern/color/MagentaCompositeConverter done
Event: 0.256 loading class ch/qos/logback/core/pattern/color/CyanCompositeConverter
Event: 0.256 loading class ch/qos/logback/core/pattern/color/CyanCompositeConverter done
Event: 0.256 loading class ch/qos/logback/core/pattern/color/WhiteCompositeConverter
Event: 0.256 loading class ch/qos/logback/core/pattern/color/WhiteCompositeConverter done
Event: 0.256 loading class ch/qos/logback/core/pattern/color/GrayCompositeConverter
Event: 0.256 loading class ch/qos/logback/core/pattern/color/GrayCompositeConverter done


Dynamic libraries:
00400000-007b3000 r-xp 00000000 00:00 709815                     /usr/bin/python3.6
007b3000-007b4000 r-xp 003b3000 00:00 709815                     /usr/bin/python3.6
009b3000-009b4000 r--p 003b3000 00:00 709815                     /usr/bin/python3.6
009b4000-00a51000 rw-p 003b4000 00:00 709815                     /usr/bin/python3.6
00a51000-00a84000 rw-p 00000000 00:00 0
01bb3000-032c5000 rw-p 00000000 00:00 0                          [heap]
700c00000-710c00000 rw-p 00000000 00:00 0
710c00000-7bfe00000 ---p 00000000 00:00 0
7bfe00000-7bfe47000 rw-p 01105000 00:00 751417                   /usr/lib/jvm/java-11-openjdk-amd64/lib/server/classes.jsa
7bfe47000-7bff00000 rw-p 00000000 00:00 0
7bff00000-7bff6a000 rw-p 0109b000 00:00 751417                   /usr/lib/jvm/java-11-openjdk-amd64/lib/server/classes.jsa
7bff6a000-7c0000000 rw-p 00000000 00:00 0
7c0000000-800000000 ---p 00000000 00:00 0
800000000-800002000 rwxp 00001000 00:00 751417                   /usr/lib/jvm/java-11-openjdk-amd64/lib/server/classes.jsa
800002000-8003b8000 rw-p 00003000 00:00 751417                   /usr/lib/jvm/java-11-openjdk-amd64/lib/server/classes.jsa
8003b8000-800a8d000 r--p 003b9000 00:00 751417                   /usr/lib/jvm/java-11-openjdk-amd64/lib/server/classes.jsa
800a8d000-800a8e000 rw-p 00a8e000 00:00 751417                   /usr/lib/jvm/java-11-openjdk-amd64/lib/server/classes.jsa
800a8e000-80109a000 r--p 00a8f000 00:00 751417                   /usr/lib/jvm/java-11-openjdk-amd64/lib/server/classes.jsa
840000000-8400c0000 rw-p 00000000 00:00 0
8400c0000-880000000 ---p 00000000 00:00 0
7f32e0000000-7f32e0021000 rw-p 00000000 00:00 0
7f32e0021000-7f32e4000000 ---p 00000000 00:00 0
7f32e4000000-7f32e4021000 rw-p 00000000 00:00 0
7f32e4021000-7f32e8000000 ---p 00000000 00:00 0
7f32e8000000-7f32e8021000 rw-p 00000000 00:00 0
7f32e8021000-7f32ec000000 ---p 00000000 00:00 0
7f32ec000000-7f32ec021000 rw-p 00000000 00:00 0
7f32ec021000-7f32f0000000 ---p 00000000 00:00 0
7f32f0000000-7f32f01f2000 rw-p 00000000 00:00 0
7f32f01f2000-7f32f4000000 ---p 00000000 00:00 0
7f32f4000000-7f32f4021000 rw-p 00000000 00:00 0
7f32f4021000-7f32f8000000 ---p 00000000 00:00 0
7f32f8000000-7f32f8021000 rw-p 00000000 00:00 0
7f32f8021000-7f32fc000000 ---p 00000000 00:00 0
7f32fc000000-7f32fc326000 rw-p 00000000 00:00 0
7f32fc326000-7f3300000000 ---p 00000000 00:00 0
7f3300000000-7f3300021000 rw-p 00000000 00:00 0
7f3300021000-7f3304000000 ---p 00000000 00:00 0
7f3304000000-7f3304021000 rw-p 00000000 00:00 0
7f3304021000-7f3308000000 ---p 00000000 00:00 0
7f3308000000-7f3308021000 rw-p 00000000 00:00 0
7f3308021000-7f330c000000 ---p 00000000 00:00 0
7f330c000000-7f330c021000 rw-p 00000000 00:00 0
7f330c021000-7f3310000000 ---p 00000000 00:00 0
7f3310000000-7f3310021000 rw-p 00000000 00:00 0
7f3310021000-7f3314000000 ---p 00000000 00:00 0
7f3314000000-7f3314021000 rw-p 00000000 00:00 0
7f3314021000-7f3318000000 ---p 00000000 00:00 0
7f3319340000-7f3319344000 ---p 00000000 00:00 0
7f3319344000-7f3319441000 rw-p 00000000 00:00 0
7f3319450000-7f3319466000 r-xp 00000000 00:00 749026             /usr/lib/jvm/java-11-openjdk-amd64/lib/libnet.so
7f3319466000-7f3319467000 ---p 00016000 00:00 749026             /usr/lib/jvm/java-11-openjdk-amd64/lib/libnet.so
7f3319467000-7f3319665000 ---p 00000017 00:00 749026             /usr/lib/jvm/java-11-openjdk-amd64/lib/libnet.so
7f3319665000-7f3319666000 r--p 00015000 00:00 749026             /usr/lib/jvm/java-11-openjdk-amd64/lib/libnet.so
7f3319666000-7f3319667000 rw-p 00016000 00:00 749026             /usr/lib/jvm/java-11-openjdk-amd64/lib/libnet.so
7f3319670000-7f3319680000 r-xp 00000000 00:00 749027             /usr/lib/jvm/java-11-openjdk-amd64/lib/libnio.so
7f3319680000-7f3319681000 ---p 00010000 00:00 749027             /usr/lib/jvm/java-11-openjdk-amd64/lib/libnio.so
7f3319681000-7f331987f000 ---p 00000011 00:00 749027             /usr/lib/jvm/java-11-openjdk-amd64/lib/libnio.so
7f331987f000-7f3319880000 r--p 0000f000 00:00 749027             /usr/lib/jvm/java-11-openjdk-amd64/lib/libnio.so
7f3319880000-7f3319881000 rw-p 00010000 00:00 749027             /usr/lib/jvm/java-11-openjdk-amd64/lib/libnio.so
7f3319890000-7f3319894000 ---p 00000000 00:00 0
7f3319894000-7f3319991000 rw-p 00000000 00:00 0
7f33199a0000-7f33199a1000 ---p 00000000 00:00 0
7f33199a1000-7f3319aa2000 rw-p 00000000 00:00 0
7f3319ab0000-7f3319ab4000 ---p 00000000 00:00 0
7f3319ab4000-7f3319bb1000 rw-p 00000000 00:00 0
7f3319bc0000-7f3319bc4000 ---p 00000000 00:00 0
7f3319bc4000-7f3319cc1000 rw-p 00000000 00:00 0
7f3319cd0000-7f3319cd4000 ---p 00000000 00:00 0
7f3319cd4000-7f3319dd1000 rw-p 00000000 00:00 0
7f3319de0000-7f3319de4000 ---p 00000000 00:00 0
7f3319de4000-7f3319ee1000 rw-p 00000000 00:00 0
7f3319ef0000-7f3319ef4000 ---p 00000000 00:00 0
7f3319ef4000-7f3319ff1000 rw-p 00000000 00:00 0
7f331a000000-7f331c021000 rw-p 00000000 00:00 0
7f331c021000-7f3320000000 ---p 00000000 00:00 0
7f3320060000-7f3320460000 rw-p 00000000 00:00 0
7f3320460000-7f3323028000 ---p 00000000 00:00 0
7f3323028000-7f3323030000 rw-p 00000000 00:00 0
7f3323030000-7f3324030000 ---p 00000000 00:00 0
7f3324030000-7f3324430000 rw-p 00000000 00:00 0
7f3324430000-7f3326ff8000 ---p 00000000 00:00 0
7f3326ff8000-7f3327000000 rw-p 00000000 00:00 0
7f3327000000-7f3328000000 ---p 00000000 00:00 0
7f3328000000-7f3328021000 rw-p 00000000 00:00 0
7f3328021000-7f332c000000 ---p 00000000 00:00 0
7f332c030000-7f332c034000 ---p 00000000 00:00 0
7f332c034000-7f332c131000 rw-p 00000000 00:00 0
7f332c140000-7f332c144000 ---p 00000000 00:00 0
7f332c144000-7f332c241000 rw-p 00000000 00:00 0
7f332c250000-7f332c251000 ---p 00000000 00:00 0
7f332c251000-7f332c352000 rw-p 00000000 00:00 0
7f332c360000-7f332c920000 rw-p 00000000 00:00 0
7f332c920000-7f332cb61000 ---p 00000000 00:00 0
7f332cb61000-7f332cc62000 rw-p 00000000 00:00 0
7f332cc70000-7f332cc71000 ---p 00000000 00:00 0
7f332cc71000-7f332cd72000 rw-p 00000000 00:00 0
7f332cd80000-7f332cd81000 ---p 00000000 00:00 0
7f332cd81000-7f332ce82000 rw-p 00000000 00:00 0
7f332ce90000-7f332ce91000 ---p 00000000 00:00 0
7f332ce91000-7f332cf92000 rw-p 00000000 00:00 0
7f332cfa0000-7f332d028000 rw-p 00000000 00:00 0
7f332d030000-7f332d0b0000 rw-p 00000000 00:00 0
7f332d0b0000-7f332d629000 ---p 00000000 00:00 0
7f332d629000-7f332d62a000 rw-p 00000000 00:00 0
7f332d62a000-7f332d82a000 ---p 00000000 00:00 0
7f332d830000-7f332d8b0000 rw-p 00000000 00:00 0
7f332d8b0000-7f332de29000 ---p 00000000 00:00 0
7f332de29000-7f332de2a000 rw-p 00000000 00:00 0
7f332de2a000-7f332e02a000 ---p 00000000 00:00 0
7f332e030000-7f332e0b0000 rw-p 00000000 00:00 0
7f332e0b0000-7f332e629000 ---p 00000000 00:00 0
7f332e629000-7f332e62a000 rw-p 00000000 00:00 0
7f332e62a000-7f332e82a000 ---p 00000000 00:00 0
7f332e830000-7f332e831000 ---p 00000000 00:00 0
7f332e831000-7f332e932000 rw-p 00000000 00:00 0
7f332e940000-7f332e945000 rw-p 00000000 00:00 0
7f332e945000-7f332ea2b000 ---p 00000000 00:00 0
7f332ea30000-7f332ea35000 rw-p 00000000 00:00 0
7f332ea35000-7f332eb1b000 ---p 00000000 00:00 0
7f332eb20000-7f332ed90000 rwxp 00000000 00:00 0
7f332ed90000-7f332f0b0000 ---p 00000000 00:00 0
7f332f0b0000-7f332f320000 rwxp 00000000 00:00 0
7f332f320000-7f33365e8000 ---p 00000000 00:00 0
7f33365e8000-7f3336858000 rwxp 00000000 00:00 0
7f3336858000-7f333db20000 ---p 00000000 00:00 0
7f333db20000-7f3346210000 r--s 00000000 00:00 749036             /usr/lib/jvm/java-11-openjdk-amd64/lib/modules
7f3346210000-7f3346215000 r-xp 00000000 00:00 749018             /usr/lib/jvm/java-11-openjdk-amd64/lib/libjimage.so
7f3346215000-7f3346216000 ---p 00005000 00:00 749018             /usr/lib/jvm/java-11-openjdk-amd64/lib/libjimage.so
7f3346216000-7f3346414000 ---p 00000006 00:00 749018             /usr/lib/jvm/java-11-openjdk-amd64/lib/libjimage.so
7f3346414000-7f3346415000 r--p 00004000 00:00 749018             /usr/lib/jvm/java-11-openjdk-amd64/lib/libjimage.so
7f3346415000-7f3346416000 rw-p 00005000 00:00 749018             /usr/lib/jvm/java-11-openjdk-amd64/lib/libjimage.so
7f3346420000-7f3346427000 r-xp 00000000 00:00 749035             /usr/lib/jvm/java-11-openjdk-amd64/lib/libzip.so
7f3346427000-7f3346428000 ---p 00007000 00:00 749035             /usr/lib/jvm/java-11-openjdk-amd64/lib/libzip.so
7f3346428000-7f3346626000 ---p 00000008 00:00 749035             /usr/lib/jvm/java-11-openjdk-amd64/lib/libzip.so
7f3346626000-7f3346627000 r--p 00006000 00:00 749035             /usr/lib/jvm/java-11-openjdk-amd64/lib/libzip.so
7f3346627000-7f3346628000 rw-p 00007000 00:00 749035             /usr/lib/jvm/java-11-openjdk-amd64/lib/libzip.so
7f3346630000-7f3346647000 r-xp 00000000 00:00 692009             /lib/x86_64-linux-gnu/libnsl-2.27.so
7f3346647000-7f3346648000 ---p 00017000 00:00 692009             /lib/x86_64-linux-gnu/libnsl-2.27.so
7f3346648000-7f3346846000 ---p 00000018 00:00 692009             /lib/x86_64-linux-gnu/libnsl-2.27.so
7f3346846000-7f3346847000 r--p 00016000 00:00 692009             /lib/x86_64-linux-gnu/libnsl-2.27.so
7f3346847000-7f3346848000 rw-p 00017000 00:00 692009             /lib/x86_64-linux-gnu/libnsl-2.27.so
7f3346848000-7f334684a000 rw-p 00000000 00:00 0
7f3346850000-7f334685b000 r-xp 00000000 00:00 692019             /lib/x86_64-linux-gnu/libnss_nis-2.27.so
7f334685b000-7f334685c000 ---p 0000b000 00:00 692019             /lib/x86_64-linux-gnu/libnss_nis-2.27.so
7f334685c000-7f3346a5a000 ---p 0000000c 00:00 692019             /lib/x86_64-linux-gnu/libnss_nis-2.27.so
7f3346a5a000-7f3346a5b000 r--p 0000a000 00:00 692019             /lib/x86_64-linux-gnu/libnss_nis-2.27.so
7f3346a5b000-7f3346a5c000 rw-p 0000b000 00:00 692019             /lib/x86_64-linux-gnu/libnss_nis-2.27.so
7f3346a60000-7f3346a68000 r-xp 00000000 00:00 692011             /lib/x86_64-linux-gnu/libnss_compat-2.27.so
7f3346a68000-7f3346a6a000 ---p 00008000 00:00 692011             /lib/x86_64-linux-gnu/libnss_compat-2.27.so
7f3346a6a000-7f3346c68000 ---p 0000000a 00:00 692011             /lib/x86_64-linux-gnu/libnss_compat-2.27.so
7f3346c68000-7f3346c69000 r--p 00008000 00:00 692011             /lib/x86_64-linux-gnu/libnss_compat-2.27.so
7f3346c69000-7f3346c6a000 rw-p 00009000 00:00 692011             /lib/x86_64-linux-gnu/libnss_compat-2.27.so
7f3346c70000-7f3346c99000 r-xp 00000000 00:00 749014             /usr/lib/jvm/java-11-openjdk-amd64/lib/libjava.so
7f3346c99000-7f3346c9b000 ---p 00029000 00:00 749014             /usr/lib/jvm/java-11-openjdk-amd64/lib/libjava.so
7f3346c9b000-7f3346e98000 ---p 0000002b 00:00 749014             /usr/lib/jvm/java-11-openjdk-amd64/lib/libjava.so
7f3346e98000-7f3346e99000 r--p 00028000 00:00 749014             /usr/lib/jvm/java-11-openjdk-amd64/lib/libjava.so
7f3346e99000-7f3346e9b000 rw-p 00029000 00:00 749014             /usr/lib/jvm/java-11-openjdk-amd64/lib/libjava.so
7f3346ea0000-7f3346ead000 r-xp 00000000 00:00 749034             /usr/lib/jvm/java-11-openjdk-amd64/lib/libverify.so
7f3346ead000-7f3346eaf000 ---p 0000d000 00:00 749034             /usr/lib/jvm/java-11-openjdk-amd64/lib/libverify.so
7f3346eaf000-7f33470ac000 ---p 0000000f 00:00 749034             /usr/lib/jvm/java-11-openjdk-amd64/lib/libverify.so
7f33470ac000-7f33470ae000 r--p 0000c000 00:00 749034             /usr/lib/jvm/java-11-openjdk-amd64/lib/libverify.so
7f33470ae000-7f33470af000 rw-p 0000e000 00:00 749034             /usr/lib/jvm/java-11-openjdk-amd64/lib/libverify.so
7f33470b0000-7f3348189000 r-xp 00000000 00:00 749041             /usr/lib/jvm/java-11-openjdk-amd64/lib/server/libjvm.so
7f3348189000-7f334827f000 ---p 010d9000 00:00 749041             /usr/lib/jvm/java-11-openjdk-amd64/lib/server/libjvm.so
7f334827f000-7f3348388000 ---p 000011cf 00:00 749041             /usr/lib/jvm/java-11-openjdk-amd64/lib/server/libjvm.so
7f3348388000-7f3348445000 r--p 010d8000 00:00 749041             /usr/lib/jvm/java-11-openjdk-amd64/lib/server/libjvm.so
7f3348445000-7f334847f000 rw-p 01195000 00:00 749041             /usr/lib/jvm/java-11-openjdk-amd64/lib/server/libjvm.so
7f334847f000-7f33484d5000 rw-p 00000000 00:00 0
7f33484e0000-7f3349c20000 rw-p 00000000 00:00 0
7f3349c20000-7f3349c25000 r-xp 00000000 00:00 692013             /lib/x86_64-linux-gnu/libnss_dns-2.27.so
7f3349c25000-7f3349c27000 ---p 00005000 00:00 692013             /lib/x86_64-linux-gnu/libnss_dns-2.27.so
7f3349c27000-7f3349e25000 ---p 00000007 00:00 692013             /lib/x86_64-linux-gnu/libnss_dns-2.27.so
7f3349e25000-7f3349e26000 r--p 00005000 00:00 692013             /lib/x86_64-linux-gnu/libnss_dns-2.27.so
7f3349e26000-7f3349e27000 rw-p 00006000 00:00 692013             /lib/x86_64-linux-gnu/libnss_dns-2.27.so
7f3349e30000-7f3349e3b000 r-xp 00000000 00:00 692015             /lib/x86_64-linux-gnu/libnss_files-2.27.so
7f3349e3b000-7f3349e3c000 ---p 0000b000 00:00 692015             /lib/x86_64-linux-gnu/libnss_files-2.27.so
7f3349e3c000-7f334a03a000 ---p 0000000c 00:00 692015             /lib/x86_64-linux-gnu/libnss_files-2.27.so
7f334a03a000-7f334a03b000 r--p 0000a000 00:00 692015             /lib/x86_64-linux-gnu/libnss_files-2.27.so
7f334a03b000-7f334a03c000 rw-p 0000b000 00:00 692015             /lib/x86_64-linux-gnu/libnss_files-2.27.so
7f334a03c000-7f334a042000 rw-p 00000000 00:00 0
7f334a050000-7f334a090000 rw-p 00000000 00:00 0
7f334a090000-7f334a0c1000 r-xp 00000000 00:00 879636             /home/parkmin/.local/lib/python3.6/site-packages/lxml/_elementpath.cpython-36m-x86_64-linux-gnu.so
7f334a0c1000-7f334a0dd000 ---p 00031000 00:00 879636             /home/parkmin/.local/lib/python3.6/site-packages/lxml/_elementpath.cpython-36m-x86_64-linux-gnu.so
7f334a0dd000-7f334a2c0000 ---p 0000004d 00:00 879636             /home/parkmin/.local/lib/python3.6/site-packages/lxml/_elementpath.cpython-36m-x86_64-linux-gnu.so
7f334a2c0000-7f334a2c5000 rw-p 00030000 00:00 879636             /home/parkmin/.local/lib/python3.6/site-packages/lxml/_elementpath.cpython-36m-x86_64-linux-gnu.so
7f334a2c5000-7f334a2c6000 rw-p 00000000 00:00 0
7f334a2d0000-7f334a310000 rw-p 00000000 00:00 0
7f334a310000-7f334a81b000 r-xp 00000000 00:00 879659             /home/parkmin/.local/lib/python3.6/site-packages/lxml/etree.cpython-36m-x86_64-linux-gnu.so
7f334a81b000-7f334a99f000 ---p 0050b000 00:00 879659             /home/parkmin/.local/lib/python3.6/site-packages/lxml/etree.cpython-36m-x86_64-linux-gnu.so
7f334a99f000-7f334aa1a000 ---p 0000068f 00:00 879659             /home/parkmin/.local/lib/python3.6/site-packages/lxml/etree.cpython-36m-x86_64-linux-gnu.so
7f334aa1a000-7f334aa5f000 rw-p 0050a000 00:00 879659             /home/parkmin/.local/lib/python3.6/site-packages/lxml/etree.cpython-36m-x86_64-linux-gnu.so
7f334aa5f000-7f334aa69000 rw-p 00000000 00:00 0
7f334aa70000-7f334adb0000 rw-p 00000000 00:00 0
7f334adb0000-7f334ae7a000 r-xp 00000000 00:00 706538             /usr/lib/python3/dist-packages/cryptography/hazmat/bindings/_openssl.abi3.so
7f334ae7a000-7f334ae98000 ---p 000ca000 00:00 706538             /usr/lib/python3/dist-packages/cryptography/hazmat/bindings/_openssl.abi3.so
7f334ae98000-7f334b079000 ---p 000000e8 00:00 706538             /usr/lib/python3/dist-packages/cryptography/hazmat/bindings/_openssl.abi3.so
7f334b079000-7f334b08f000 r--p 000c9000 00:00 706538             /usr/lib/python3/dist-packages/cryptography/hazmat/bindings/_openssl.abi3.so
7f334b08f000-7f334b097000 rw-p 000df000 00:00 706538             /usr/lib/python3/dist-packages/cryptography/hazmat/bindings/_openssl.abi3.so
7f334b0a0000-7f334b120000 rw-p 00000000 00:00 0
7f334b120000-7f334b143000 r-xp 00000000 00:00 705663             /usr/lib/python3/dist-packages/_cffi_backend.cpython-36m-x86_64-linux-gnu.so
7f334b143000-7f334b14a000 ---p 00023000 00:00 705663             /usr/lib/python3/dist-packages/_cffi_backend.cpython-36m-x86_64-linux-gnu.so
7f334b14a000-7f334b343000 ---p 0000002a 00:00 705663             /usr/lib/python3/dist-packages/_cffi_backend.cpython-36m-x86_64-linux-gnu.so
7f334b343000-7f334b344000 r--p 00023000 00:00 705663             /usr/lib/python3/dist-packages/_cffi_backend.cpython-36m-x86_64-linux-gnu.so
7f334b344000-7f334b349000 rw-p 00024000 00:00 705663             /usr/lib/python3/dist-packages/_cffi_backend.cpython-36m-x86_64-linux-gnu.so
7f334b349000-7f334b34c000 rw-p 00000000 00:00 0
7f334b350000-7f334b351000 r-xp 00000000 00:00 706537             /usr/lib/python3/dist-packages/cryptography/hazmat/bindings/_constant_time.abi3.so
7f334b351000-7f334b353000 ---p 00001000 00:00 706537             /usr/lib/python3/dist-packages/cryptography/hazmat/bindings/_constant_time.abi3.so
7f334b353000-7f334b551000 ---p 00000003 00:00 706537             /usr/lib/python3/dist-packages/cryptography/hazmat/bindings/_constant_time.abi3.so
7f334b551000-7f334b552000 r--p 00001000 00:00 706537             /usr/lib/python3/dist-packages/cryptography/hazmat/bindings/_constant_time.abi3.so
7f334b552000-7f334b553000 rw-p 00002000 00:00 706537             /usr/lib/python3/dist-packages/cryptography/hazmat/bindings/_constant_time.abi3.so
7f334b560000-7f334b5e0000 rw-p 00000000 00:00 0
7f334b5e0000-7f334b5e7000 r-xp 00000000 00:00 711383             /usr/lib/x86_64-linux-gnu/libffi.so.6.0.4
7f334b5e7000-7f334b5e8000 ---p 00007000 00:00 711383             /usr/lib/x86_64-linux-gnu/libffi.so.6.0.4
7f334b5e8000-7f334b7e6000 ---p 00000008 00:00 711383             /usr/lib/x86_64-linux-gnu/libffi.so.6.0.4
7f334b7e6000-7f334b7e7000 r--p 00006000 00:00 711383             /usr/lib/x86_64-linux-gnu/libffi.so.6.0.4
7f334b7e7000-7f334b7e8000 rw-p 00007000 00:00 711383             /usr/lib/x86_64-linux-gnu/libffi.so.6.0.4
7f334b7f0000-7f334b80b000 r-xp 00000000 00:00 710437             /usr/lib/python3.6/lib-dynload/_ctypes.cpython-36m-x86_64-linux-gnu.so
7f334b80b000-7f334b80f000 ---p 0001b000 00:00 710437             /usr/lib/python3.6/lib-dynload/_ctypes.cpython-36m-x86_64-linux-gnu.so
7f334b80f000-7f334ba0a000 ---p 0000001f 00:00 710437             /usr/lib/python3.6/lib-dynload/_ctypes.cpython-36m-x86_64-linux-gnu.so
7f334ba0a000-7f334ba0b000 r--p 0001a000 00:00 710437             /usr/lib/python3.6/lib-dynload/_ctypes.cpython-36m-x86_64-linux-gnu.so
7f334ba0b000-7f334ba0f000 rw-p 0001b000 00:00 710437             /usr/lib/python3.6/lib-dynload/_ctypes.cpython-36m-x86_64-linux-gnu.so
7f334ba10000-7f334bd21000 rw-p 00000000 00:00 0
7f334bd30000-7f334bd36000 r-xp 00000000 00:00 710149             /usr/lib/python3.6/lib-dynload/_hashlib.cpython-36m-x86_64-linux-gnu.so
7f334bd36000-7f334bd38000 ---p 00006000 00:00 710149             /usr/lib/python3.6/lib-dynload/_hashlib.cpython-36m-x86_64-linux-gnu.so
7f334bd38000-7f334bf35000 ---p 00000008 00:00 710149             /usr/lib/python3.6/lib-dynload/_hashlib.cpython-36m-x86_64-linux-gnu.so
7f334bf35000-7f334bf36000 r--p 00005000 00:00 710149             /usr/lib/python3.6/lib-dynload/_hashlib.cpython-36m-x86_64-linux-gnu.so
7f334bf36000-7f334bf37000 rw-p 00006000 00:00 710149             /usr/lib/python3.6/lib-dynload/_hashlib.cpython-36m-x86_64-linux-gnu.so
7f334bf40000-7f334c021000 rw-p 00000000 00:00 0
7f334c021000-7f3350000000 ---p 00000000 00:00 0
7f3350030000-7f33502cb000 r-xp 00000000 00:00 740813             /usr/lib/x86_64-linux-gnu/libcrypto.so.1.1
7f33502cb000-7f33502f9000 ---p 0029b000 00:00 740813             /usr/lib/x86_64-linux-gnu/libcrypto.so.1.1
7f33502f9000-7f33504ca000 ---p 000002c9 00:00 740813             /usr/lib/x86_64-linux-gnu/libcrypto.so.1.1
7f33504ca000-7f33504f6000 r--p 0029a000 00:00 740813             /usr/lib/x86_64-linux-gnu/libcrypto.so.1.1
7f33504f6000-7f33504f8000 rw-p 002c6000 00:00 740813             /usr/lib/x86_64-linux-gnu/libcrypto.so.1.1
7f33504f8000-7f33504fb000 rw-p 00000000 00:00 0
7f3350500000-7f3350580000 r-xp 00000000 00:00 740814             /usr/lib/x86_64-linux-gnu/libssl.so.1.1
7f3350580000-7f335058d000 ---p 00080000 00:00 740814             /usr/lib/x86_64-linux-gnu/libssl.so.1.1
7f335058d000-7f3350780000 ---p 0000008d 00:00 740814             /usr/lib/x86_64-linux-gnu/libssl.so.1.1
7f3350780000-7f3350789000 r--p 00080000 00:00 740814             /usr/lib/x86_64-linux-gnu/libssl.so.1.1
7f3350789000-7f335078d000 rw-p 00089000 00:00 740814             /usr/lib/x86_64-linux-gnu/libssl.so.1.1
7f3350790000-7f33507a8000 r-xp 00000000 00:00 710151             /usr/lib/python3.6/lib-dynload/_ssl.cpython-36m-x86_64-linux-gnu.so
7f33507a8000-7f33507ae000 ---p 00018000 00:00 710151             /usr/lib/python3.6/lib-dynload/_ssl.cpython-36m-x86_64-linux-gnu.so
7f33507ae000-7f33509a7000 ---p 0000001e 00:00 710151             /usr/lib/python3.6/lib-dynload/_ssl.cpython-36m-x86_64-linux-gnu.so
7f33509a7000-7f33509a8000 r--p 00017000 00:00 710151             /usr/lib/python3.6/lib-dynload/_ssl.cpython-36m-x86_64-linux-gnu.so
7f33509a8000-7f33509ad000 rw-p 00018000 00:00 710151             /usr/lib/python3.6/lib-dynload/_ssl.cpython-36m-x86_64-linux-gnu.so
7f33509b0000-7f3350a70000 rw-p 00000000 00:00 0
7f3350a70000-7f3350a94000 r-xp 00000000 00:00 691989             /lib/x86_64-linux-gnu/liblzma.so.5.2.2
7f3350a94000-7f3350a96000 ---p 00024000 00:00 691989             /lib/x86_64-linux-gnu/liblzma.so.5.2.2
7f3350a96000-7f3350c94000 ---p 00000026 00:00 691989             /lib/x86_64-linux-gnu/liblzma.so.5.2.2
7f3350c94000-7f3350c95000 r--p 00024000 00:00 691989             /lib/x86_64-linux-gnu/liblzma.so.5.2.2
7f3350c95000-7f3350c96000 rw-p 00025000 00:00 691989             /lib/x86_64-linux-gnu/liblzma.so.5.2.2
7f3350ca0000-7f3350ca6000 r-xp 00000000 00:00 710535             /usr/lib/python3.6/lib-dynload/_lzma.cpython-36m-x86_64-linux-gnu.so
7f3350ca6000-7f3350ca9000 ---p 00006000 00:00 710535             /usr/lib/python3.6/lib-dynload/_lzma.cpython-36m-x86_64-linux-gnu.so
7f3350ca9000-7f3350ea5000 ---p 00000009 00:00 710535             /usr/lib/python3.6/lib-dynload/_lzma.cpython-36m-x86_64-linux-gnu.so
7f3350ea5000-7f3350ea6000 r--p 00005000 00:00 710535             /usr/lib/python3.6/lib-dynload/_lzma.cpython-36m-x86_64-linux-gnu.so
7f3350ea6000-7f3350ea8000 rw-p 00006000 00:00 710535             /usr/lib/python3.6/lib-dynload/_lzma.cpython-36m-x86_64-linux-gnu.so
7f3350eb0000-7f3350ebf000 r-xp 00000000 00:00 691928             /lib/x86_64-linux-gnu/libbz2.so.1.0.4
7f3350ebf000-7f3350ec1000 ---p 0000f000 00:00 691928             /lib/x86_64-linux-gnu/libbz2.so.1.0.4
7f3350ec1000-7f33510be000 ---p 00000011 00:00 691928             /lib/x86_64-linux-gnu/libbz2.so.1.0.4
7f33510be000-7f33510bf000 r--p 0000e000 00:00 691928             /lib/x86_64-linux-gnu/libbz2.so.1.0.4
7f33510bf000-7f33510c0000 rw-p 0000f000 00:00 691928             /lib/x86_64-linux-gnu/libbz2.so.1.0.4
7f33510c0000-7f33510c4000 r-xp 00000000 00:00 710141             /usr/lib/python3.6/lib-dynload/_bz2.cpython-36m-x86_64-linux-gnu.so
7f33510c4000-7f33510c6000 ---p 00004000 00:00 710141             /usr/lib/python3.6/lib-dynload/_bz2.cpython-36m-x86_64-linux-gnu.so
7f33510c6000-7f33512c3000 ---p 00000006 00:00 710141             /usr/lib/python3.6/lib-dynload/_bz2.cpython-36m-x86_64-linux-gnu.so
7f33512c3000-7f33512c4000 r--p 00003000 00:00 710141             /usr/lib/python3.6/lib-dynload/_bz2.cpython-36m-x86_64-linux-gnu.so
7f33512c4000-7f33512c5000 rw-p 00004000 00:00 710141             /usr/lib/python3.6/lib-dynload/_bz2.cpython-36m-x86_64-linux-gnu.so
7f33512d0000-7f3351410000 rw-p 00000000 00:00 0
7f3351410000-7f3351421000 r-xp 00000000 00:00 710469             /usr/lib/python3.6/lib-dynload/_json.cpython-36m-x86_64-linux-gnu.so
7f3351421000-7f3351423000 ---p 00011000 00:00 710469             /usr/lib/python3.6/lib-dynload/_json.cpython-36m-x86_64-linux-gnu.so
7f3351423000-7f3351620000 ---p 00000013 00:00 710469             /usr/lib/python3.6/lib-dynload/_json.cpython-36m-x86_64-linux-gnu.so
7f3351620000-7f3351621000 r--p 00010000 00:00 710469             /usr/lib/python3.6/lib-dynload/_json.cpython-36m-x86_64-linux-gnu.so
7f3351621000-7f3351622000 rw-p 00011000 00:00 710469             /usr/lib/python3.6/lib-dynload/_json.cpython-36m-x86_64-linux-gnu.so
7f3351630000-7f3351631000 ---p 00000000 00:00 0
7f3351631000-7f3351e31000 rw-p 00000000 00:00 0
7f3351e40000-7f3351e80000 rw-p 00000000 00:00 0
7f3351e80000-7f3351e81000 r-xp 00000000 00:00 710150             /usr/lib/python3.6/lib-dynload/_opcode.cpython-36m-x86_64-linux-gnu.so
7f3351e81000-7f3351e82000 ---p 00001000 00:00 710150             /usr/lib/python3.6/lib-dynload/_opcode.cpython-36m-x86_64-linux-gnu.so
7f3351e82000-7f3352080000 ---p 00000002 00:00 710150             /usr/lib/python3.6/lib-dynload/_opcode.cpython-36m-x86_64-linux-gnu.so
7f3352080000-7f3352081000 r--p 00000000 00:00 710150             /usr/lib/python3.6/lib-dynload/_opcode.cpython-36m-x86_64-linux-gnu.so
7f3352081000-7f3352082000 rw-p 00001000 00:00 710150             /usr/lib/python3.6/lib-dynload/_opcode.cpython-36m-x86_64-linux-gnu.so
7f3352090000-7f33520d0000 rw-p 00000000 00:00 0
7f33520e0000-7f3352120000 rw-p 00000000 00:00 0
7f3352120000-7f3352127000 r-xp 00000000 00:00 692363             /lib/x86_64-linux-gnu/librt-2.27.so
7f3352127000-7f3352128000 ---p 00007000 00:00 692363             /lib/x86_64-linux-gnu/librt-2.27.so
7f3352128000-7f3352326000 ---p 00000008 00:00 692363             /lib/x86_64-linux-gnu/librt-2.27.so
7f3352326000-7f3352327000 r--p 00006000 00:00 692363             /lib/x86_64-linux-gnu/librt-2.27.so
7f3352327000-7f3352328000 rw-p 00007000 00:00 692363             /lib/x86_64-linux-gnu/librt-2.27.so
7f3352330000-7f3352347000 r-xp 00000000 00:00 692244             /lib/x86_64-linux-gnu/libresolv-2.27.so
7f3352347000-7f3352349000 ---p 00017000 00:00 692244             /lib/x86_64-linux-gnu/libresolv-2.27.so
7f3352349000-7f3352547000 ---p 00000019 00:00 692244             /lib/x86_64-linux-gnu/libresolv-2.27.so
7f3352547000-7f3352548000 r--p 00017000 00:00 692244             /lib/x86_64-linux-gnu/libresolv-2.27.so
7f3352548000-7f3352549000 rw-p 00018000 00:00 692244             /lib/x86_64-linux-gnu/libresolv-2.27.so
7f3352549000-7f335254b000 rw-p 00000000 00:00 0
7f3352552000-7f3355b73000 r-xp 00000000 00:00 694114             /home/parkmin/.local/lib/python3.6/site-packages/_frida.cpython-36m-x86_64-linux-gnu.so
7f3355b73000-7f3355d73000 ---p 03621000 00:00 694114             /home/parkmin/.local/lib/python3.6/site-packages/_frida.cpython-36m-x86_64-linux-gnu.so
7f3355d73000-7f3355df8000 rw-p 03621000 00:00 694114             /home/parkmin/.local/lib/python3.6/site-packages/_frida.cpython-36m-x86_64-linux-gnu.so
7f3355df8000-7f3355e80000 rw-p 00000000 00:00 0
7f3355e80000-7f3355e97000 r-xp 00000000 00:00 709938             /lib/x86_64-linux-gnu/libgcc_s.so.1
7f3355e97000-7f3355e98000 ---p 00017000 00:00 709938             /lib/x86_64-linux-gnu/libgcc_s.so.1
7f3355e98000-7f3356096000 ---p 00000018 00:00 709938             /lib/x86_64-linux-gnu/libgcc_s.so.1
7f3356096000-7f3356097000 r--p 00016000 00:00 709938             /lib/x86_64-linux-gnu/libgcc_s.so.1
7f3356097000-7f3356098000 rw-p 00017000 00:00 709938             /lib/x86_64-linux-gnu/libgcc_s.so.1
7f33560a0000-7f3356219000 r-xp 00000000 00:00 709785             /usr/lib/x86_64-linux-gnu/libstdc++.so.6.0.25
7f3356219000-7f3356226000 ---p 00179000 00:00 709785             /usr/lib/x86_64-linux-gnu/libstdc++.so.6.0.25
7f3356226000-7f3356419000 ---p 00000186 00:00 709785             /usr/lib/x86_64-linux-gnu/libstdc++.so.6.0.25
7f3356419000-7f3356423000 r--p 00179000 00:00 709785             /usr/lib/x86_64-linux-gnu/libstdc++.so.6.0.25
7f3356423000-7f3356425000 rw-p 00183000 00:00 709785             /usr/lib/x86_64-linux-gnu/libstdc++.so.6.0.25
7f3356425000-7f3356429000 rw-p 00000000 00:00 0
7f3356430000-7f3356439000 r--p 00000000 00:00 747122             /home/parkmin/.local/lib/python3.6/site-packages/pyjadx.cpython-36m-x86_64-linux-gnu.so
7f3356439000-7f3356477000 r-xp 00009000 00:00 747122             /home/parkmin/.local/lib/python3.6/site-packages/pyjadx.cpython-36m-x86_64-linux-gnu.so
7f3356477000-7f335648c000 r--p 00047000 00:00 747122             /home/parkmin/.local/lib/python3.6/site-packages/pyjadx.cpython-36m-x86_64-linux-gnu.so
7f335648c000-7f335648e000 r--p 0005b000 00:00 747122             /home/parkmin/.local/lib/python3.6/site-packages/pyjadx.cpython-36m-x86_64-linux-gnu.so
7f335648e000-7f335648f000 rw-p 0005d000 00:00 747122             /home/parkmin/.local/lib/python3.6/site-packages/pyjadx.cpython-36m-x86_64-linux-gnu.so
7f3356490000-7f3356595000 rw-p 00000000 00:00 0
7f3356595000-7f335659c000 ---p 00000000 00:00 0
7f33565a0000-7f33565a1000 ---p 00000000 00:00 0
7f33565a1000-7f33565a2000 r--p 00000000 00:00 0
7f33565b0000-7f3356640000 rw-p 00000000 00:00 0
7f3356640000-7f3356641000 rwxp 00000000 00:00 0
7f335664d000-7f33567c0000 r--p 00000000 00:00 705361             /usr/lib/locale/C.UTF-8/LC_COLLATE
7f33567c0000-7f335695d000 r-xp 00000000 00:00 691992             /lib/x86_64-linux-gnu/libm-2.27.so
7f335695d000-7f3356960000 ---p 0019d000 00:00 691992             /lib/x86_64-linux-gnu/libm-2.27.so
7f3356960000-7f3356b5c000 ---p 000001a0 00:00 691992             /lib/x86_64-linux-gnu/libm-2.27.so
7f3356b5c000-7f3356b5d000 r--p 0019c000 00:00 691992             /lib/x86_64-linux-gnu/libm-2.27.so
7f3356b5d000-7f3356b5e000 rw-p 0019d000 00:00 691992             /lib/x86_64-linux-gnu/libm-2.27.so
7f3356b60000-7f3356b7c000 r-xp 00000000 00:00 693619             /lib/x86_64-linux-gnu/libz.so.1.2.11
7f3356b7c000-7f3356b7d000 ---p 0001c000 00:00 693619             /lib/x86_64-linux-gnu/libz.so.1.2.11
7f3356b7d000-7f3356d7b000 ---p 0000001d 00:00 693619             /lib/x86_64-linux-gnu/libz.so.1.2.11
7f3356d7b000-7f3356d7c000 r--p 0001b000 00:00 693619             /lib/x86_64-linux-gnu/libz.so.1.2.11
7f3356d7c000-7f3356d7d000 rw-p 0001c000 00:00 693619             /lib/x86_64-linux-gnu/libz.so.1.2.11
7f3356d80000-7f3356daf000 r-xp 00000000 00:00 740795             /lib/x86_64-linux-gnu/libexpat.so.1.6.7
7f3356daf000-7f3356db2000 ---p 0002f000 00:00 740795             /lib/x86_64-linux-gnu/libexpat.so.1.6.7
7f3356db2000-7f3356faf000 ---p 00000032 00:00 740795             /lib/x86_64-linux-gnu/libexpat.so.1.6.7
7f3356faf000-7f3356fb1000 r--p 0002f000 00:00 740795             /lib/x86_64-linux-gnu/libexpat.so.1.6.7
7f3356fb1000-7f3356fb2000 rw-p 00031000 00:00 740795             /lib/x86_64-linux-gnu/libexpat.so.1.6.7
7f3356fc0000-7f3356fc2000 r-xp 00000000 00:00 693198             /lib/x86_64-linux-gnu/libutil-2.27.so
7f3356fc2000-7f3356fc3000 ---p 00002000 00:00 693198             /lib/x86_64-linux-gnu/libutil-2.27.so
7f3356fc3000-7f33571c1000 ---p 00000003 00:00 693198             /lib/x86_64-linux-gnu/libutil-2.27.so
7f33571c1000-7f33571c2000 r--p 00001000 00:00 693198             /lib/x86_64-linux-gnu/libutil-2.27.so
7f33571c2000-7f33571c3000 rw-p 00002000 00:00 693198             /lib/x86_64-linux-gnu/libutil-2.27.so
7f33571d0000-7f33571d3000 r-xp 00000000 00:00 691952             /lib/x86_64-linux-gnu/libdl-2.27.so
7f33571d3000-7f33571d4000 ---p 00003000 00:00 691952             /lib/x86_64-linux-gnu/libdl-2.27.so
7f33571d4000-7f33573d2000 ---p 00000004 00:00 691952             /lib/x86_64-linux-gnu/libdl-2.27.so
7f33573d2000-7f33573d3000 r--p 00002000 00:00 691952             /lib/x86_64-linux-gnu/libdl-2.27.so
7f33573d3000-7f33573d4000 rw-p 00003000 00:00 691952             /lib/x86_64-linux-gnu/libdl-2.27.so
7f33573e0000-7f33573fa000 r-xp 00000000 00:00 692176             /lib/x86_64-linux-gnu/libpthread-2.27.so
7f33573fa000-7f3357404000 ---p 0001a000 00:00 692176             /lib/x86_64-linux-gnu/libpthread-2.27.so
7f3357404000-7f33575f9000 ---p 00000024 00:00 692176             /lib/x86_64-linux-gnu/libpthread-2.27.so
7f33575f9000-7f33575fa000 r--p 00019000 00:00 692176             /lib/x86_64-linux-gnu/libpthread-2.27.so
7f33575fa000-7f33575fb000 rw-p 0001a000 00:00 692176             /lib/x86_64-linux-gnu/libpthread-2.27.so
7f33575fb000-7f33575ff000 rw-p 00000000 00:00 0
7f3357600000-7f33577e7000 r-xp 00000000 00:00 691929             /lib/x86_64-linux-gnu/libc-2.27.so
7f33577e7000-7f33577f0000 ---p 001e7000 00:00 691929             /lib/x86_64-linux-gnu/libc-2.27.so
7f33577f0000-7f33579e7000 ---p 000001f0 00:00 691929             /lib/x86_64-linux-gnu/libc-2.27.so
7f33579e7000-7f33579eb000 r--p 001e7000 00:00 691929             /lib/x86_64-linux-gnu/libc-2.27.so
7f33579eb000-7f33579ed000 rw-p 001eb000 00:00 691929             /lib/x86_64-linux-gnu/libc-2.27.so
7f33579ed000-7f33579f1000 rw-p 00000000 00:00 0
7f3357a00000-7f3357a26000 r-xp 00000000 00:00 691905             /lib/x86_64-linux-gnu/ld-2.27.so
7f3357a26000-7f3357a27000 r-xp 00026000 00:00 691905             /lib/x86_64-linux-gnu/ld-2.27.so
7f3357a30000-7f3357a80000 rw-p 00000000 00:00 0
7f3357a80000-7f3357a81000 rwxp 00000000 00:00 0
7f3357a8c000-7f3357c27000 r--p 00000000 00:00 705373             /usr/lib/locale/locale-archive
7f3357c27000-7f3357c28000 r--p 00027000 00:00 691905             /lib/x86_64-linux-gnu/ld-2.27.so
7f3357c28000-7f3357c29000 rw-p 00028000 00:00 691905             /lib/x86_64-linux-gnu/ld-2.27.so
7f3357c29000-7f3357c2a000 rw-p 00000000 00:00 0
7f3357c30000-7f3357c31000 r--p 00000000 00:00 0
7f3357c31000-7f3357c32000 rw-p 00000000 00:00 0
7f3357c40000-7f3357c41000 r--p 00000000 00:00 0
7f3357c41000-7f3357c42000 rw-p 00000000 00:00 0
7f3357c50000-7f3357cd0000 rw-p 00000000 00:00 0
7f3357cd0000-7f3357cd1000 r--p 00000000 00:00 0
7f3357cd1000-7f3357cd2000 rw-p 00000000 00:00 0
7f3357cdf000-7f3357d10000 r--p 00000000 00:00 705362             /usr/lib/locale/C.UTF-8/LC_CTYPE
7f3357d10000-7f3357d13000 rw-p 00000000 00:00 0
7f3357d20000-7f3357d22000 rw-p 00000000 00:00 0
7f3357d28000-7f3357d30000 rw-s 00000000 00:00 1908               /tmp/hsperfdata_parkmin/237
7f3357d30000-7f3357d32000 rw-p 00000000 00:00 0
7f3357d34000-7f3357d36000 r--s 00007000 00:00 749998             /usr/share/java/java-atk-wrapper.jar
7f3357d36000-7f3357d37000 r--p 00000000 00:00 705369             /usr/lib/locale/C.UTF-8/LC_NUMERIC
7f3357d37000-7f3357d38000 r--p 00000000 00:00 705372             /usr/lib/locale/C.UTF-8/LC_TIME
7f3357d38000-7f3357d39000 r--p 00000000 00:00 705367             /usr/lib/locale/C.UTF-8/LC_MONETARY
7f3357d39000-7f3357d3a000 r--p 00000000 00:00 705366             /usr/lib/locale/C.UTF-8/LC_MESSAGES/SYS_LC_MESSAGES
7f3357d3a000-7f3357d3b000 r--p 00000000 00:00 705370             /usr/lib/locale/C.UTF-8/LC_PAPER
7f3357d3b000-7f3357d3c000 r--p 00000000 00:00 705368             /usr/lib/locale/C.UTF-8/LC_NAME
7f3357d3c000-7f3357d3d000 r--p 00000000 00:00 705360             /usr/lib/locale/C.UTF-8/LC_ADDRESS
7f3357d3d000-7f3357d3e000 r--p 00000000 00:00 705371             /usr/lib/locale/C.UTF-8/LC_TELEPHONE
7f3357d3e000-7f3357d3f000 r--p 00000000 00:00 705364             /usr/lib/locale/C.UTF-8/LC_MEASUREMENT
7f3357d3f000-7f3357d46000 r--s 00000000 00:00 711295             /usr/lib/x86_64-linux-gnu/gconv/gconv-modules.cache
7f3357d46000-7f3357d47000 r--p 00000000 00:00 705363             /usr/lib/locale/C.UTF-8/LC_IDENTIFICATION
7fffbf904000-7fffc0004000 rw-p 00000000 00:00 0                  [stack]
7fffc0004000-7fffc0008000 ---p 00000000 00:00 0
7fffc0008000-7fffc0104000 rw-p 00000000 00:00 0
7fffc04b6000-7fffc04b7000 r-xp 00000000 00:00 0                  [vdso]


VM Arguments:
java_command: <unknown>
java_class_path (initial): /home/parkmin/.local/lib/python3.6/site-packages/jadx/c3f7a04/smali-2.2.7.jar:/home/parkmin/.local/lib/python3.6/site-packages/jadx/c3f7a04/stringtemplate-3.2.1.jar:/home/parkmin/.local/lib/python3.6/site-packages/jadx/c3f7a04/rxjava2-swing-0.3.7.jar:/home/parkmin/.local/lib/python3.6/site-packages/jadx/c3f7a04/gson-2.8.5.jar:/home/parkmin/.local/lib/python3.6/site-packages/jadx/c3f7a04/asm-7.1.jar:/home/parkmin/.local/lib/python3.6/site-packages/jadx/c3f7a04/guava-28.0-jre.jar:/home/parkmin/.local/lib/python3.6/site-packages/jadx/c3f7a04/dexlib2-2.2.7.jar:/home/parkmin/.local/lib/python3.6/site-packages/jadx/c3f7a04/animal-sniffer-annotations-1.17.jar:/home/parkmin/.local/lib/python3.6/site-packages/jadx/c3f7a04/commons-lang3-3.9.jar:/home/parkmin/.local/lib/python3.6/site-packages/jadx/c3f7a04/apksig-3.4.1.jar:/home/parkmin/.local/lib/python3.6/site-packages/jadx/c3f7a04/jfontchooser-1.0.5.jar:/home/parkmin/.local/lib/python3.6/site-packages/jadx/c3f7a04/rsyntaxtextarea-3.0.3.jar:/home/parkmin/.local/lib/python3.6/site-packages/jadx/c3f7a04/jadx-gui-dev.jar:/home/parkmin/.local/lib/python3.6/site-packages/jadx/c3f7a04/image-viewer-1.2.3.jar:/home/parkmin/.local/lib/python3.6/site-packages/jadx/c3f7a04/failureaccess-1.0.1.jar:/home/parkmin/.local/lib/python3.6/site-packages/jadx/c3f7a04/util-2.2.7.jar:/home/parkmin/.local/lib/python3.6/site-packages/jadx/c3f7a04/slf4j-api-1.7.26.jar:/home/parkmin/.local/lib/python3.6/site-packages/jadx/c3f7a04/baksmali-2.2.7.jar:/home/parkmin/.local/lib/python3.6/site-packages/jadx/c3f7a04/commons-text-1.6.jar:/home/parkmin/.local/lib/python3.6/site-packages/jadx/c3f7a04/rxjava-2.2.10.jar:/home/parkmin/.local/lib/python3.6/site-packages/jadx/c3f7a04/android-29-res.jar:/home/parkmin/.local/lib/python3.6/site-packages/jadx/c3f7a04/antlr-runtime-3.5.2.jar:/home/parkmin/.local/lib/python3.6/site-packages/jadx/c3f7a04/j2objc-annotations-1.3.jar:/home/parkmin/.local/lib/python3.6/site-packages/jadx/c3f7a04/an
Launcher Type: generic

[Global flags]
     intx CICompilerCount                          = 3                                         {product} {ergonomic}
     uint ConcGCThreads                            = 1                                         {product} {ergonomic}
     uint G1ConcRefinementThreads                  = 4                                         {product} {ergonomic}
   size_t G1HeapRegionSize                         = 1048576                                   {product} {ergonomic}
    uintx GCDrainStackTargetSize                   = 64                                        {product} {ergonomic}
   size_t InitialHeapSize                          = 268435456                                 {product} {ergonomic}
   size_t MarkStackSize                            = 4194304                                   {product} {ergonomic}
   size_t MaxHeapSize                              = 4282384384                                {product} {ergonomic}
   size_t MaxNewSize                               = 2569011200                                {product} {ergonomic}
   size_t MinHeapDeltaBytes                        = 1048576                                   {product} {ergonomic}
    uintx NonNMethodCodeHeapSize                   = 5830732                                {pd product} {ergonomic}
    uintx NonProfiledCodeHeapSize                  = 122913754                              {pd product} {ergonomic}
    uintx ProfiledCodeHeapSize                     = 122913754                              {pd product} {ergonomic}
    uintx ReservedCodeCacheSize                    = 251658240                              {pd product} {ergonomic}
     bool SegmentedCodeCache                       = true                                      {product} {ergonomic}
     bool UseCompressedClassPointers               = true                                 {lp64_product} {ergonomic}
     bool UseCompressedOops                        = true                                 {lp64_product} {ergonomic}
     bool UseG1GC                                  = true                                      {product} {ergonomic}

Logging:
Log output configuration:
 #0: stdout all=warning uptime,level,tags
 #1: stderr all=off uptime,level,tags

Environment Variables:
PATH=/home/parkmin/.vscode-server/bin/fe22a9645b44368865c0ba92e2fb881ff1afce94/bin:/home/parkmin/.local/bin:/usr/local/sbin:/usr/local/bin:/usr/sbin:/usr/bin:/sbin:/bin:/usr/games:/usr/local/games:/mnt/c/Program Files (x86)/Common Files/Oracle/Java/javapath:/mnt/c/Program Files/Common Files/Siemens/Automation/Simatic OAM/bin:/mnt/c/Program Files (x86)/NetSarang/Xftp 6/:/mnt/c/Windows/system32:/mnt/c/Windows:/mnt/c/Windows/System32/Wbem:/mnt/c/Windows/System32/WindowsPowerShell/v1.0/:/mnt/c/Windows/System32/OpenSSH/:/mnt/c/Program Files (x86)/Microsoft SQL Server/Client SDK/ODBC/110/Tools/Binn/:/mnt/c/Program Files (x86)/Microsoft SQL Server/120/Tools/Binn/:/mnt/c/Program Files (x86)/Microsoft SQL Server/120/DTS/Binn/:/mnt/c/Users/Argos/AppData/Local/Programs/Python/Python38-32:/mnt/c/Users/Argos/AppData/Local/Programs/Python/Python38-32/Scripts:/mnt/d/Argos/platform-tools:/mnt/c/Python24:/mnt/c/Python24/Scripts:/mnt/c/Program Files/CMake/bin:/mnt/c/Program Files/nodejs/:/mnt/c/Program Files/Git/cmd:/mnt/c/Users/Argos/AppData/Local/Microsoft/WindowsApps:/mnt/c/Program Files/Bandizip/:/mnt/c/Users/Argos/AppData/Local/Programs/Microsoft VS Code/bin:/mnt/c/Program Files/JetBrains/PyCharm Community Edition 2019.3.3/bin:/mnt/c/Users/Argos/AppData/Local/GitHubDesktop/bin:/mnt/c/Users/Argos/AppData/Roaming/npm:/snap/bin
SHELL=/bin/bash
HOSTTYPE=x86_64

Signal Handlers:
SIGSEGV: [libjvm.so+0xdf1470], sa_mask[0]=11111111111111111111111111111110, sa_flags=SA_RESTART|SA_SIGINFO
SIGBUS: [libjvm.so+0xdf1470], sa_mask[0]=11111111111111111111111111111110, sa_flags=SA_RESTART|SA_SIGINFO
SIGFPE: [libjvm.so+0xdf1470], sa_mask[0]=11111111111111111111111111111110, sa_flags=SA_RESTART|SA_SIGINFO
SIGPIPE: [libjvm.so+0xbc5560], sa_mask[0]=11111111111111111111111111111110, sa_flags=SA_RESTART|SA_SIGINFO
SIGXFSZ: [libjvm.so+0xbc5560], sa_mask[0]=11111111111111111111111111111110, sa_flags=SA_RESTART|SA_SIGINFO
SIGILL: [libjvm.so+0xdf1470], sa_mask[0]=11111111111111111111111111111110, sa_flags=SA_RESTART|SA_SIGINFO
SIGUSR2: [libjvm.so+0xbc5400], sa_mask[0]=00000000000000000000000000000000, sa_flags=SA_RESTART|SA_SIGINFO
SIGHUP: [libjvm.so+0xbc5760], sa_mask[0]=11111111111111111111111111111110, sa_flags=SA_RESTART|SA_SIGINFO
SIGINT: [libjvm.so+0xbc5760], sa_mask[0]=11111111111111111111111111111110, sa_flags=SA_RESTART|SA_SIGINFO
SIGTERM: [libjvm.so+0xbc5760], sa_mask[0]=11111111111111111111111111111110, sa_flags=SA_RESTART|SA_SIGINFO
SIGQUIT: [libjvm.so+0xbc5760], sa_mask[0]=11111111111111111111111111111110, sa_flags=SA_RESTART|SA_SIGINFO


---------------  S Y S T E M  ---------------

OS:DISTRIB_ID=Ubuntu
DISTRIB_RELEASE=18.04
DISTRIB_CODENAME=bionic
DISTRIB_DESCRIPTION="Ubuntu 18.04.2 LTS"
uname:Linux 4.4.0-18362-Microsoft #476-Microsoft Fri Nov 01 16:53:00 PST 2019 x86_64
libc:glibc 2.27 NPTL 2.27 
rlimit: STACK 8192k, CORE 0k, NPROC 7823, NOFILE 65536, AS infinity, DATA infinity, FSIZE infinity
load average:0.52 0.58 0.59

/proc/meminfo:
MemTotal:       16727120 kB
MemFree:        11648060 kB
Buffers:           34032 kB
Cached:           188576 kB
SwapCached:            0 kB
Active:           167556 kB
Inactive:         157876 kB
Active(anon):     103104 kB
Inactive(anon):    17440 kB
Active(file):      64452 kB
Inactive(file):   140436 kB
Unevictable:           0 kB
Mlocked:               0 kB
SwapTotal:      50331648 kB
SwapFree:       50331648 kB
Dirty:                 0 kB
Writeback:             0 kB
AnonPages:        102824 kB
Mapped:            71404 kB
Shmem:             17720 kB
Slab:              13868 kB
SReclaimable:       6744 kB
SUnreclaim:         7124 kB
KernelStack:        2848 kB
PageTables:         2524 kB
NFS_Unstable:          0 kB
Bounce:                0 kB
WritebackTmp:          0 kB
CommitLimit:      515524 kB
Committed_AS:    3450064 kB
VmallocTotal:     122880 kB
VmallocUsed:       21296 kB
VmallocChunk:      66044 kB
HardwareCorrupted:     0 kB
AnonHugePages:      2048 kB
HugePages_Total:       0
HugePages_Free:        0
HugePages_Rsvd:        0
HugePages_Surp:        0
Hugepagesize:       2048 kB
DirectMap4k:       12280 kB
DirectMap4M:      897024 kB


/proc/sys/kernel/threads-max (system-wide limit on the number of threads):
32768


/proc/sys/vm/max_map_count (maximum number of memory map areas a process may have):


/proc/sys/kernel/pid_max (system-wide limit on number of process identifiers):
32768



Steal ticks since vm start: 0
Steal ticks percentage since vm start:  0.000

CPU:total 4 (initial active 4) (4 cores per cpu, 1 threads per core) family 6 model 60 stepping 3, cmov, cx8, fxsr, mmx, sse, sse2, sse3, ssse3, sse4.1, sse4.2, popcnt, avx, avx2, aes, clmul, erms, lzcnt, tsc, tscinvbit, bmi1, bmi2, fma
CPU Model and flags from /proc/cpuinfo:
model name	: Intel(R) Core(TM) i5-4690 CPU @ 3.50GHz
flags		: fpu vme de pse tsc msr pae mce cx8 apic sep mtrr pge mca cmov pat pse36 clflush dts acpi mmx fxsr sse sse2 ss ht tm pbe syscall nx pdpe1gb rdtscp lm pni pclmulqdq dtes64 monitor ds_cpl vmx smx est tm2 ssse3 fma cx16 xtpr pdcm pcid sse4_1 sse4_2 x2apic movbe popcnt tsc_deadline_timer aes xsave osxsave avx f16c rdrand lahf_lm abm fsgsbase tsc_adjust bmi1 avx2 smep bmi2 erms invpcid ibrs ibpb stibp ssbd

Memory: 4k page, physical 16727120k(11647992k free), swap 50331648k(50331648k free)

vm_info: OpenJDK 64-Bit Server VM (11.0.6+10-post-Ubuntu-1ubuntu118.04.1) for linux-amd64 JRE (11.0.6+10-post-Ubuntu-1ubuntu118.04.1), built on Jan 15 2020 15:14:00 by "unknown" with gcc 7.4.0

END.
